{
  "{SRC_ROOT}/sample.ts": {
    "path": "{SRC_ROOT}/sample.ts",
    "statementMap": {
      "0": {
        "start": {
          "line": 1,
          "column": 0
        },
        "end": {
          "line": 1,
          "column": 16
        }
      },
      "1": {
        "start": {
          "line": 12,
          "column": 0
        },
        "end": {
          "line": 12,
          "column": 16
        }
      },
      "2": {
        "start": {
          "line": 2,
          "column": 2
        },
        "end": {
          "line": 4,
          "column": 3
        }
      },
      "3": {
        "start": {
          "line": 3,
          "column": 4
        },
        "end": {
          "line": 3,
          "column": 22
        }
      },
      "4": {
        "start": {
          "line": 5,
          "column": 2
        },
        "end": {
          "line": 5,
          "column": 39
        }
      },
      "5": {
        "start": {
          "line": 8,
          "column": 22
        },
        "end": {
          "line": 8,
          "column": 50
        }
      },
      "6": {
        "start": {
          "line": 8,
          "column": 45
        },
        "end": {
          "line": 8,
          "column": 50
        }
      },
      "7": {
        "start": {
          "line": 8,
          "column": 13
        },
        "end": {
          "line": 8,
          "column": 22
        }
      },
      "8": {
        "start": {
          "line": 10,
          "column": 13
        },
        "end": {
          "line": 10,
          "column": 51
        }
      },
      "9": {
        "start": {
          "line": 10,
          "column": 44
        },
        "end": {
          "line": 10,
          "column": 49
        }
      },
      "10": {
        "start": {
          "line": 13,
          "column": 2
        },
        "end": {
          "line": 13,
          "column": 22
        }
      }
    },
    "fnMap": {
      "0": {
        "name": "classify",
        "decl": {
          "start": {
            "line": 1,
            "column": 16
          },
          "end": {
            "line": 1,
            "column": 24
          }
        },
        "loc": {
          "start": {
            "line": 1,
            "column": 34
          },
          "end": {
            "line": 6,
            "column": 1
          }
        }
      },
      "1": {
        "name": "(anonymous_1)",
        "decl": {
          "start": {
            "line": 8,
            "column": 22
          },
          "end": {
            "line": 8,
            "column": 23
          }
        },
        "loc": {
          "start": {
            "line": 8,
            "column": 45
          },
          "end": {
            "line": 8,
            "column": 50
          }
        }
      },
      "2": {
        "name": "(anonymous_2)",
        "decl": {
          "start": {
            "line": 10,
            "column": 37
          },
          "end": {
            "line": 10,
            "column": 38
          }
        },
        "loc": {
          "start": {
            "line": 10,
            "column": 44
          },
          "end": {
            "line": 10,
            "column": 49
          }
        }
      },
      "3": {
        "name": "unused",
        "decl": {
          "start": {
            "line": 12,
            "column": 16
          },
          "end": {
            "line": 12,
            "column": 22
          }
        },
        "loc": {
          "start": {
            "line": 12,
            "column": 36
          },
          "end": {
            "line": 14,
            "column": 1
          }
        }
      }
    },
    "branchMap": {
      "0": {
        "loc": {
          "start": {
            "line": 2,
            "column": 2
          },
          "end": {
            "line": 4,
            "column": 3
          }
        },
        "type": "if",
        "locations": [
          {
            "start": {
              "line": 2,
              "column": 2
            },
            "end": {
              "line": 4,
              "column": 3
            }
          }
        ]
      },
      "1": {
        "loc": {
          "start": {
            "line": 5,
            "column": 9
          },
          "end": {
            "line": 5,
            "column": 38
          }
        },
        "type": "cond-expr",
        "locations": [
          {
            "start": {
              "line": 5,
              "column": 19
            },
            "end": {
              "line": 5,
              "column": 25
            }
          },
          {
            "start": {
              "line": 5,
              "column": 28
            },
            "end": {
              "line": 5,
              "column": 38
            }
          }
        ]
      },
      "2": {
        "loc": {
          "start": {
            "line": 13,
            "column": 9
          },
          "end": {
            "line": 13,
            "column": 21
          }
        },
        "type": "cond-expr",
        "locations": [
          {
            "start": {
              "line": 13,
              "column": 16
            },
            "end": {
              "line": 13,
              "column": 17
            }
          },
          {
            "start": {
              "line": 13,
              "column": 20
            },
            "end": {
              "line": 13,
              "column": 21
            }
          }
        ]
      }
    },
    "s": {
      "0": 1,
      "1": 1,
      "2": 1,
      "3": 0,
      "4": 1,
      "5": 1,
      "6": 1,
      "7": 1,
      "8": 1,
      "9": 3,
      "10": 0
    },
    "f": {
      "0": 1,
      "1": 1,
      "2": 3,
      "3": 0
    },
    "b": {
      "0": [
        0
      ],
      "1": [
        0,
        1
      ],
      "2": [
        0,
        0
      ]
    }
  }
}
