{
  "{SRC_ROOT}/simple.ts": {
    "path": "{SRC_ROOT}/simple.ts",
    "statementMap": {
      "0": { "start": { "line": 4, "column": 2 }, "end": { "line": 4, "column": 15 } }
    },
    "s": { "0": 3 },
    "branchMap": {},
    "b": {},
    "fnMap": {
      "0": {
        "name": "add",
        "decl": { "start": { "line": 3, "column": 16 }, "end": { "line": 3, "column": 19 } },
        "loc": { "start": { "line": 3, "column": 51 }, "end": { "line": 5, "column": 1 } },
        "line": 3
      }
    },
    "f": { "0": 3 },
    "hash": "abc123",
    "contentHash": "deadbeef"
  },
  "{SRC_ROOT}/arrow.ts": {
    "path": "{SRC_ROOT}/arrow.ts",
    "statementMap": {
      "0": { "start": { "line": 1, "column": 0 }, "end": { "line": 1, "column": 44 } },
      "1": { "start": { "line": 1, "column": 37 }, "end": { "line": 1, "column": 42 } },
      "2": { "start": { "line": 2, "column": 0 }, "end": { "line": 2, "column": 46 } },
      "3": { "start": { "line": 2, "column": 35 }, "end": { "line": 2, "column": 44 } }
    },
    "s": { "0": 1, "1": 100, "2": 1, "3": 0 },
    "branchMap": {},
    "b": {},
    "fnMap": {
      "0": {
        "name": "square",
        "decl": { "start": { "line": 1, "column": 13 }, "end": { "line": 1, "column": 19 } },
        "loc": { "start": { "line": 1, "column": 37 }, "end": { "line": 1, "column": 42 } },
        "line": 1
      },
      "1": {
        "name": "cube",
        "decl": { "start": { "line": 2, "column": 13 }, "end": { "line": 2, "column": 17 } },
        "loc": { "start": { "line": 2, "column": 35 }, "end": { "line": 2, "column": 44 } },
        "line": 2
      }
    },
    "f": { "0": 100, "1": 0 }
  },
  "{SRC_ROOT}/Button.tsx": {
    "path": "{SRC_ROOT}/Button.tsx",
    "statementMap": {
      "0": { "start": { "line": 1, "column": 0 }, "end": { "line": 1, "column": 41 } },
      "1": { "start": { "line": 3, "column": 2 }, "end": { "line": 3, "column": 60 } },
      "2": { "start": { "line": 3, "column": 33 }, "end": { "line": 3, "column": 47 } },
      "3": { "start": { "line": 4, "column": 2 }, "end": { "line": 4, "column": 42 } }
    },
    "s": { "0": 1, "1": 5, "2": 5, "3": 5 },
    "branchMap": {},
    "b": {},
    "fnMap": {
      "0": {
        "name": "Button",
        "decl": { "start": { "line": 2, "column": 16 }, "end": { "line": 2, "column": 22 } },
        "loc": { "start": { "line": 2, "column": 60 }, "end": { "line": 5, "column": 1 } },
        "line": 2
      },
      "1": {
        "name": "handle",
        "decl": { "start": { "line": 3, "column": 8 }, "end": { "line": 3, "column": 14 } },
        "loc": { "start": { "line": 3, "column": 33 }, "end": { "line": 3, "column": 47 } },
        "line": 3
      }
    },
    "f": { "0": 5, "1": 5 }
  },
  "{SRC_ROOT}/map.ts": {
    "path": "{SRC_ROOT}/map.ts",
    "statementMap": {
      "0": { "start": { "line": 2, "column": 2 }, "end": { "line": 2, "column": 26 } },
      "1": { "start": { "line": 2, "column": 16 }, "end": { "line": 2, "column": 25 } }
    },
    "s": { "0": 1, "1": 3 },
    "branchMap": {},
    "b": {},
    "fnMap": {
      "0": {
        "name": "increment",
        "decl": { "start": { "line": 1, "column": 16 }, "end": { "line": 1, "column": 25 } },
        "loc": { "start": { "line": 1, "column": 51 }, "end": { "line": 3, "column": 1 } },
        "line": 1
      },
      "1": {
        "name": "(anonymous_1)",
        "decl": { "start": { "line": 2, "column": 16 }, "end": { "line": 2, "column": 17 } },
        "loc": { "start": { "line": 2, "column": 16 }, "end": { "line": 2, "column": 25 } },
        "line": 2
      }
    },
    "f": { "0": 1, "1": 3 }
  },
  "{SRC_ROOT}/mixed.ts": {
    "path": "{SRC_ROOT}/mixed.ts",
    "statementMap": {
      "0": { "start": { "line": 1, "column": 28 }, "end": { "line": 1, "column": 39 } },
      "1": { "start": { "line": 2, "column": 25 }, "end": { "line": 2, "column": 51 } },
      "2": { "start": { "line": 2, "column": 38 }, "end": { "line": 2, "column": 49 } },
      "3": { "start": { "line": 3, "column": 19 }, "end": { "line": 3, "column": 28 } },
      "4": { "start": { "line": 3, "column": 26 }, "end": { "line": 3, "column": 27 } }
    },
    "s": { "0": 1, "1": 1, "2": 1, "3": 1, "4": 1 },
    "branchMap": {},
    "b": {},
    "fnMap": {
      "0": {
        "name": "declared",
        "decl": { "start": { "line": 1, "column": 16 }, "end": { "line": 1, "column": 24 } },
        "loc": { "start": { "line": 1, "column": 27 }, "end": { "line": 1, "column": 40 } },
        "line": 1
      },
      "1": {
        "name": "expression",
        "decl": { "start": { "line": 2, "column": 13 }, "end": { "line": 2, "column": 23 } },
        "loc": { "start": { "line": 2, "column": 36 }, "end": { "line": 2, "column": 52 } },
        "line": 2
      },
      "2": {
        "name": "arrow",
        "decl": { "start": { "line": 3, "column": 13 }, "end": { "line": 3, "column": 18 } },
        "loc": { "start": { "line": 3, "column": 19 }, "end": { "line": 3, "column": 28 } },
        "line": 3
      }
    },
    "f": { "0": 1, "1": 1, "2": 1 }
  }
}
