SF:/Users/cmbays/github/crap4rs/.claude/worktrees/piped-seeking-tulip/src/adapters/complexity/mod.rs
FN:140,_RINvNtNtCs4TDHfvKykJC_7crap4rs8adapters10complexity7span_ofNtNtCslvYyOsUuDkC_3syn4item10ImplItemFnEB6_
FN:140,_RINvNtNtCs4TDHfvKykJC_7crap4rs8adapters10complexity7span_ofNtNtCslvYyOsUuDkC_3syn4item11TraitItemFnEB6_
FN:140,_RINvNtNtCs4TDHfvKykJC_7crap4rs8adapters10complexity7span_ofNtNtCslvYyOsUuDkC_3syn4item6ItemFnEB6_
FN:176,_RNCNvNtNtCs4TDHfvKykJC_7crap4rs8adapters10complexity21count_cognitive_block0B7_
FN:31,_RNCNvXs_NtNtCs4TDHfvKykJC_7crap4rs8adapters10complexityNtB6_20SynComplexityAdapterNtNtBa_5ports14ComplexityPort7extract0Ba_
FN:18,_RNvMNtNtCs4TDHfvKykJC_7crap4rs8adapters10complexityNtB2_20SynComplexityAdapter3new
FN:363,_RNvNtNtCs4TDHfvKykJC_7crap4rs8adapters10complexity14classify_binop
FN:161,_RNvNtNtCs4TDHfvKykJC_7crap4rs8adapters10complexity16count_complexity
FN:148,_RNvNtNtCs4TDHfvKykJC_7crap4rs8adapters10complexity17extract_type_name
FN:274,_RNvNtNtCs4TDHfvKykJC_7crap4rs8adapters10complexity18count_cognitive_if
FN:372,_RNvNtNtCs4TDHfvKykJC_7crap4rs8adapters10complexity18flatten_binary_ops
FN:309,_RNvNtNtCs4TDHfvKykJC_7crap4rs8adapters10complexity20count_cognitive_else
FN:199,_RNvNtNtCs4TDHfvKykJC_7crap4rs8adapters10complexity20count_cognitive_expr
FN:180,_RNvNtNtCs4TDHfvKykJC_7crap4rs8adapters10complexity20count_cognitive_stmt
FN:172,_RNvNtNtCs4TDHfvKykJC_7crap4rs8adapters10complexity21count_cognitive_block
FN:413,_RNvNtNtCs4TDHfvKykJC_7crap4rs8adapters10complexity21count_cyclomatic_expr
FN:394,_RNvNtNtCs4TDHfvKykJC_7crap4rs8adapters10complexity21count_cyclomatic_stmt
FN:390,_RNvNtNtCs4TDHfvKykJC_7crap4rs8adapters10complexity22count_cyclomatic_block
FN:380,_RNvNtNtCs4TDHfvKykJC_7crap4rs8adapters10complexity24flatten_binary_ops_inner
FN:330,_RNvNtNtCs4TDHfvKykJC_7crap4rs8adapters10complexity28count_cognitive_binary_chain
FN:55,_RNvXs0_NtNtCs4TDHfvKykJC_7crap4rs8adapters10complexityNtB5_14FunctionFinderNtNtNtCslvYyOsUuDkC_3syn3gen5visit5Visit13visit_item_fn
FN:76,_RNvXs0_NtNtCs4TDHfvKykJC_7crap4rs8adapters10complexityNtB5_14FunctionFinderNtNtNtCslvYyOsUuDkC_3syn3gen5visit5Visit15visit_item_impl
FN:130,_RNvXs0_NtNtCs4TDHfvKykJC_7crap4rs8adapters10complexityNtB5_14FunctionFinderNtNtNtCslvYyOsUuDkC_3syn3gen5visit5Visit16visit_item_trait
FN:83,_RNvXs0_NtNtCs4TDHfvKykJC_7crap4rs8adapters10complexityNtB5_14FunctionFinderNtNtNtCslvYyOsUuDkC_3syn3gen5visit5Visit18visit_impl_item_fn
FN:105,_RNvXs0_NtNtCs4TDHfvKykJC_7crap4rs8adapters10complexityNtB5_14FunctionFinderNtNtNtCslvYyOsUuDkC_3syn3gen5visit5Visit19visit_trait_item_fn
FN:24,_RNvXs_NtNtCs4TDHfvKykJC_7crap4rs8adapters10complexityNtB4_20SynComplexityAdapterNtNtB8_5ports14ComplexityPort7extract
FN:869,_RNCNvNtNtNtCs4TDHfvKykJC_7crap4rs8adapters10complexity5testss_38trait_method_without_default_not_found0B9_
FN:576,_RNvNtNtNtCs4TDHfvKykJC_7crap4rs8adapters10complexity5testss_13span_accuracy
FN:605,_RNvNtNtNtCs4TDHfvKykJC_7crap4rs8adapters10complexity5testss_17async_fn_detected
FN:615,_RNvNtNtNtCs4TDHfvKykJC_7crap4rs8adapters10complexity5testss_17if_else_cognitive
FN:650,_RNvNtNtNtCs4TDHfvKykJC_7crap4rs8adapters10complexity5testss_18if_else_cyclomatic
FN:796,_RNvNtNtNtCs4TDHfvKykJC_7crap4rs8adapters10complexity5testss_18let_else_cognitive
FN:804,_RNvNtNtNtCs4TDHfvKykJC_7crap4rs8adapters10complexity5testss_19let_else_cyclomatic
FN:640,_RNvNtNtNtCs4TDHfvKykJC_7crap4rs8adapters10complexity5testss_20match_flat_cognitive
FN:658,_RNvNtNtNtCs4TDHfvKykJC_7crap4rs8adapters10complexity5testss_20nested_if_cyclomatic
FN:814,_RNvNtNtNtCs4TDHfvKykJC_7crap4rs8adapters10complexity5testss_21chained_try_cognitive
FN:877,_RNvNtNtNtCs4TDHfvKykJC_7crap4rs8adapters10complexity5testss_21impl_method_no_branch
FN:666,_RNvNtNtNtCs4TDHfvKykJC_7crap4rs8adapters10complexity5testss_21match_arms_cyclomatic
FN:559,_RNvNtNtNtCs4TDHfvKykJC_7crap4rs8adapters10complexity5testss_21top_level_fn_identity
FN:822,_RNvNtNtNtCs4TDHfvKykJC_7crap4rs8adapters10complexity5testss_22chained_try_cyclomatic
FN:760,_RNvNtNtNtCs4TDHfvKykJC_7crap4rs8adapters10complexity5testss_22try_operator_cognitive
FN:884,_RNvNtNtNtCs4TDHfvKykJC_7crap4rs8adapters10complexity5testss_23impl_method_with_branch
FN:729,_RNvNtNtNtCs4TDHfvKykJC_7crap4rs8adapters10complexity5testss_23long_or_chain_cognitive
FN:768,_RNvNtNtNtCs4TDHfvKykJC_7crap4rs8adapters10complexity5testss_23try_operator_cyclomatic
FN:599,_RNvNtNtNtCs4TDHfvKykJC_7crap4rs8adapters10complexity5testss_24multiple_fns_returns_all
FN:778,_RNvNtNtNtCs4TDHfvKykJC_7crap4rs8adapters10complexity5testss_25loop_with_break_cognitive
FN:830,_RNvNtNtNtCs4TDHfvKykJC_7crap4rs8adapters10complexity5testss_26for_iterator_try_cognitive
FN:568,_RNvNtNtNtCs4TDHfvKykJC_7crap4rs8adapters10complexity5testss_26impl_method_qualified_name
FN:786,_RNvNtNtNtCs4TDHfvKykJC_7crap4rs8adapters10complexity5testss_26loop_with_break_cyclomatic
FN:856,_RNvNtNtNtCs4TDHfvKykJC_7crap4rs8adapters10complexity5testss_26trait_default_method_found
FN:721,_RNvNtNtNtCs4TDHfvKykJC_7crap4rs8adapters10complexity5testss_27bool_in_condition_cognitive
FN:747,_RNvNtNtNtCs4TDHfvKykJC_7crap4rs8adapters10complexity5testss_27closure_in_parent_cognitive
FN:838,_RNvNtNtNtCs4TDHfvKykJC_7crap4rs8adapters10complexity5testss_27for_iterator_try_cyclomatic
FN:623,_RNvNtNtNtCs4TDHfvKykJC_7crap4rs8adapters10complexity5testss_27nested_if_cognitive_penalty
FN:689,_RNvNtNtNtCs4TDHfvKykJC_7crap4rs8adapters10complexity5testss_28bool_same_sequence_cognitive
FN:894,_RNvNtNtNtCs4TDHfvKykJC_7crap4rs8adapters10complexity5testss_28invalid_source_returns_error
FN:697,_RNvNtNtNtCs4TDHfvKykJC_7crap4rs8adapters10complexity5testss_29bool_same_sequence_cyclomatic
FN:631,_RNvNtNtNtCs4TDHfvKykJC_7crap4rs8adapters10complexity5testss_29else_is_not_counted_cognitive
FN:846,_RNvNtNtNtCs4TDHfvKykJC_7crap4rs8adapters10complexity5testss_29match_scrutinee_try_cognitive
FN:705,_RNvNtNtNtCs4TDHfvKykJC_7crap4rs8adapters10complexity5testss_30bool_operator_switch_cognitive
FN:737,_RNvNtNtNtCs4TDHfvKykJC_7crap4rs8adapters10complexity5testss_31alternating_operators_cognitive
FN:713,_RNvNtNtNtCs4TDHfvKykJC_7crap4rs8adapters10complexity5testss_31bool_operator_switch_cyclomatic
FN:674,_RNvNtNtNtCs4TDHfvKykJC_7crap4rs8adapters10complexity5testss_35cognitive_gte_cyclomatic_for_nested
FN:543,_RNvNtNtNtCs4TDHfvKykJC_7crap4rs8adapters10complexity5testss_36baseline_complexity_is_one_cognitive
FN:550,_RNvNtNtNtCs4TDHfvKykJC_7crap4rs8adapters10complexity5testss_37baseline_complexity_is_one_cyclomatic
FN:864,_RNvNtNtNtCs4TDHfvKykJC_7crap4rs8adapters10complexity5testss_38trait_method_without_default_not_found
FN:510,_RNCNvNtNtNtCs4TDHfvKykJC_7crap4rs8adapters10complexity12test_helpers12load_fixture0B9_
FN:522,_RNCNvNtNtNtCs4TDHfvKykJC_7crap4rs8adapters10complexity12test_helpers7find_fn0B9_
FN:523,_RNCNvNtNtNtCs4TDHfvKykJC_7crap4rs8adapters10complexity12test_helpers7find_fns_0B9_
FN:507,_RNvNtNtNtCs4TDHfvKykJC_7crap4rs8adapters10complexity12test_helpers12load_fixture
FN:513,_RNvNtNtNtCs4TDHfvKykJC_7crap4rs8adapters10complexity12test_helpers15extract_fixture
FN:503,_RNvNtNtNtCs4TDHfvKykJC_7crap4rs8adapters10complexity12test_helpers7adapter
FN:520,_RNvNtNtNtCs4TDHfvKykJC_7crap4rs8adapters10complexity12test_helpers7find_fn
FN:18,_RNvMNtNtCslv5NRBMwksI_7crap4rs8adapters10complexityNtB2_20SynComplexityAdapter3new
FN:363,_RNvNtNtCslv5NRBMwksI_7crap4rs8adapters10complexity14classify_binop
FN:161,_RNvNtNtCslv5NRBMwksI_7crap4rs8adapters10complexity16count_complexity
FN:148,_RNvNtNtCslv5NRBMwksI_7crap4rs8adapters10complexity17extract_type_name
FN:274,_RNvNtNtCslv5NRBMwksI_7crap4rs8adapters10complexity18count_cognitive_if
FN:372,_RNvNtNtCslv5NRBMwksI_7crap4rs8adapters10complexity18flatten_binary_ops
FN:309,_RNvNtNtCslv5NRBMwksI_7crap4rs8adapters10complexity20count_cognitive_else
FN:199,_RNvNtNtCslv5NRBMwksI_7crap4rs8adapters10complexity20count_cognitive_expr
FN:180,_RNvNtNtCslv5NRBMwksI_7crap4rs8adapters10complexity20count_cognitive_stmt
FN:172,_RNvNtNtCslv5NRBMwksI_7crap4rs8adapters10complexity21count_cognitive_block
FN:413,_RNvNtNtCslv5NRBMwksI_7crap4rs8adapters10complexity21count_cyclomatic_expr
FN:394,_RNvNtNtCslv5NRBMwksI_7crap4rs8adapters10complexity21count_cyclomatic_stmt
FN:390,_RNvNtNtCslv5NRBMwksI_7crap4rs8adapters10complexity22count_cyclomatic_block
FN:380,_RNvNtNtCslv5NRBMwksI_7crap4rs8adapters10complexity24flatten_binary_ops_inner
FN:330,_RNvNtNtCslv5NRBMwksI_7crap4rs8adapters10complexity28count_cognitive_binary_chain
FN:55,_RNvXs0_NtNtCslv5NRBMwksI_7crap4rs8adapters10complexityNtB5_14FunctionFinderNtNtNtCslvYyOsUuDkC_3syn3gen5visit5Visit13visit_item_fn
FN:76,_RNvXs0_NtNtCslv5NRBMwksI_7crap4rs8adapters10complexityNtB5_14FunctionFinderNtNtNtCslvYyOsUuDkC_3syn3gen5visit5Visit15visit_item_impl
FN:130,_RNvXs0_NtNtCslv5NRBMwksI_7crap4rs8adapters10complexityNtB5_14FunctionFinderNtNtNtCslvYyOsUuDkC_3syn3gen5visit5Visit16visit_item_trait
FN:83,_RNvXs0_NtNtCslv5NRBMwksI_7crap4rs8adapters10complexityNtB5_14FunctionFinderNtNtNtCslvYyOsUuDkC_3syn3gen5visit5Visit18visit_impl_item_fn
FN:105,_RNvXs0_NtNtCslv5NRBMwksI_7crap4rs8adapters10complexityNtB5_14FunctionFinderNtNtNtCslvYyOsUuDkC_3syn3gen5visit5Visit19visit_trait_item_fn
FN:24,_RNvXs_NtNtCslv5NRBMwksI_7crap4rs8adapters10complexityNtB4_20SynComplexityAdapterNtNtB8_5ports14ComplexityPort7extract
FN:140,_RINvNtNtCslv5NRBMwksI_7crap4rs8adapters10complexity7span_ofNtNtCslvYyOsUuDkC_3syn4item10ImplItemFnEB6_
FN:140,_RINvNtNtCslv5NRBMwksI_7crap4rs8adapters10complexity7span_ofNtNtCslvYyOsUuDkC_3syn4item11TraitItemFnEB6_
FN:140,_RINvNtNtCslv5NRBMwksI_7crap4rs8adapters10complexity7span_ofNtNtCslvYyOsUuDkC_3syn4item6ItemFnEB6_
FN:176,_RNCNvNtNtCslv5NRBMwksI_7crap4rs8adapters10complexity21count_cognitive_block0B7_
FN:31,_RNCNvXs_NtNtCslv5NRBMwksI_7crap4rs8adapters10complexityNtB6_20SynComplexityAdapterNtNtBa_5ports14ComplexityPort7extract0Ba_
FNDA:486,_RINvNtNtCs4TDHfvKykJC_7crap4rs8adapters10complexity7span_ofNtNtCslvYyOsUuDkC_3syn4item10ImplItemFnEB6_
FNDA:179,_RINvNtNtCs4TDHfvKykJC_7crap4rs8adapters10complexity7span_ofNtNtCslvYyOsUuDkC_3syn4item11TraitItemFnEB6_
FNDA:3405,_RINvNtNtCs4TDHfvKykJC_7crap4rs8adapters10complexity7span_ofNtNtCslvYyOsUuDkC_3syn4item6ItemFnEB6_
FNDA:6037,_RNCNvNtNtCs4TDHfvKykJC_7crap4rs8adapters10complexity21count_cognitive_block0B7_
FNDA:1,_RNCNvXs_NtNtCs4TDHfvKykJC_7crap4rs8adapters10complexityNtB6_20SynComplexityAdapterNtNtBa_5ports14ComplexityPort7extract0Ba_
FNDA:1064,_RNvMNtNtCs4TDHfvKykJC_7crap4rs8adapters10complexityNtB2_20SynComplexityAdapter3new
FNDA:3087,_RNvNtNtCs4TDHfvKykJC_7crap4rs8adapters10complexity14classify_binop
FNDA:4070,_RNvNtNtCs4TDHfvKykJC_7crap4rs8adapters10complexity16count_complexity
FNDA:162,_RNvNtNtCs4TDHfvKykJC_7crap4rs8adapters10complexity17extract_type_name
FNDA:1135,_RNvNtNtCs4TDHfvKykJC_7crap4rs8adapters10complexity18count_cognitive_if
FNDA:2168,_RNvNtNtCs4TDHfvKykJC_7crap4rs8adapters10complexity18flatten_binary_ops
FNDA:0,_RNvNtNtCs4TDHfvKykJC_7crap4rs8adapters10complexity20count_cognitive_else
FNDA:16736,_RNvNtNtCs4TDHfvKykJC_7crap4rs8adapters10complexity20count_cognitive_expr
FNDA:6037,_RNvNtNtCs4TDHfvKykJC_7crap4rs8adapters10complexity20count_cognitive_stmt
FNDA:4712,_RNvNtNtCs4TDHfvKykJC_7crap4rs8adapters10complexity21count_cognitive_block
FNDA:21528,_RNvNtNtCs4TDHfvKykJC_7crap4rs8adapters10complexity21count_cyclomatic_expr
FNDA:5472,_RNvNtNtCs4TDHfvKykJC_7crap4rs8adapters10complexity21count_cyclomatic_stmt
FNDA:4302,_RNvNtNtCs4TDHfvKykJC_7crap4rs8adapters10complexity22count_cyclomatic_block
FNDA:6174,_RNvNtNtCs4TDHfvKykJC_7crap4rs8adapters10complexity24flatten_binary_ops_inner
FNDA:2168,_RNvNtNtCs4TDHfvKykJC_7crap4rs8adapters10complexity28count_cognitive_binary_chain
FNDA:3405,_RNvXs0_NtNtCs4TDHfvKykJC_7crap4rs8adapters10complexityNtB5_14FunctionFinderNtNtNtCslvYyOsUuDkC_3syn3gen5visit5Visit13visit_item_fn
FNDA:162,_RNvXs0_NtNtCs4TDHfvKykJC_7crap4rs8adapters10complexityNtB5_14FunctionFinderNtNtNtCslvYyOsUuDkC_3syn3gen5visit5Visit15visit_item_impl
FNDA:179,_RNvXs0_NtNtCs4TDHfvKykJC_7crap4rs8adapters10complexityNtB5_14FunctionFinderNtNtNtCslvYyOsUuDkC_3syn3gen5visit5Visit16visit_item_trait
FNDA:486,_RNvXs0_NtNtCs4TDHfvKykJC_7crap4rs8adapters10complexityNtB5_14FunctionFinderNtNtNtCslvYyOsUuDkC_3syn3gen5visit5Visit18visit_impl_item_fn
FNDA:358,_RNvXs0_NtNtCs4TDHfvKykJC_7crap4rs8adapters10complexityNtB5_14FunctionFinderNtNtNtCslvYyOsUuDkC_3syn3gen5visit5Visit19visit_trait_item_fn
FNDA:1064,_RNvXs_NtNtCs4TDHfvKykJC_7crap4rs8adapters10complexityNtB4_20SynComplexityAdapterNtNtB8_5ports14ComplexityPort7extract
FNDA:10,_RNCNvNtNtNtCs4TDHfvKykJC_7crap4rs8adapters10complexity5testss_38trait_method_without_default_not_found0B9_
FNDA:1,_RNvNtNtNtCs4TDHfvKykJC_7crap4rs8adapters10complexity5testss_13span_accuracy
FNDA:1,_RNvNtNtNtCs4TDHfvKykJC_7crap4rs8adapters10complexity5testss_17async_fn_detected
FNDA:1,_RNvNtNtNtCs4TDHfvKykJC_7crap4rs8adapters10complexity5testss_17if_else_cognitive
FNDA:1,_RNvNtNtNtCs4TDHfvKykJC_7crap4rs8adapters10complexity5testss_18if_else_cyclomatic
FNDA:1,_RNvNtNtNtCs4TDHfvKykJC_7crap4rs8adapters10complexity5testss_18let_else_cognitive
FNDA:1,_RNvNtNtNtCs4TDHfvKykJC_7crap4rs8adapters10complexity5testss_19let_else_cyclomatic
FNDA:1,_RNvNtNtNtCs4TDHfvKykJC_7crap4rs8adapters10complexity5testss_20match_flat_cognitive
FNDA:1,_RNvNtNtNtCs4TDHfvKykJC_7crap4rs8adapters10complexity5testss_20nested_if_cyclomatic
FNDA:1,_RNvNtNtNtCs4TDHfvKykJC_7crap4rs8adapters10complexity5testss_21chained_try_cognitive
FNDA:1,_RNvNtNtNtCs4TDHfvKykJC_7crap4rs8adapters10complexity5testss_21impl_method_no_branch
FNDA:1,_RNvNtNtNtCs4TDHfvKykJC_7crap4rs8adapters10complexity5testss_21match_arms_cyclomatic
FNDA:1,_RNvNtNtNtCs4TDHfvKykJC_7crap4rs8adapters10complexity5testss_21top_level_fn_identity
FNDA:1,_RNvNtNtNtCs4TDHfvKykJC_7crap4rs8adapters10complexity5testss_22chained_try_cyclomatic
FNDA:1,_RNvNtNtNtCs4TDHfvKykJC_7crap4rs8adapters10complexity5testss_22try_operator_cognitive
FNDA:1,_RNvNtNtNtCs4TDHfvKykJC_7crap4rs8adapters10complexity5testss_23impl_method_with_branch
FNDA:1,_RNvNtNtNtCs4TDHfvKykJC_7crap4rs8adapters10complexity5testss_23long_or_chain_cognitive
FNDA:1,_RNvNtNtNtCs4TDHfvKykJC_7crap4rs8adapters10complexity5testss_23try_operator_cyclomatic
FNDA:1,_RNvNtNtNtCs4TDHfvKykJC_7crap4rs8adapters10complexity5testss_24multiple_fns_returns_all
FNDA:1,_RNvNtNtNtCs4TDHfvKykJC_7crap4rs8adapters10complexity5testss_25loop_with_break_cognitive
FNDA:1,_RNvNtNtNtCs4TDHfvKykJC_7crap4rs8adapters10complexity5testss_26for_iterator_try_cognitive
FNDA:1,_RNvNtNtNtCs4TDHfvKykJC_7crap4rs8adapters10complexity5testss_26impl_method_qualified_name
FNDA:1,_RNvNtNtNtCs4TDHfvKykJC_7crap4rs8adapters10complexity5testss_26loop_with_break_cyclomatic
FNDA:1,_RNvNtNtNtCs4TDHfvKykJC_7crap4rs8adapters10complexity5testss_26trait_default_method_found
FNDA:1,_RNvNtNtNtCs4TDHfvKykJC_7crap4rs8adapters10complexity5testss_27bool_in_condition_cognitive
FNDA:1,_RNvNtNtNtCs4TDHfvKykJC_7crap4rs8adapters10complexity5testss_27closure_in_parent_cognitive
FNDA:1,_RNvNtNtNtCs4TDHfvKykJC_7crap4rs8adapters10complexity5testss_27for_iterator_try_cyclomatic
FNDA:1,_RNvNtNtNtCs4TDHfvKykJC_7crap4rs8adapters10complexity5testss_27nested_if_cognitive_penalty
FNDA:1,_RNvNtNtNtCs4TDHfvKykJC_7crap4rs8adapters10complexity5testss_28bool_same_sequence_cognitive
FNDA:1,_RNvNtNtNtCs4TDHfvKykJC_7crap4rs8adapters10complexity5testss_28invalid_source_returns_error
FNDA:1,_RNvNtNtNtCs4TDHfvKykJC_7crap4rs8adapters10complexity5testss_29bool_same_sequence_cyclomatic
FNDA:1,_RNvNtNtNtCs4TDHfvKykJC_7crap4rs8adapters10complexity5testss_29else_is_not_counted_cognitive
FNDA:1,_RNvNtNtNtCs4TDHfvKykJC_7crap4rs8adapters10complexity5testss_29match_scrutinee_try_cognitive
FNDA:1,_RNvNtNtNtCs4TDHfvKykJC_7crap4rs8adapters10complexity5testss_30bool_operator_switch_cognitive
FNDA:1,_RNvNtNtNtCs4TDHfvKykJC_7crap4rs8adapters10complexity5testss_31alternating_operators_cognitive
FNDA:1,_RNvNtNtNtCs4TDHfvKykJC_7crap4rs8adapters10complexity5testss_31bool_operator_switch_cyclomatic
FNDA:1,_RNvNtNtNtCs4TDHfvKykJC_7crap4rs8adapters10complexity5testss_35cognitive_gte_cyclomatic_for_nested
FNDA:1,_RNvNtNtNtCs4TDHfvKykJC_7crap4rs8adapters10complexity5testss_36baseline_complexity_is_one_cognitive
FNDA:1,_RNvNtNtNtCs4TDHfvKykJC_7crap4rs8adapters10complexity5testss_37baseline_complexity_is_one_cyclomatic
FNDA:1,_RNvNtNtNtCs4TDHfvKykJC_7crap4rs8adapters10complexity5testss_38trait_method_without_default_not_found
FNDA:0,_RNCNvNtNtNtCs4TDHfvKykJC_7crap4rs8adapters10complexity12test_helpers12load_fixture0B9_
FNDA:136,_RNCNvNtNtNtCs4TDHfvKykJC_7crap4rs8adapters10complexity12test_helpers7find_fn0B9_
FNDA:0,_RNCNvNtNtNtCs4TDHfvKykJC_7crap4rs8adapters10complexity12test_helpers7find_fns_0B9_
FNDA:551,_RNvNtNtNtCs4TDHfvKykJC_7crap4rs8adapters10complexity12test_helpers12load_fixture
FNDA:38,_RNvNtNtNtCs4TDHfvKykJC_7crap4rs8adapters10complexity12test_helpers15extract_fixture
FNDA:1064,_RNvNtNtNtCs4TDHfvKykJC_7crap4rs8adapters10complexity12test_helpers7adapter
FNDA:39,_RNvNtNtNtCs4TDHfvKykJC_7crap4rs8adapters10complexity12test_helpers7find_fn
FNDA:4,_RNvMNtNtCslv5NRBMwksI_7crap4rs8adapters10complexityNtB2_20SynComplexityAdapter3new
FNDA:15,_RNvNtNtCslv5NRBMwksI_7crap4rs8adapters10complexity14classify_binop
FNDA:15,_RNvNtNtCslv5NRBMwksI_7crap4rs8adapters10complexity16count_complexity
FNDA:1,_RNvNtNtCslv5NRBMwksI_7crap4rs8adapters10complexity17extract_type_name
FNDA:9,_RNvNtNtCslv5NRBMwksI_7crap4rs8adapters10complexity18count_cognitive_if
FNDA:15,_RNvNtNtCslv5NRBMwksI_7crap4rs8adapters10complexity18flatten_binary_ops
FNDA:0,_RNvNtNtCslv5NRBMwksI_7crap4rs8adapters10complexity20count_cognitive_else
FNDA:45,_RNvNtNtCslv5NRBMwksI_7crap4rs8adapters10complexity20count_cognitive_expr
FNDA:28,_RNvNtNtCslv5NRBMwksI_7crap4rs8adapters10complexity20count_cognitive_stmt
FNDA:27,_RNvNtNtCslv5NRBMwksI_7crap4rs8adapters10complexity21count_cognitive_block
FNDA:32,_RNvNtNtCslv5NRBMwksI_7crap4rs8adapters10complexity21count_cyclomatic_expr
FNDA:11,_RNvNtNtCslv5NRBMwksI_7crap4rs8adapters10complexity21count_cyclomatic_stmt
FNDA:11,_RNvNtNtCslv5NRBMwksI_7crap4rs8adapters10complexity22count_cyclomatic_block
FNDA:30,_RNvNtNtCslv5NRBMwksI_7crap4rs8adapters10complexity24flatten_binary_ops_inner
FNDA:15,_RNvNtNtCslv5NRBMwksI_7crap4rs8adapters10complexity28count_cognitive_binary_chain
FNDA:12,_RNvXs0_NtNtCslv5NRBMwksI_7crap4rs8adapters10complexityNtB5_14FunctionFinderNtNtNtCslvYyOsUuDkC_3syn3gen5visit5Visit13visit_item_fn
FNDA:1,_RNvXs0_NtNtCslv5NRBMwksI_7crap4rs8adapters10complexityNtB5_14FunctionFinderNtNtNtCslvYyOsUuDkC_3syn3gen5visit5Visit15visit_item_impl
FNDA:0,_RNvXs0_NtNtCslv5NRBMwksI_7crap4rs8adapters10complexityNtB5_14FunctionFinderNtNtNtCslvYyOsUuDkC_3syn3gen5visit5Visit16visit_item_trait
FNDA:3,_RNvXs0_NtNtCslv5NRBMwksI_7crap4rs8adapters10complexityNtB5_14FunctionFinderNtNtNtCslvYyOsUuDkC_3syn3gen5visit5Visit18visit_impl_item_fn
FNDA:0,_RNvXs0_NtNtCslv5NRBMwksI_7crap4rs8adapters10complexityNtB5_14FunctionFinderNtNtNtCslvYyOsUuDkC_3syn3gen5visit5Visit19visit_trait_item_fn
FNDA:4,_RNvXs_NtNtCslv5NRBMwksI_7crap4rs8adapters10complexityNtB4_20SynComplexityAdapterNtNtB8_5ports14ComplexityPort7extract
FNDA:3,_RINvNtNtCslv5NRBMwksI_7crap4rs8adapters10complexity7span_ofNtNtCslvYyOsUuDkC_3syn4item10ImplItemFnEB6_
FNDA:0,_RINvNtNtCslv5NRBMwksI_7crap4rs8adapters10complexity7span_ofNtNtCslvYyOsUuDkC_3syn4item11TraitItemFnEB6_
FNDA:12,_RINvNtNtCslv5NRBMwksI_7crap4rs8adapters10complexity7span_ofNtNtCslvYyOsUuDkC_3syn4item6ItemFnEB6_
FNDA:28,_RNCNvNtNtCslv5NRBMwksI_7crap4rs8adapters10complexity21count_cognitive_block0B7_
FNDA:0,_RNCNvXs_NtNtCslv5NRBMwksI_7crap4rs8adapters10complexityNtB6_20SynComplexityAdapterNtNtBa_5ports14ComplexityPort7extract0Ba_
FNF:71
FNH:68
DA:18,1068
DA:19,1068
DA:20,1068
DA:24,1068
DA:25,1068
DA:26,1068
DA:27,1068
DA:28,1068
DA:29,1068
DA:30,1068
DA:31,1068
DA:33,1067
DA:34,1067
DA:35,1067
DA:36,1067
DA:37,1067
DA:38,1067
DA:39,1067
DA:41,1067
DA:42,1068
DA:55,3417
DA:56,3417
DA:57,3417
DA:58,3417
DA:60,3417
DA:61,3417
DA:62,3417
DA:63,3417
DA:64,3417
DA:65,3417
DA:66,3417
DA:67,3417
DA:68,3417
DA:73,3417
DA:74,3417
DA:76,163
DA:77,163
DA:78,163
DA:79,163
DA:80,163
DA:81,163
DA:83,489
DA:84,489
DA:85,489
DA:86,489
DA:87,0
DA:89,489
DA:90,489
DA:92,489
DA:93,489
DA:94,489
DA:95,489
DA:96,489
DA:97,489
DA:98,489
DA:99,489
DA:100,489
DA:102,489
DA:103,489
DA:105,358
DA:107,358
DA:108,179
DA:109,179
DA:110,179
DA:111,0
DA:113,179
DA:114,179
DA:116,179
DA:117,179
DA:118,179
DA:119,179
DA:120,179
DA:121,179
DA:122,179
DA:123,179
DA:124,179
DA:125,179
DA:127,358
DA:128,358
DA:130,179
DA:131,179
DA:132,179
DA:133,179
DA:134,179
DA:135,179
DA:140,4085
DA:141,4085
DA:142,4085
DA:143,4085
DA:144,4085
DA:145,4085
DA:146,4085
DA:148,163
DA:150,163
DA:151,163
DA:153,163
DA:154,0
DA:156,0
DA:157,163
DA:161,4085
DA:162,4085
DA:163,2125
DA:164,1960
DA:167,4085
DA:168,4085
DA:172,4739
DA:173,4739
DA:174,4739
DA:175,4739
DA:176,6065
DA:177,4739
DA:178,4739
DA:180,6065
DA:181,6065
DA:182,5150
DA:183,915
DA:184,915
DA:185,915
DA:186,915
DA:187,915
DA:188,95
DA:189,95
DA:190,95
DA:191,820
DA:192,0
DA:193,915
DA:195,0
DA:197,6065
DA:199,16781
DA:200,16781
DA:201,1144
DA:202,271
DA:203,271
DA:204,271
DA:205,1461
DA:206,1461
DA:207,0
DA:208,1461
DA:209,1461
DA:211,271
DA:213,153
DA:214,153
DA:215,153
DA:216,153
DA:217,153
DA:219,258
DA:220,258
DA:221,258
DA:222,258
DA:223,258
DA:225,95
DA:226,95
DA:227,95
DA:228,95
DA:230,2183
DA:231,475
DA:232,95
DA:233,0
DA:234,190
DA:235,180
DA:236,180
DA:237,180
DA:239,0
DA:242,475
DA:244,475
DA:246,1112
DA:247,1112
DA:248,1112
DA:249,1017
DA:250,1017
DA:251,1112
DA:253,2945
DA:254,2945
DA:255,2945
DA:256,950
DA:257,950
DA:258,2945
DA:260,0
DA:261,0
DA:262,0
DA:263,0
DA:264,0
DA:265,0
DA:267,0
DA:268,85
DA:269,0
DA:270,7120
DA:272,16781
DA:274,1144
DA:276,1144
DA:279,1144
DA:282,1144
DA:285,1144
DA:286,774
DA:287,95
DA:289,95
DA:290,95
DA:291,95
DA:292,95
DA:293,0
DA:294,95
DA:296,679
DA:297,679
DA:298,679
DA:299,679
DA:300,0
DA:301,0
DA:302,0
DA:304,370
DA:306,1144
DA:307,1144
DA:309,0
DA:310,0
DA:311,0
DA:312,0
DA:313,0
DA:314,0
DA:315,0
DA:316,0
DA:317,0
DA:318,0
DA:320,0
DA:322,0
DA:324,0
DA:326,0
DA:330,2183
DA:331,2183
DA:332,2183
DA:333,0
DA:334,2183
DA:336,2183
DA:337,2183
DA:339,3102
DA:340,3102
DA:342,1114
DA:343,883
DA:344,883
DA:345,1114
DA:347,1988
DA:348,1988
DA:349,1988
DA:353,2183
DA:354,2183
DA:363,3102
DA:364,3102
DA:365,652
DA:366,462
DA:367,1988
DA:369,3102
DA:372,2183
DA:373,2183
DA:374,2183
DA:375,2183
DA:376,2183
DA:377,2183
DA:378,2183
DA:380,6204
DA:381,6204
DA:382,919
DA:383,919
DA:384,919
DA:385,5285
DA:386,6204
DA:390,4313
DA:391,4313
DA:392,4313
DA:394,5483
DA:395,5483
DA:396,4670
DA:397,813
DA:398,813
DA:399,813
DA:400,813
DA:401,813
DA:402,84
DA:403,84
DA:404,84
DA:405,729
DA:406,0
DA:407,813
DA:409,0
DA:411,5483
DA:413,21560
DA:414,21560
DA:415,1109
DA:416,1109
DA:417,1109
DA:418,1109
DA:419,1109
DA:420,699
DA:421,699
DA:422,1109
DA:424,246
DA:425,246
DA:426,246
DA:427,1362
DA:428,1362
DA:429,0
DA:430,1362
DA:431,1362
DA:433,246
DA:435,148
DA:436,148
DA:437,148
DA:438,148
DA:439,148
DA:441,229
DA:442,229
DA:443,229
DA:444,229
DA:445,229
DA:447,84
DA:448,2838
DA:449,2838
DA:450,1056
DA:451,1782
DA:453,2838
DA:454,2838
DA:455,2838
DA:457,420
DA:458,783
DA:459,158
DA:460,158
DA:461,158
DA:463,0
DA:466,420
DA:467,1004
DA:468,1004
DA:469,1004
DA:470,920
DA:471,920
DA:472,1004
DA:474,2688
DA:475,2688
DA:476,2688
DA:477,840
DA:478,840
DA:479,2688
DA:481,0
DA:482,0
DA:483,0
DA:484,0
DA:485,0
DA:486,0
DA:488,84
DA:489,0
DA:490,0
DA:491,74
DA:492,0
DA:493,11275
DA:495,21560
DA:503,1064
DA:504,1064
DA:505,1064
DA:507,551
DA:508,551
DA:509,551
DA:510,551
DA:511,551
DA:513,38
DA:514,38
DA:515,38
DA:516,38
DA:517,38
DA:518,38
DA:520,39
DA:521,39
DA:522,136
DA:523,39
DA:524,0
DA:526,0
DA:527,0
DA:528,0
DA:531,39
DA:543,1
DA:544,1
DA:545,1
DA:546,1
DA:547,1
DA:550,1
DA:551,1
DA:552,1
DA:553,1
DA:554,1
DA:559,1
DA:560,1
DA:561,1
DA:562,1
DA:563,1
DA:564,1
DA:565,1
DA:568,1
DA:569,1
DA:570,1
DA:571,1
DA:572,1
DA:573,1
DA:576,1
DA:577,1
DA:578,1
DA:579,1
DA:580,1
DA:581,1
DA:583,1
DA:584,1
DA:585,1
DA:586,1
DA:587,1
DA:588,1
DA:591,1
DA:592,1
DA:593,0
DA:594,0
DA:596,1
DA:599,1
DA:600,1
DA:601,1
DA:602,1
DA:605,1
DA:606,1
DA:607,1
DA:608,1
DA:609,1
DA:610,1
DA:615,1
DA:616,1
DA:617,1
DA:619,1
DA:620,1
DA:623,1
DA:624,1
DA:625,1
DA:627,1
DA:628,1
DA:631,1
DA:633,1
DA:634,1
DA:636,1
DA:637,1
DA:640,1
DA:641,1
DA:642,1
DA:644,1
DA:645,1
DA:650,1
DA:651,1
DA:652,1
DA:654,1
DA:655,1
DA:658,1
DA:659,1
DA:660,1
DA:662,1
DA:663,1
DA:666,1
DA:667,1
DA:668,1
DA:670,1
DA:671,1
DA:674,1
DA:676,1
DA:677,1
DA:678,1
DA:679,1
DA:680,1
DA:681,1
DA:684,1
DA:689,1
DA:690,1
DA:691,1
DA:693,1
DA:694,1
DA:697,1
DA:698,1
DA:699,1
DA:701,1
DA:702,1
DA:705,1
DA:706,1
DA:707,1
DA:709,1
DA:710,1
DA:713,1
DA:714,1
DA:715,1
DA:717,1
DA:718,1
DA:721,1
DA:722,1
DA:723,1
DA:725,1
DA:726,1
DA:729,1
DA:730,1
DA:731,1
DA:733,1
DA:734,1
DA:737,1
DA:738,1
DA:739,1
DA:741,1
DA:742,1
DA:747,1
DA:748,1
DA:749,1
DA:751,1
DA:752,1
DA:755,1
DA:760,1
DA:761,1
DA:762,1
DA:764,1
DA:765,1
DA:768,1
DA:769,1
DA:770,1
DA:772,1
DA:773,1
DA:778,1
DA:779,1
DA:780,1
DA:782,1
DA:783,1
DA:786,1
DA:787,1
DA:788,1
DA:790,1
DA:791,1
DA:796,1
DA:797,1
DA:798,1
DA:800,1
DA:801,1
DA:804,1
DA:805,1
DA:806,1
DA:808,1
DA:809,1
DA:814,1
DA:815,1
DA:816,1
DA:818,1
DA:819,1
DA:822,1
DA:823,1
DA:824,1
DA:826,1
DA:827,1
DA:830,1
DA:831,1
DA:832,1
DA:834,1
DA:835,1
DA:838,1
DA:839,1
DA:840,1
DA:842,1
DA:843,1
DA:846,1
DA:847,1
DA:848,1
DA:850,1
DA:851,1
DA:856,1
DA:857,1
DA:858,1
DA:860,1
DA:861,1
DA:864,1
DA:865,1
DA:867,1
DA:868,1
DA:869,10
DA:872,1
DA:877,1
DA:878,1
DA:879,1
DA:880,1
DA:881,1
DA:884,1
DA:885,1
DA:886,1
DA:888,1
DA:889,1
DA:894,1
DA:895,1
DA:896,1
DA:897,1
DA:898,1
DA:899,0
DA:901,1
BRF:0
BRH:0
LF:597
LH:539
end_of_record
SF:/Users/cmbays/github/crap4rs/.claude/worktrees/piped-seeking-tulip/src/adapters/coverage/mod.rs
FN:361,_RNCNvNtNtNtCs4TDHfvKykJC_7crap4rs8adapters8coverage9proptests11arb_da_line0B9_
FN:365,_RNCNvNtNtNtCs4TDHfvKykJC_7crap4rs8adapters8coverage9proptests14arb_lcov_block0B9_
FN:377,_RNCNvNtNtNtCs4TDHfvKykJC_7crap4rs8adapters8coverage9proptests14arb_lcov_input0B9_
FN:137,_RNvNtNtNtCs4TDHfvKykJC_7crap4rs8adapters8coverage5tests5parse
FN:133,_RNvNtNtNtCs4TDHfvKykJC_7crap4rs8adapters8coverage5tests6parser
FN:159,_RNvNtNtNtCs4TDHfvKykJC_7crap4rs8adapters8coverage5testss_17multiple_da_lines
FN:169,_RNvNtNtNtCs4TDHfvKykJC_7crap4rs8adapters8coverage5testss_21multiple_source_files
FN:149,_RNvNtNtNtCs4TDHfvKykJC_7crap4rs8adapters8coverage5testss_21single_file_single_da
FN:178,_RNvNtNtNtCs4TDHfvKykJC_7crap4rs8adapters8coverage5testss_22hit_count_preservation
FN:307,_RNvNtNtNtCs4TDHfvKykJC_7crap4rs8adapters8coverage5testss_24end_of_record_is_ignored
FN:291,_RNvNtNtNtCs4TDHfvKykJC_7crap4rs8adapters8coverage5testss_25da_line_zero_is_malformed
FN:225,_RNvNtNtNtCs4TDHfvKykJC_7crap4rs8adapters8coverage5testss_27duplicate_da_lines_sum_hits
FN:325,_RNvNtNtNtCs4TDHfvKykJC_7crap4rs8adapters8coverage5testss_30empty_sf_path_emits_diagnostic
FN:142,_RNvNtNtNtCs4TDHfvKykJC_7crap4rs8adapters8coverage5testss_32empty_input_returns_empty_output
FN:246,_RNvNtNtNtCs4TDHfvKykJC_7crap4rs8adapters8coverage5testss_32malformed_da_produces_diagnostic
FN:345,_RNvNtNtNtCs4TDHfvKykJC_7crap4rs8adapters8coverage5testss_32non_coverage_records_are_ignored
FN:192,_RNvNtNtNtCs4TDHfvKykJC_7crap4rs8adapters8coverage5testss_32non_matching_path_passes_through
FN:186,_RNvNtNtNtCs4TDHfvKykJC_7crap4rs8adapters8coverage5testss_32path_normalization_strips_prefix
FN:271,_RNvNtNtNtCs4TDHfvKykJC_7crap4rs8adapters8coverage5testss_33da_missing_hit_count_is_malformed
FN:211,_RNvNtNtNtCs4TDHfvKykJC_7crap4rs8adapters8coverage5testss_33repeated_sf_blocks_merge_coverage
FN:281,_RNvNtNtNtCs4TDHfvKykJC_7crap4rs8adapters8coverage5testss_34da_negative_hit_count_is_malformed
FN:336,_RNvNtNtNtCs4TDHfvKykJC_7crap4rs8adapters8coverage5testss_34da_with_checksum_field_is_accepted
FN:263,_RNvNtNtNtCs4TDHfvKykJC_7crap4rs8adapters8coverage5testss_34malformed_da_does_not_stop_parsing
FN:318,_RNvNtNtNtCs4TDHfvKykJC_7crap4rs8adapters8coverage5testss_35unterminated_final_block_emits_data
FN:198,_RNvNtNtNtCs4TDHfvKykJC_7crap4rs8adapters8coverage5testss_37backslash_normalized_to_forward_slash
FN:234,_RNvNtNtNtCs4TDHfvKykJC_7crap4rs8adapters8coverage5testss_41duplicate_da_multiple_lines_sum_correctly
FN:205,_RNvNtNtNtCs4TDHfvKykJC_7crap4rs8adapters8coverage5testss_46path_boundary_not_confused_by_prefix_substring
FN:117,_RNCNvNtNtCs4TDHfvKykJC_7crap4rs8adapters8coverage11flush_block0B7_
FN:122,_RNCNvNtNtCs4TDHfvKykJC_7crap4rs8adapters8coverage11flush_blocks_0B7_
FN:63,_RNCNvXs_NtNtCs4TDHfvKykJC_7crap4rs8adapters8coverageNtB6_10LcovParserNtNtBa_5ports12CoveragePort5parse0Ba_
FN:360,_RNvNtNtNtCs4TDHfvKykJC_7crap4rs8adapters8coverage9proptests11arb_da_line
FN:364,_RNvNtNtNtCs4TDHfvKykJC_7crap4rs8adapters8coverage9proptests14arb_lcov_block
FN:376,_RNvNtNtNtCs4TDHfvKykJC_7crap4rs8adapters8coverage9proptests14arb_lcov_input
FN:27,_RNvMNtNtCs4TDHfvKykJC_7crap4rs8adapters8coverageNtB2_10LcovParser14normalize_path
FN:23,_RNvMNtNtCs4TDHfvKykJC_7crap4rs8adapters8coverageNtB2_10LcovParser3new
FN:99,_RNvNtNtCs4TDHfvKykJC_7crap4rs8adapters8coverage11flush_block
FN:87,_RNvNtNtCs4TDHfvKykJC_7crap4rs8adapters8coverage8parse_da
FN:40,_RNvXs_NtNtCs4TDHfvKykJC_7crap4rs8adapters8coverageNtB4_10LcovParserNtNtB8_5ports12CoveragePort5parse
FN:117,_RNCNvNtNtCslv5NRBMwksI_7crap4rs8adapters8coverage11flush_block0B7_
FN:122,_RNCNvNtNtCslv5NRBMwksI_7crap4rs8adapters8coverage11flush_blocks_0B7_
FN:63,_RNCNvXs_NtNtCslv5NRBMwksI_7crap4rs8adapters8coverageNtB6_10LcovParserNtNtBa_5ports12CoveragePort5parse0Ba_
FNDA:4731,_RNCNvNtNtNtCs4TDHfvKykJC_7crap4rs8adapters8coverage9proptests11arb_da_line0B9_
FNDA:1024,_RNCNvNtNtNtCs4TDHfvKykJC_7crap4rs8adapters8coverage9proptests14arb_lcov_block0B9_
FNDA:512,_RNCNvNtNtNtCs4TDHfvKykJC_7crap4rs8adapters8coverage9proptests14arb_lcov_input0B9_
FNDA:22,_RNvNtNtNtCs4TDHfvKykJC_7crap4rs8adapters8coverage5tests5parse
FNDA:22,_RNvNtNtNtCs4TDHfvKykJC_7crap4rs8adapters8coverage5tests6parser
FNDA:1,_RNvNtNtNtCs4TDHfvKykJC_7crap4rs8adapters8coverage5testss_17multiple_da_lines
FNDA:1,_RNvNtNtNtCs4TDHfvKykJC_7crap4rs8adapters8coverage5testss_21multiple_source_files
FNDA:1,_RNvNtNtNtCs4TDHfvKykJC_7crap4rs8adapters8coverage5testss_21single_file_single_da
FNDA:1,_RNvNtNtNtCs4TDHfvKykJC_7crap4rs8adapters8coverage5testss_22hit_count_preservation
FNDA:1,_RNvNtNtNtCs4TDHfvKykJC_7crap4rs8adapters8coverage5testss_24end_of_record_is_ignored
FNDA:1,_RNvNtNtNtCs4TDHfvKykJC_7crap4rs8adapters8coverage5testss_25da_line_zero_is_malformed
FNDA:1,_RNvNtNtNtCs4TDHfvKykJC_7crap4rs8adapters8coverage5testss_27duplicate_da_lines_sum_hits
FNDA:1,_RNvNtNtNtCs4TDHfvKykJC_7crap4rs8adapters8coverage5testss_30empty_sf_path_emits_diagnostic
FNDA:1,_RNvNtNtNtCs4TDHfvKykJC_7crap4rs8adapters8coverage5testss_32empty_input_returns_empty_output
FNDA:1,_RNvNtNtNtCs4TDHfvKykJC_7crap4rs8adapters8coverage5testss_32malformed_da_produces_diagnostic
FNDA:1,_RNvNtNtNtCs4TDHfvKykJC_7crap4rs8adapters8coverage5testss_32non_coverage_records_are_ignored
FNDA:1,_RNvNtNtNtCs4TDHfvKykJC_7crap4rs8adapters8coverage5testss_32non_matching_path_passes_through
FNDA:1,_RNvNtNtNtCs4TDHfvKykJC_7crap4rs8adapters8coverage5testss_32path_normalization_strips_prefix
FNDA:1,_RNvNtNtNtCs4TDHfvKykJC_7crap4rs8adapters8coverage5testss_33da_missing_hit_count_is_malformed
FNDA:1,_RNvNtNtNtCs4TDHfvKykJC_7crap4rs8adapters8coverage5testss_33repeated_sf_blocks_merge_coverage
FNDA:1,_RNvNtNtNtCs4TDHfvKykJC_7crap4rs8adapters8coverage5testss_34da_negative_hit_count_is_malformed
FNDA:1,_RNvNtNtNtCs4TDHfvKykJC_7crap4rs8adapters8coverage5testss_34da_with_checksum_field_is_accepted
FNDA:1,_RNvNtNtNtCs4TDHfvKykJC_7crap4rs8adapters8coverage5testss_34malformed_da_does_not_stop_parsing
FNDA:1,_RNvNtNtNtCs4TDHfvKykJC_7crap4rs8adapters8coverage5testss_35unterminated_final_block_emits_data
FNDA:1,_RNvNtNtNtCs4TDHfvKykJC_7crap4rs8adapters8coverage5testss_37backslash_normalized_to_forward_slash
FNDA:1,_RNvNtNtNtCs4TDHfvKykJC_7crap4rs8adapters8coverage5testss_41duplicate_da_multiple_lines_sum_correctly
FNDA:1,_RNvNtNtNtCs4TDHfvKykJC_7crap4rs8adapters8coverage5testss_46path_boundary_not_confused_by_prefix_substring
FNDA:1,_RNCNvNtNtCs4TDHfvKykJC_7crap4rs8adapters8coverage11flush_block0B7_
FNDA:6045,_RNCNvNtNtCs4TDHfvKykJC_7crap4rs8adapters8coverage11flush_blocks_0B7_
FNDA:21,_RNCNvXs_NtNtCs4TDHfvKykJC_7crap4rs8adapters8coverageNtB6_10LcovParserNtNtBa_5ports12CoveragePort5parse0Ba_
FNDA:4,_RNvNtNtNtCs4TDHfvKykJC_7crap4rs8adapters8coverage9proptests11arb_da_line
FNDA:4,_RNvNtNtNtCs4TDHfvKykJC_7crap4rs8adapters8coverage9proptests14arb_lcov_block
FNDA:2,_RNvNtNtNtCs4TDHfvKykJC_7crap4rs8adapters8coverage9proptests14arb_lcov_input
FNDA:1559,_RNvMNtNtCs4TDHfvKykJC_7crap4rs8adapters8coverageNtB2_10LcovParser14normalize_path
FNDA:1047,_RNvMNtNtCs4TDHfvKykJC_7crap4rs8adapters8coverageNtB2_10LcovParser3new
FNDA:2607,_RNvNtNtCs4TDHfvKykJC_7crap4rs8adapters8coverage11flush_block
FNDA:6070,_RNvNtNtCs4TDHfvKykJC_7crap4rs8adapters8coverage8parse_da
FNDA:1047,_RNvXs_NtNtCs4TDHfvKykJC_7crap4rs8adapters8coverageNtB4_10LcovParserNtNtB8_5ports12CoveragePort5parse
FNDA:0,_RNCNvNtNtCslv5NRBMwksI_7crap4rs8adapters8coverage11flush_block0B7_
FNDA:0,_RNCNvNtNtCslv5NRBMwksI_7crap4rs8adapters8coverage11flush_blocks_0B7_
FNDA:0,_RNCNvXs_NtNtCslv5NRBMwksI_7crap4rs8adapters8coverageNtB6_10LcovParserNtNtBa_5ports12CoveragePort5parse0Ba_
FNF:38
FNH:38
DA:23,1047
DA:24,1047
DA:25,1047
DA:27,1559
DA:28,1559
DA:29,1559
DA:30,1559
DA:31,1559
DA:32,1559
DA:33,1559
DA:34,1559
DA:35,1559
DA:36,1559
DA:40,1047
DA:41,1047
DA:42,1047
DA:43,1047
DA:44,1047
DA:46,9441
DA:47,9441
DA:48,1560
DA:50,1560
DA:51,1
DA:52,1
DA:53,1559
DA:54,1559
DA:55,1559
DA:56,7881
DA:57,6071
DA:59,6070
DA:60,6065
DA:61,6065
DA:62,6065
DA:63,6065
DA:64,6065
DA:66,5
DA:67,5
DA:68,5
DA:69,5
DA:70,5
DA:71,5
DA:73,1811
DA:76,1047
DA:78,1047
DA:79,1047
DA:80,1047
DA:81,1047
DA:82,1047
DA:87,6070
DA:88,6070
DA:90,6067
DA:91,6067
DA:92,6067
DA:93,1
DA:94,6066
DA:95,6066
DA:96,6065
DA:97,6070
DA:99,2607
DA:100,2607
DA:101,2607
DA:102,2607
DA:103,2607
DA:104,2607
DA:105,1559
DA:109,1457
DA:110,1457
DA:111,1457
DA:112,2
DA:113,2
DA:114,6044
DA:115,6044
DA:116,6044
DA:117,6044
DA:118,6044
DA:120,1457
DA:121,1457
DA:122,6045
DA:123,1457
DA:124,1150
DA:125,2607
DA:126,2607
DA:133,22
DA:134,22
DA:135,22
DA:137,22
DA:138,22
DA:139,22
DA:142,1
DA:143,1
DA:144,1
DA:145,1
DA:146,1
DA:149,1
DA:150,1
DA:151,1
DA:152,1
DA:153,1
DA:154,1
DA:155,1
DA:156,1
DA:159,1
DA:160,1
DA:161,1
DA:162,1
DA:163,1
DA:164,1
DA:165,1
DA:166,1
DA:169,1
DA:170,1
DA:171,1
DA:172,1
DA:173,1
DA:174,1
DA:175,1
DA:178,1
DA:179,1
DA:180,1
DA:181,1
DA:182,1
DA:183,1
DA:186,1
DA:187,1
DA:188,1
DA:189,1
DA:192,1
DA:193,1
DA:194,1
DA:195,1
DA:198,1
DA:199,1
DA:200,1
DA:201,1
DA:202,1
DA:205,1
DA:206,1
DA:207,1
DA:208,1
DA:211,1
DA:212,1
DA:213,1
DA:214,1
DA:215,1
DA:216,1
DA:217,1
DA:218,1
DA:219,1
DA:220,1
DA:221,1
DA:222,1
DA:225,1
DA:226,1
DA:227,1
DA:228,1
DA:229,1
DA:230,1
DA:231,1
DA:234,1
DA:235,1
DA:236,1
DA:238,1
DA:239,1
DA:240,1
DA:241,1
DA:242,1
DA:243,1
DA:246,1
DA:247,1
DA:248,1
DA:249,1
DA:250,1
DA:252,1
DA:253,1
DA:255,1
DA:256,1
DA:258,0
DA:260,1
DA:263,1
DA:264,1
DA:265,1
DA:266,1
DA:267,1
DA:268,1
DA:271,1
DA:272,1
DA:273,1
DA:274,1
DA:275,1
DA:278,1
DA:281,1
DA:282,1
DA:283,1
DA:284,1
DA:285,1
DA:288,1
DA:291,1
DA:292,1
DA:293,1
DA:294,1
DA:296,1
DA:297,1
DA:299,1
DA:300,1
DA:302,0
DA:304,1
DA:307,1
DA:308,1
DA:309,1
DA:310,1
DA:311,1
DA:312,1
DA:313,1
DA:315,1
DA:318,1
DA:319,1
DA:320,1
DA:321,1
DA:322,1
DA:325,1
DA:326,1
DA:327,1
DA:328,1
DA:329,1
DA:330,1
DA:333,1
DA:336,1
DA:337,1
DA:338,1
DA:339,1
DA:340,1
DA:341,1
DA:342,1
DA:345,1
DA:346,1
DA:347,1
DA:349,1
DA:350,1
DA:351,1
DA:352,1
DA:360,4
DA:361,4731
DA:362,4
DA:364,4
DA:365,1024
DA:366,1024
DA:367,4731
DA:368,4731
DA:369,4731
DA:370,4731
DA:371,1024
DA:372,1024
DA:373,1024
DA:374,4
DA:376,2
DA:377,512
DA:378,2
BRF:0
BRH:0
LF:263
LH:261
end_of_record
SF:/Users/cmbays/github/crap4rs/.claude/worktrees/piped-seeking-tulip/src/cli/mod.rs
FN:238,_RNvNtCsf1pwSVNL9SQ_7crap4rs3cli11apply_color
FN:190,_RNvNtCsf1pwSVNL9SQ_7crap4rs3cli15validate_inputs
FN:164,_RNvNtCsf1pwSVNL9SQ_7crap4rs3cli3run
FN:175,_RNvNtCsf1pwSVNL9SQ_7crap4rs3cli9run_inner
FN:27,_RNvXNtCsf1pwSVNL9SQ_7crap4rs3cliNtNtNtCslv5NRBMwksI_7crap4rs6domain5types16ComplexityMetricINtNtCsbUtogaBoXXO_4core7convert4FromNtB2_9MetricArgE4from
FN:27,_RNvXNtCs3FtL4F4AQ0l_7crap4rs3cliNtNtNtCslv5NRBMwksI_7crap4rs6domain5types16ComplexityMetricINtNtCsbUtogaBoXXO_4core7convert4FromNtB2_9MetricArgE4from
FN:238,_RNvNtCs3FtL4F4AQ0l_7crap4rs3cli11apply_color
FN:190,_RNvNtCs3FtL4F4AQ0l_7crap4rs3cli15validate_inputs
FN:164,_RNvNtCs3FtL4F4AQ0l_7crap4rs3cli3run
FN:175,_RNvNtCs3FtL4F4AQ0l_7crap4rs3cli9run_inner
FN:252,_RNvNtNtCs3FtL4F4AQ0l_7crap4rs3cli5tests5parse
FN:314,_RNvNtNtCs3FtL4F4AQ0l_7crap4rs3cli5testss_10custom_src
FN:352,_RNvNtNtCs3FtL4F4AQ0l_7crap4rs3cli5testss_10quiet_flag
FN:364,_RNvNtNtCs3FtL4F4AQ0l_7crap4rs3cli5testss_11color_never
FN:302,_RNvNtNtCs3FtL4F4AQ0l_7crap4rs3cli5testss_11format_json
FN:358,_RNvNtNtCs3FtL4F4AQ0l_7crap4rs3cli5testss_12color_always
FN:346,_RNvNtNtCs3FtL4F4AQ0l_7crap4rs3cli5testss_12verbose_flag
FN:308,_RNvNtNtCs3FtL4F4AQ0l_7crap4rs3cli5testss_16custom_threshold
FN:452,_RNvNtNtCs3FtL4F4AQ0l_7crap4rs3cli5testss_17format_short_flag
FN:296,_RNvNtNtCs3FtL4F4AQ0l_7crap4rs3cli5testss_17metric_cyclomatic
FN:334,_RNvNtNtCs3FtL4F4AQ0l_7crap4rs3cli5testss_17no_gitignore_flag
FN:340,_RNvNtNtCs3FtL4F4AQ0l_7crap4rs3cli5testss_17only_failing_flag
FN:320,_RNvNtNtCs3FtL4F4AQ0l_7crap4rs3cli5testss_18exclude_repeatable
FN:265,_RNvNtNtCs3FtL4F4AQ0l_7crap4rs3cli5testss_18minimal_valid_args
FN:290,_RNvNtNtCs3FtL4F4AQ0l_7crap4rs3cli5testss_21default_color_is_auto
FN:259,_RNvNtNtCs3FtL4F4AQ0l_7crap4rs3cli5testss_21required_coverage_arg
FN:278,_RNvNtNtCs3FtL4F4AQ0l_7crap4rs3cli5testss_23default_format_is_table
FN:376,_RNvNtNtCs3FtL4F4AQ0l_7crap4rs3cli5testss_23invalid_format_rejected
FN:370,_RNvNtNtCs3FtL4F4AQ0l_7crap4rs3cli5testss_23invalid_metric_rejected
FN:420,_RNvNtNtCs3FtL4F4AQ0l_7crap4rs3cli5testss_23validate_zero_threshold
FN:403,_RNvNtNtCs3FtL4F4AQ0l_7crap4rs3cli5testss_24validate_missing_src_dir
FN:272,_RNvNtNtCs3FtL4F4AQ0l_7crap4rs3cli5testss_27default_metric_is_cognitive
FN:428,_RNvNtNtCs3FtL4F4AQ0l_7crap4rs3cli5testss_27validate_infinity_threshold
FN:412,_RNvNtNtCs3FtL4F4AQ0l_7crap4rs3cli5testss_27validate_negative_threshold
FN:436,_RNvNtNtCs3FtL4F4AQ0l_7crap4rs3cli5testss_28validate_src_is_file_not_dir
FN:382,_RNvNtNtCs3FtL4F4AQ0l_7crap4rs3cli5testss_30metric_arg_to_domain_cognitive
FN:394,_RNvNtNtCs3FtL4F4AQ0l_7crap4rs3cli5testss_30validate_missing_coverage_file
FN:388,_RNvNtNtCs3FtL4F4AQ0l_7crap4rs3cli5testss_31metric_arg_to_domain_cyclomatic
FN:458,_RNvNtNtCs3FtL4F4AQ0l_7crap4rs3cli5testss_32color_overrides_set_global_state
FN:284,_RNvNtNtCs3FtL4F4AQ0l_7crap4rs3cli5testss_32default_threshold_matches_domain
FN:444,_RNvNtNtCs3FtL4F4AQ0l_7crap4rs3cli5testss_33validate_coverage_is_dir_not_file
FNDA:0,_RNvNtCsf1pwSVNL9SQ_7crap4rs3cli11apply_color
FNDA:0,_RNvNtCsf1pwSVNL9SQ_7crap4rs3cli15validate_inputs
FNDA:0,_RNvNtCsf1pwSVNL9SQ_7crap4rs3cli3run
FNDA:0,_RNvNtCsf1pwSVNL9SQ_7crap4rs3cli9run_inner
FNDA:0,_RNvXNtCsf1pwSVNL9SQ_7crap4rs3cliNtNtNtCslv5NRBMwksI_7crap4rs6domain5types16ComplexityMetricINtNtCsbUtogaBoXXO_4core7convert4FromNtB2_9MetricArgE4from
FNDA:2,_RNvXNtCs3FtL4F4AQ0l_7crap4rs3cliNtNtNtCslv5NRBMwksI_7crap4rs6domain5types16ComplexityMetricINtNtCsbUtogaBoXXO_4core7convert4FromNtB2_9MetricArgE4from
FNDA:3,_RNvNtCs3FtL4F4AQ0l_7crap4rs3cli11apply_color
FNDA:7,_RNvNtCs3FtL4F4AQ0l_7crap4rs3cli15validate_inputs
FNDA:0,_RNvNtCs3FtL4F4AQ0l_7crap4rs3cli3run
FNDA:0,_RNvNtCs3FtL4F4AQ0l_7crap4rs3cli9run_inner
FNDA:27,_RNvNtNtCs3FtL4F4AQ0l_7crap4rs3cli5tests5parse
FNDA:1,_RNvNtNtCs3FtL4F4AQ0l_7crap4rs3cli5testss_10custom_src
FNDA:1,_RNvNtNtCs3FtL4F4AQ0l_7crap4rs3cli5testss_10quiet_flag
FNDA:1,_RNvNtNtCs3FtL4F4AQ0l_7crap4rs3cli5testss_11color_never
FNDA:1,_RNvNtNtCs3FtL4F4AQ0l_7crap4rs3cli5testss_11format_json
FNDA:1,_RNvNtNtCs3FtL4F4AQ0l_7crap4rs3cli5testss_12color_always
FNDA:1,_RNvNtNtCs3FtL4F4AQ0l_7crap4rs3cli5testss_12verbose_flag
FNDA:1,_RNvNtNtCs3FtL4F4AQ0l_7crap4rs3cli5testss_16custom_threshold
FNDA:1,_RNvNtNtCs3FtL4F4AQ0l_7crap4rs3cli5testss_17format_short_flag
FNDA:1,_RNvNtNtCs3FtL4F4AQ0l_7crap4rs3cli5testss_17metric_cyclomatic
FNDA:1,_RNvNtNtCs3FtL4F4AQ0l_7crap4rs3cli5testss_17no_gitignore_flag
FNDA:1,_RNvNtNtCs3FtL4F4AQ0l_7crap4rs3cli5testss_17only_failing_flag
FNDA:1,_RNvNtNtCs3FtL4F4AQ0l_7crap4rs3cli5testss_18exclude_repeatable
FNDA:1,_RNvNtNtCs3FtL4F4AQ0l_7crap4rs3cli5testss_18minimal_valid_args
FNDA:1,_RNvNtNtCs3FtL4F4AQ0l_7crap4rs3cli5testss_21default_color_is_auto
FNDA:1,_RNvNtNtCs3FtL4F4AQ0l_7crap4rs3cli5testss_21required_coverage_arg
FNDA:1,_RNvNtNtCs3FtL4F4AQ0l_7crap4rs3cli5testss_23default_format_is_table
FNDA:1,_RNvNtNtCs3FtL4F4AQ0l_7crap4rs3cli5testss_23invalid_format_rejected
FNDA:1,_RNvNtNtCs3FtL4F4AQ0l_7crap4rs3cli5testss_23invalid_metric_rejected
FNDA:1,_RNvNtNtCs3FtL4F4AQ0l_7crap4rs3cli5testss_23validate_zero_threshold
FNDA:1,_RNvNtNtCs3FtL4F4AQ0l_7crap4rs3cli5testss_24validate_missing_src_dir
FNDA:1,_RNvNtNtCs3FtL4F4AQ0l_7crap4rs3cli5testss_27default_metric_is_cognitive
FNDA:1,_RNvNtNtCs3FtL4F4AQ0l_7crap4rs3cli5testss_27validate_infinity_threshold
FNDA:1,_RNvNtNtCs3FtL4F4AQ0l_7crap4rs3cli5testss_27validate_negative_threshold
FNDA:1,_RNvNtNtCs3FtL4F4AQ0l_7crap4rs3cli5testss_28validate_src_is_file_not_dir
FNDA:1,_RNvNtNtCs3FtL4F4AQ0l_7crap4rs3cli5testss_30metric_arg_to_domain_cognitive
FNDA:1,_RNvNtNtCs3FtL4F4AQ0l_7crap4rs3cli5testss_30validate_missing_coverage_file
FNDA:1,_RNvNtNtCs3FtL4F4AQ0l_7crap4rs3cli5testss_31metric_arg_to_domain_cyclomatic
FNDA:1,_RNvNtNtCs3FtL4F4AQ0l_7crap4rs3cli5testss_32color_overrides_set_global_state
FNDA:1,_RNvNtNtCs3FtL4F4AQ0l_7crap4rs3cli5testss_32default_threshold_matches_domain
FNDA:1,_RNvNtNtCs3FtL4F4AQ0l_7crap4rs3cli5testss_33validate_coverage_is_dir_not_file
FNF:36
FNH:34
DA:27,2
DA:28,2
DA:29,1
DA:30,1
DA:32,2
DA:164,0
DA:165,0
DA:166,0
DA:167,0
DA:168,0
DA:169,0
DA:170,0
DA:173,0
DA:175,0
DA:176,0
DA:178,0
DA:179,0
DA:182,0
DA:186,0
DA:190,7
DA:191,7
DA:192,6
DA:193,1
DA:196,1
DA:198,1
DA:201,1
DA:203,0
DA:206,0
DA:209,5
DA:210,4
DA:211,1
DA:214,1
DA:216,1
DA:219,1
DA:221,0
DA:224,0
DA:227,3
DA:228,3
DA:232,0
DA:233,0
DA:234,7
DA:238,3
DA:239,3
DA:240,1
DA:241,1
DA:242,1
DA:244,3
DA:252,27
DA:253,27
DA:254,27
DA:255,27
DA:256,27
DA:259,1
DA:260,1
DA:261,1
DA:262,1
DA:265,1
DA:266,1
DA:267,1
DA:268,1
DA:269,1
DA:272,1
DA:273,1
DA:274,1
DA:275,1
DA:278,1
DA:279,1
DA:280,1
DA:281,1
DA:284,1
DA:285,1
DA:286,1
DA:287,1
DA:290,1
DA:291,1
DA:292,1
DA:293,1
DA:296,1
DA:297,1
DA:298,1
DA:299,1
DA:302,1
DA:303,1
DA:304,1
DA:305,1
DA:308,1
DA:309,1
DA:310,1
DA:311,1
DA:314,1
DA:315,1
DA:316,1
DA:317,1
DA:320,1
DA:321,1
DA:322,1
DA:323,1
DA:324,1
DA:325,1
DA:326,1
DA:327,1
DA:328,1
DA:329,1
DA:330,1
DA:331,1
DA:334,1
DA:335,1
DA:336,1
DA:337,1
DA:340,1
DA:341,1
DA:342,1
DA:343,1
DA:346,1
DA:347,1
DA:348,1
DA:349,1
DA:352,1
DA:353,1
DA:354,1
DA:355,1
DA:358,1
DA:359,1
DA:360,1
DA:361,1
DA:364,1
DA:365,1
DA:366,1
DA:367,1
DA:370,1
DA:371,1
DA:372,1
DA:373,1
DA:376,1
DA:377,1
DA:378,1
DA:379,1
DA:382,1
DA:383,1
DA:384,1
DA:385,1
DA:388,1
DA:389,1
DA:390,1
DA:391,1
DA:394,1
DA:395,1
DA:396,1
DA:397,1
DA:398,1
DA:399,1
DA:400,1
DA:403,1
DA:405,1
DA:406,1
DA:407,1
DA:408,1
DA:409,1
DA:412,1
DA:413,1
DA:414,1
DA:415,1
DA:416,1
DA:417,1
DA:420,1
DA:421,1
DA:422,1
DA:423,1
DA:424,1
DA:425,1
DA:428,1
DA:429,1
DA:430,1
DA:431,1
DA:432,1
DA:433,1
DA:436,1
DA:437,1
DA:438,1
DA:439,1
DA:440,1
DA:441,1
DA:444,1
DA:445,1
DA:446,1
DA:447,1
DA:448,1
DA:449,1
DA:452,1
DA:453,1
DA:454,1
DA:455,1
DA:458,1
DA:462,1
DA:463,1
DA:465,1
DA:466,1
DA:468,1
DA:469,1
BRF:0
BRH:0
LF:199
LH:179
end_of_record
SF:/Users/cmbays/github/crap4rs/.claude/worktrees/piped-seeking-tulip/src/domain/crap.rs
FN:104,_RNvNtNtNtCs4TDHfvKykJC_7crap4rs6domain4crap5testss_23rejects_zero_complexity
FN:114,_RNvNtNtNtCs4TDHfvKykJC_7crap4rs6domain4crap5testss_25clamps_coverage_above_100
FN:109,_RNvNtNtNtCs4TDHfvKykJC_7crap4rs6domain4crap5testss_25rejects_infinite_coverage
FN:120,_RNvNtNtNtCs4TDHfvKykJC_7crap4rs6domain4crap5testss_26clamps_coverage_below_zero
FN:63,_RNvNtNtNtCs4TDHfvKykJC_7crap4rs6domain4crap5testss_30complex_function_fully_covered
FN:70,_RNvNtNtNtCs4TDHfvKykJC_7crap4rs6domain4crap5testss_30complex_function_zero_coverage
FN:49,_RNvNtNtNtCs4TDHfvKykJC_7crap4rs6domain4crap5testss_30trivial_function_fully_covered
FN:56,_RNvNtNtNtCs4TDHfvKykJC_7crap4rs6domain4crap5testss_30trivial_function_zero_coverage
FN:98,_RNvNtNtNtCs4TDHfvKykJC_7crap4rs6domain4crap5testss_32threshold_boundary_moderate_high
FN:85,_RNvNtNtNtCs4TDHfvKykJC_7crap4rs6domain4crap5testss_33threshold_boundary_low_acceptable
FN:129,_RNvNtNtNtCs4TDHfvKykJC_7crap4rs6domain4crap5testss_36crap4ts_oracle_moderate_half_covered
FN:77,_RNvNtNtNtCs4TDHfvKykJC_7crap4rs6domain4crap5testss_36moderate_complexity_partial_coverage
FN:92,_RNvNtNtNtCs4TDHfvKykJC_7crap4rs6domain4crap5testss_38threshold_boundary_acceptable_moderate
FN:135,_RNvNtNtNtCs4TDHfvKykJC_7crap4rs6domain4crap5testss_45crap4ts_oracle_high_complexity_mostly_covered
FN:28,_RNvNtNtCs4TDHfvKykJC_7crap4rs6domain4crap10round_to_2
FN:9,_RNvNtNtCs4TDHfvKykJC_7crap4rs6domain4crap12compute_crap
FN:32,_RNvNtNtCs4TDHfvKykJC_7crap4rs6domain4crap13classify_risk
FN:28,_RNvNtNtCslv5NRBMwksI_7crap4rs6domain4crap10round_to_2
FN:9,_RNvNtNtCslv5NRBMwksI_7crap4rs6domain4crap12compute_crap
FN:32,_RNvNtNtCslv5NRBMwksI_7crap4rs6domain4crap13classify_risk
FNDA:1,_RNvNtNtNtCs4TDHfvKykJC_7crap4rs6domain4crap5testss_23rejects_zero_complexity
FNDA:1,_RNvNtNtNtCs4TDHfvKykJC_7crap4rs6domain4crap5testss_25clamps_coverage_above_100
FNDA:1,_RNvNtNtNtCs4TDHfvKykJC_7crap4rs6domain4crap5testss_25rejects_infinite_coverage
FNDA:1,_RNvNtNtNtCs4TDHfvKykJC_7crap4rs6domain4crap5testss_26clamps_coverage_below_zero
FNDA:1,_RNvNtNtNtCs4TDHfvKykJC_7crap4rs6domain4crap5testss_30complex_function_fully_covered
FNDA:1,_RNvNtNtNtCs4TDHfvKykJC_7crap4rs6domain4crap5testss_30complex_function_zero_coverage
FNDA:1,_RNvNtNtNtCs4TDHfvKykJC_7crap4rs6domain4crap5testss_30trivial_function_fully_covered
FNDA:1,_RNvNtNtNtCs4TDHfvKykJC_7crap4rs6domain4crap5testss_30trivial_function_zero_coverage
FNDA:1,_RNvNtNtNtCs4TDHfvKykJC_7crap4rs6domain4crap5testss_32threshold_boundary_moderate_high
FNDA:1,_RNvNtNtNtCs4TDHfvKykJC_7crap4rs6domain4crap5testss_33threshold_boundary_low_acceptable
FNDA:1,_RNvNtNtNtCs4TDHfvKykJC_7crap4rs6domain4crap5testss_36crap4ts_oracle_moderate_half_covered
FNDA:1,_RNvNtNtNtCs4TDHfvKykJC_7crap4rs6domain4crap5testss_36moderate_complexity_partial_coverage
FNDA:1,_RNvNtNtNtCs4TDHfvKykJC_7crap4rs6domain4crap5testss_38threshold_boundary_acceptable_moderate
FNDA:1,_RNvNtNtNtCs4TDHfvKykJC_7crap4rs6domain4crap5testss_45crap4ts_oracle_high_complexity_mostly_covered
FNDA:9,_RNvNtNtCs4TDHfvKykJC_7crap4rs6domain4crap10round_to_2
FNDA:11,_RNvNtNtCs4TDHfvKykJC_7crap4rs6domain4crap12compute_crap
FNDA:15,_RNvNtNtCs4TDHfvKykJC_7crap4rs6domain4crap13classify_risk
FNDA:0,_RNvNtNtCslv5NRBMwksI_7crap4rs6domain4crap10round_to_2
FNDA:0,_RNvNtNtCslv5NRBMwksI_7crap4rs6domain4crap12compute_crap
FNDA:0,_RNvNtNtCslv5NRBMwksI_7crap4rs6domain4crap13classify_risk
FNF:17
FNH:17
DA:9,11
DA:10,11
DA:11,1
DA:12,10
DA:13,10
DA:14,1
DA:15,9
DA:17,9
DA:18,9
DA:19,9
DA:20,9
DA:22,9
DA:23,9
DA:24,9
DA:25,9
DA:26,11
DA:28,9
DA:29,9
DA:30,9
DA:32,15
DA:33,15
DA:34,4
DA:35,11
DA:36,3
DA:37,8
DA:38,6
DA:40,2
DA:42,15
DA:49,1
DA:50,1
DA:51,1
DA:52,1
DA:53,1
DA:56,1
DA:57,1
DA:58,1
DA:59,1
DA:60,1
DA:63,1
DA:64,1
DA:65,1
DA:66,1
DA:67,1
DA:70,1
DA:71,1
DA:72,1
DA:73,1
DA:74,1
DA:77,1
DA:79,1
DA:80,1
DA:81,1
DA:82,1
DA:85,1
DA:87,1
DA:88,1
DA:89,1
DA:92,1
DA:93,1
DA:94,1
DA:95,1
DA:98,1
DA:99,1
DA:100,1
DA:101,1
DA:104,1
DA:105,1
DA:106,1
DA:109,1
DA:110,1
DA:111,1
DA:114,1
DA:115,1
DA:116,1
DA:117,1
DA:120,1
DA:121,1
DA:122,1
DA:123,1
DA:129,1
DA:130,1
DA:131,1
DA:132,1
DA:135,1
DA:136,1
DA:137,1
DA:138,1
BRF:0
BRH:0
LF:87
LH:87
end_of_record
SF:/Users/cmbays/github/crap4rs/.claude/worktrees/piped-seeking-tulip/src/domain/matching.rs
FN:76,_RNvNtNtCs4TDHfvKykJC_7crap4rs6domain8matching13zero_coverage
FN:15,_RNvNtNtCs4TDHfvKykJC_7crap4rs6domain8matching15match_functions
FN:42,_RNvNtNtCs4TDHfvKykJC_7crap4rs6domain8matching25compute_function_coverage
FN:116,_RNCNvNtNtNtCs4TDHfvKykJC_7crap4rs6domain8matching5tests14make_line_data0B9_
FN:109,_RNvNtNtNtCs4TDHfvKykJC_7crap4rs6domain8matching5tests14make_line_data
FN:94,_RNvNtNtNtCs4TDHfvKykJC_7crap4rs6domain8matching5tests15make_complexity
FN:142,_RNvNtNtNtCs4TDHfvKykJC_7crap4rs6domain8matching5testss_13full_coverage
FN:162,_RNvNtNtNtCs4TDHfvKykJC_7crap4rs6domain8matching5testss_16partial_coverage
FN:193,_RNvNtNtNtCs4TDHfvKykJC_7crap4rs6domain8matching5testss_22boundary_inclusive_end
FN:229,_RNvNtNtNtCs4TDHfvKykJC_7crap4rs6domain8matching5testss_22file_scoped_no_leakage
FN:152,_RNvNtNtNtCs4TDHfvKykJC_7crap4rs6domain8matching5testss_23zero_coverage_all_unhit
FN:184,_RNvNtNtNtCs4TDHfvKykJC_7crap4rs6domain8matching5testss_24boundary_inclusive_start
FN:131,_RNvNtNtNtCs4TDHfvKykJC_7crap4rs6domain8matching5testss_25no_coverage_data_for_file
FN:173,_RNvNtNtNtCs4TDHfvKykJC_7crap4rs6domain8matching5testss_27lines_outside_span_excluded
FN:212,_RNvNtNtNtCs4TDHfvKykJC_7crap4rs6domain8matching5testss_28multiple_functions_same_file
FN:202,_RNvNtNtNtCs4TDHfvKykJC_7crap4rs6domain8matching5testss_31no_instrumentable_lines_100_pct
FN:124,_RNvNtNtNtCs4TDHfvKykJC_7crap4rs6domain8matching5testss_32empty_complexities_returns_empty
FN:269,_RNvNtNtNtCs4TDHfvKykJC_7crap4rs6domain8matching9proptests13arb_line_data
FN:251,_RNvNtNtNtCs4TDHfvKykJC_7crap4rs6domain8matching9proptests14arb_complexity
FN:278,_RNCNCNvNtNtNtCs4TDHfvKykJC_7crap4rs6domain8matching9proptests13arb_line_data00Bb_
FN:341,_RNCNCNvNtNtNtCs4TDHfvKykJC_7crap4rs6domain8matching9proptestss_21no_cross_file_leakages_00Bb_
FN:345,_RNCNCNvNtNtNtCs4TDHfvKykJC_7crap4rs6domain8matching9proptestss_21no_cross_file_leakages_0s_0Bb_
FN:272,_RNCNvNtNtNtCs4TDHfvKykJC_7crap4rs6domain8matching9proptests13arb_line_data0B9_
FN:252,_RNCNvNtNtNtCs4TDHfvKykJC_7crap4rs6domain8matching9proptests14arb_complexity0B9_
FN:76,_RNvNtNtCslv5NRBMwksI_7crap4rs6domain8matching13zero_coverage
FN:15,_RNvNtNtCslv5NRBMwksI_7crap4rs6domain8matching15match_functions
FN:42,_RNvNtNtCslv5NRBMwksI_7crap4rs6domain8matching25compute_function_coverage
FNDA:1,_RNvNtNtCs4TDHfvKykJC_7crap4rs6domain8matching13zero_coverage
FNDA:1035,_RNvNtNtCs4TDHfvKykJC_7crap4rs6domain8matching15match_functions
FNDA:1291,_RNvNtNtCs4TDHfvKykJC_7crap4rs6domain8matching25compute_function_coverage
FNDA:32,_RNCNvNtNtNtCs4TDHfvKykJC_7crap4rs6domain8matching5tests14make_line_data0B9_
FNDA:11,_RNvNtNtNtCs4TDHfvKykJC_7crap4rs6domain8matching5tests14make_line_data
FNDA:12,_RNvNtNtNtCs4TDHfvKykJC_7crap4rs6domain8matching5tests15make_complexity
FNDA:1,_RNvNtNtNtCs4TDHfvKykJC_7crap4rs6domain8matching5testss_13full_coverage
FNDA:1,_RNvNtNtNtCs4TDHfvKykJC_7crap4rs6domain8matching5testss_16partial_coverage
FNDA:1,_RNvNtNtNtCs4TDHfvKykJC_7crap4rs6domain8matching5testss_22boundary_inclusive_end
FNDA:1,_RNvNtNtNtCs4TDHfvKykJC_7crap4rs6domain8matching5testss_22file_scoped_no_leakage
FNDA:1,_RNvNtNtNtCs4TDHfvKykJC_7crap4rs6domain8matching5testss_23zero_coverage_all_unhit
FNDA:1,_RNvNtNtNtCs4TDHfvKykJC_7crap4rs6domain8matching5testss_24boundary_inclusive_start
FNDA:1,_RNvNtNtNtCs4TDHfvKykJC_7crap4rs6domain8matching5testss_25no_coverage_data_for_file
FNDA:1,_RNvNtNtNtCs4TDHfvKykJC_7crap4rs6domain8matching5testss_27lines_outside_span_excluded
FNDA:1,_RNvNtNtNtCs4TDHfvKykJC_7crap4rs6domain8matching5testss_28multiple_functions_same_file
FNDA:1,_RNvNtNtNtCs4TDHfvKykJC_7crap4rs6domain8matching5testss_31no_instrumentable_lines_100_pct
FNDA:1,_RNvNtNtNtCs4TDHfvKykJC_7crap4rs6domain8matching5testss_32empty_complexities_returns_empty
FNDA:2,_RNvNtNtNtCs4TDHfvKykJC_7crap4rs6domain8matching9proptests13arb_line_data
FNDA:2,_RNvNtNtNtCs4TDHfvKykJC_7crap4rs6domain8matching9proptests14arb_complexity
FNDA:12192,_RNCNCNvNtNtNtCs4TDHfvKykJC_7crap4rs6domain8matching9proptests13arb_line_data00Bb_
FNDA:1209,_RNCNCNvNtNtNtCs4TDHfvKykJC_7crap4rs6domain8matching9proptestss_21no_cross_file_leakages_00Bb_
FNDA:1304,_RNCNCNvNtNtNtCs4TDHfvKykJC_7crap4rs6domain8matching9proptestss_21no_cross_file_leakages_0s_0Bb_
FNDA:512,_RNCNvNtNtNtCs4TDHfvKykJC_7crap4rs6domain8matching9proptests13arb_line_data0B9_
FNDA:512,_RNCNvNtNtNtCs4TDHfvKykJC_7crap4rs6domain8matching9proptests14arb_complexity0B9_
FNDA:4,_RNvNtNtCslv5NRBMwksI_7crap4rs6domain8matching13zero_coverage
FNDA:4,_RNvNtNtCslv5NRBMwksI_7crap4rs6domain8matching15match_functions
FNDA:11,_RNvNtNtCslv5NRBMwksI_7crap4rs6domain8matching25compute_function_coverage
FNF:24
FNH:24
DA:15,1039
DA:16,1039
DA:17,1039
DA:18,1039
DA:19,1039
DA:21,1307
DA:22,1307
DA:23,1302
DA:26,5
DA:27,5
DA:28,5
DA:29,5
DA:30,5
DA:34,1302
DA:35,1302
DA:36,1302
DA:39,1039
DA:40,1039
DA:42,1302
DA:43,1302
DA:44,1302
DA:45,1302
DA:46,1302
DA:47,1302
DA:48,1302
DA:50,16057
DA:51,16057
DA:52,6172
DA:53,6172
DA:54,5883
DA:55,5883
DA:56,9885
DA:59,1302
DA:60,1213
DA:62,89
DA:65,1302
DA:66,1302
DA:67,1302
DA:68,1302
DA:69,1302
DA:70,1302
DA:71,1302
DA:72,1302
DA:73,1302
DA:74,1302
DA:76,5
DA:77,5
DA:78,5
DA:79,5
DA:80,5
DA:81,5
DA:82,5
DA:83,5
DA:84,5
DA:85,5
DA:86,5
DA:94,12
DA:95,12
DA:96,12
DA:97,12
DA:98,12
DA:99,12
DA:100,12
DA:101,12
DA:102,12
DA:103,12
DA:104,12
DA:105,12
DA:106,12
DA:107,12
DA:109,11
DA:110,11
DA:111,12
DA:112,12
DA:113,12
DA:114,12
DA:115,12
DA:116,32
DA:117,12
DA:120,11
DA:121,11
DA:124,1
DA:125,1
DA:126,1
DA:127,1
DA:128,1
DA:131,1
DA:132,1
DA:133,1
DA:134,1
DA:135,1
DA:136,1
DA:137,1
DA:138,1
DA:139,1
DA:142,1
DA:143,1
DA:144,1
DA:145,1
DA:146,1
DA:147,1
DA:148,1
DA:149,1
DA:152,1
DA:153,1
DA:154,1
DA:155,1
DA:156,1
DA:157,1
DA:158,1
DA:159,1
DA:162,1
DA:163,1
DA:164,1
DA:165,1
DA:166,1
DA:167,1
DA:168,1
DA:169,1
DA:170,1
DA:173,1
DA:174,1
DA:175,1
DA:176,1
DA:177,1
DA:179,1
DA:180,1
DA:181,1
DA:184,1
DA:185,1
DA:186,1
DA:187,1
DA:188,1
DA:189,1
DA:190,1
DA:193,1
DA:194,1
DA:195,1
DA:196,1
DA:197,1
DA:198,1
DA:199,1
DA:202,1
DA:203,1
DA:205,1
DA:206,1
DA:207,1
DA:208,1
DA:209,1
DA:212,1
DA:213,1
DA:214,1
DA:215,1
DA:216,1
DA:217,1
DA:220,1
DA:221,1
DA:224,1
DA:225,1
DA:226,1
DA:229,1
DA:230,1
DA:231,1
DA:232,1
DA:233,1
DA:234,1
DA:235,1
DA:236,1
DA:239,1
DA:241,1
DA:242,1
DA:251,2
DA:252,512
DA:253,512
DA:254,512
DA:255,512
DA:256,512
DA:257,512
DA:258,512
DA:259,512
DA:260,512
DA:261,512
DA:262,512
DA:263,512
DA:264,512
DA:265,512
DA:266,512
DA:267,2
DA:269,2
DA:270,2
DA:271,2
DA:272,512
DA:273,512
DA:274,512
DA:275,512
DA:276,512
DA:277,512
DA:278,12192
DA:279,512
DA:281,512
DA:282,512
DA:283,2
DA:341,1209
DA:345,1304
BRF:0
BRH:0
LF:208
LH:208
end_of_record
SF:/Users/cmbays/github/crap4rs/.claude/worktrees/piped-seeking-tulip/src/domain/summary.rs
FN:61,_RNCNvNtNtCs4TDHfvKykJC_7crap4rs6domain7summary15compute_summarys0_0B7_
FN:37,_RNCNvNtNtCs4TDHfvKykJC_7crap4rs6domain7summary15compute_summarys_0B7_
FN:3,_RNvNtNtCs4TDHfvKykJC_7crap4rs6domain7summary15compute_summary
FN:61,_RNCNvNtNtCslv5NRBMwksI_7crap4rs6domain7summary15compute_summarys0_0B7_
FN:37,_RNCNvNtNtCslv5NRBMwksI_7crap4rs6domain7summary15compute_summarys_0B7_
FNDA:0,_RNCNvNtNtCs4TDHfvKykJC_7crap4rs6domain7summary15compute_summarys0_0B7_
FNDA:0,_RNCNvNtNtCs4TDHfvKykJC_7crap4rs6domain7summary15compute_summarys_0B7_
FNDA:0,_RNvNtNtCs4TDHfvKykJC_7crap4rs6domain7summary15compute_summary
FNDA:0,_RNCNvNtNtCslv5NRBMwksI_7crap4rs6domain7summary15compute_summarys0_0B7_
FNDA:0,_RNCNvNtNtCslv5NRBMwksI_7crap4rs6domain7summary15compute_summarys_0B7_
FNF:3
FNH:0
DA:3,0
DA:4,0
DA:5,0
DA:7,0
DA:8,0
DA:9,0
DA:10,0
DA:11,0
DA:12,0
DA:14,0
DA:15,0
DA:16,0
DA:17,0
DA:19,0
DA:20,0
DA:21,0
DA:22,0
DA:24,0
DA:25,0
DA:26,0
DA:27,0
DA:28,0
DA:31,0
DA:32,0
DA:33,0
DA:34,0
DA:37,0
DA:39,0
DA:40,0
DA:42,0
DA:45,0
DA:46,0
DA:47,0
DA:49,0
DA:52,0
DA:56,0
DA:57,0
DA:58,0
DA:59,0
DA:60,0
DA:61,0
DA:62,0
DA:63,0
DA:64,0
DA:65,0
DA:66,0
DA:67,0
DA:68,0
DA:70,0
BRF:0
BRH:0
LF:51
LH:0
end_of_record
SF:/Users/cmbays/github/crap4rs/.claude/worktrees/piped-seeking-tulip/src/domain/types.rs
FN:28,_RNvXNtNtCs4TDHfvKykJC_7crap4rs6domain5typesNtB2_16ComplexityMetricNtNtCsbUtogaBoXXO_4core3fmt7Display3fmt
FN:95,_RNvXs_NtNtCs4TDHfvKykJC_7crap4rs6domain5typesNtB4_9RiskLevelNtNtCsbUtogaBoXXO_4core3fmt7Display3fmt
FN:28,_RNvXNtNtCslv5NRBMwksI_7crap4rs6domain5typesNtB2_16ComplexityMetricNtNtCsbUtogaBoXXO_4core3fmt7Display3fmt
FN:95,_RNvXs_NtNtCslv5NRBMwksI_7crap4rs6domain5typesNtB4_9RiskLevelNtNtCsbUtogaBoXXO_4core3fmt7Display3fmt
FNDA:0,_RNvXNtNtCs4TDHfvKykJC_7crap4rs6domain5typesNtB2_16ComplexityMetricNtNtCsbUtogaBoXXO_4core3fmt7Display3fmt
FNDA:0,_RNvXs_NtNtCs4TDHfvKykJC_7crap4rs6domain5typesNtB4_9RiskLevelNtNtCsbUtogaBoXXO_4core3fmt7Display3fmt
FNDA:0,_RNvXNtNtCslv5NRBMwksI_7crap4rs6domain5typesNtB2_16ComplexityMetricNtNtCsbUtogaBoXXO_4core3fmt7Display3fmt
FNDA:0,_RNvXs_NtNtCslv5NRBMwksI_7crap4rs6domain5typesNtB4_9RiskLevelNtNtCsbUtogaBoXXO_4core3fmt7Display3fmt
FNF:2
FNH:0
DA:28,0
DA:29,0
DA:30,0
DA:31,0
DA:33,0
DA:95,0
DA:96,0
DA:97,0
DA:98,0
DA:99,0
DA:100,0
DA:102,0
BRF:0
BRH:0
LF:12
LH:0
end_of_record
SF:/Users/cmbays/github/crap4rs/.claude/worktrees/piped-seeking-tulip/src/main.rs
FN:5,_RNvCsf1pwSVNL9SQ_7crap4rs4main
FN:5,_RNvCs3FtL4F4AQ0l_7crap4rs4main
FNDA:0,_RNvCsf1pwSVNL9SQ_7crap4rs4main
FNDA:0,_RNvCs3FtL4F4AQ0l_7crap4rs4main
FNF:1
FNH:0
DA:5,0
DA:6,0
DA:7,0
BRF:0
BRH:0
LF:3
LH:0
end_of_record