{"/Users/cmbays/github/crap4ts/src/adapters/complexity/facade.ts": {"path":"/Users/cmbays/github/crap4ts/src/adapters/complexity/facade.ts","statementMap":{"0":{"start":{"line":9,"column":4},"end":{"line":9,"column":null}},"1":{"start":{"line":10,"column":4},"end":{"line":10,"column":null}},"2":{"start":{"line":11,"column":4},"end":{"line":11,"column":null}},"3":{"start":{"line":17,"column":16},"end":{"line":17,"column":null}},"4":{"start":{"line":23,"column":2},"end":{"line":27,"column":null}},"5":{"start":{"line":24,"column":4},"end":{"line":24,"column":null}},"6":{"start":{"line":26,"column":4},"end":{"line":26,"column":null}}},"fnMap":{"0":{"name":"(anonymous_0)","decl":{"start":{"line":8,"column":2},"end":{"line":8,"column":14}},"loc":{"start":{"line":8,"column":56},"end":{"line":12,"column":null}}},"1":{"name":"extractComplexity","decl":{"start":{"line":19,"column":16},"end":{"line":19,"column":null}},"loc":{"start":{"line":22,"column":24},"end":{"line":28,"column":null}}}},"branchMap":{},"s":{"0":8,"1":8,"2":8,"3":3,"4":12,"5":12,"6":3},"f":{"0":8,"1":12},"b":{}}
,"/Users/cmbays/github/crap4ts/src/adapters/complexity/typescript-eslint.ts": {"path":"/Users/cmbays/github/crap4ts/src/adapters/complexity/typescript-eslint.ts","statementMap":{"0":{"start":{"line":12,"column":23},"end":{"line":16,"column":null}},"1":{"start":{"line":19,"column":18},"end":{"line":19,"column":null}},"2":{"start":{"line":22,"column":23},"end":{"line":33,"column":null}},"3":{"start":{"line":36,"column":2},"end":{"line":36,"column":null}},"4":{"start":{"line":46,"column":54},"end":{"line":55,"column":null}},"5":{"start":{"line":59,"column":16},"end":{"line":63,"column":null}},"6":{"start":{"line":65,"column":42},"end":{"line":65,"column":null}},"7":{"start":{"line":66,"column":4},"end":{"line":66,"column":null}},"8":{"start":{"line":67,"column":4},"end":{"line":67,"column":null}},"9":{"start":{"line":75,"column":4},"end":{"line":77,"column":null}},"10":{"start":{"line":76,"column":6},"end":{"line":76,"column":null}},"11":{"start":{"line":86,"column":4},"end":{"line":106,"column":null}},"12":{"start":{"line":88,"column":8},"end":{"line":88,"column":null}},"13":{"start":{"line":89,"column":8},"end":{"line":89,"column":null}},"14":{"start":{"line":91,"column":8},"end":{"line":93,"column":null}},"15":{"start":{"line":92,"column":10},"end":{"line":92,"column":null}},"16":{"start":{"line":94,"column":8},"end":{"line":94,"column":null}},"17":{"start":{"line":96,"column":8},"end":{"line":96,"column":null}},"18":{"start":{"line":97,"column":8},"end":{"line":97,"column":null}},"19":{"start":{"line":99,"column":8},"end":{"line":99,"column":null}},"20":{"start":{"line":100,"column":8},"end":{"line":100,"column":null}},"21":{"start":{"line":102,"column":8},"end":{"line":104,"column":null}},"22":{"start":{"line":103,"column":10},"end":{"line":103,"column":null}},"23":{"start":{"line":105,"column":8},"end":{"line":105,"column":null}},"24":{"start":{"line":115,"column":4},"end":{"line":119,"column":null}},"25":{"start":{"line":116,"column":20},"end":{"line":116,"column":null}},"26":{"start":{"line":117,"column":6},"end":{"line":117,"column":null}},"27":{"start":{"line":118,"column":6},"end":{"line":118,"column":null}},"28":{"start":{"line":128,"column":4},"end":{"line":128,"column":null}},"29":{"start":{"line":128,"column":27},"end":{"line":128,"column":null}},"30":{"start":{"line":130,"column":4},"end":{"line":142,"column":null}},"31":{"start":{"line":136,"column":8},"end":{"line":138,"column":null}},"32":{"start":{"line":139,"column":20},"end":{"line":139,"column":null}},"33":{"start":{"line":140,"column":6},"end":{"line":140,"column":null}},"34":{"start":{"line":141,"column":6},"end":{"line":141,"column":null}},"35":{"start":{"line":151,"column":4},"end":{"line":169,"column":null}},"36":{"start":{"line":152,"column":6},"end":{"line":168,"column":null}},"37":{"start":{"line":157,"column":25},"end":{"line":157,"column":null}},"38":{"start":{"line":160,"column":22},"end":{"line":165,"column":null}},"39":{"start":{"line":166,"column":8},"end":{"line":166,"column":null}},"40":{"start":{"line":167,"column":8},"end":{"line":167,"column":null}},"41":{"start":{"line":178,"column":22},"end":{"line":178,"column":null}},"42":{"start":{"line":179,"column":25},"end":{"line":179,"column":null}},"43":{"start":{"line":181,"column":4},"end":{"line":203,"column":null}},"44":{"start":{"line":182,"column":6},"end":{"line":202,"column":null}},"45":{"start":{"line":186,"column":27},"end":{"line":186,"column":null}},"46":{"start":{"line":187,"column":22},"end":{"line":187,"column":null}},"47":{"start":{"line":188,"column":8},"end":{"line":188,"column":null}},"48":{"start":{"line":189,"column":8},"end":{"line":189,"column":null}},"49":{"start":{"line":190,"column":6},"end":{"line":202,"column":null}},"50":{"start":{"line":195,"column":25},"end":{"line":195,"column":null}},"51":{"start":{"line":196,"column":25},"end":{"line":196,"column":null}},"52":{"start":{"line":199,"column":22},"end":{"line":199,"column":null}},"53":{"start":{"line":200,"column":8},"end":{"line":200,"column":null}},"54":{"start":{"line":201,"column":8},"end":{"line":201,"column":null}},"55":{"start":{"line":207,"column":4},"end":{"line":207,"column":null}},"56":{"start":{"line":207,"column":35},"end":{"line":207,"column":null}},"57":{"start":{"line":208,"column":4},"end":{"line":208,"column":null}},"58":{"start":{"line":208,"column":32},"end":{"line":208,"column":null}},"59":{"start":{"line":209,"column":4},"end":{"line":209,"column":null}},"60":{"start":{"line":217,"column":16},"end":{"line":217,"column":null}},"61":{"start":{"line":218,"column":4},"end":{"line":228,"column":null}},"62":{"start":{"line":238,"column":4},"end":{"line":238,"column":null}},"63":{"start":{"line":246,"column":4},"end":{"line":248,"column":null}},"64":{"start":{"line":247,"column":6},"end":{"line":247,"column":null}},"65":{"start":{"line":251,"column":4},"end":{"line":269,"column":null}},"66":{"start":{"line":253,"column":6},"end":{"line":256,"column":null}},"67":{"start":{"line":254,"column":8},"end":{"line":254,"column":null}},"68":{"start":{"line":255,"column":8},"end":{"line":255,"column":null}},"69":{"start":{"line":257,"column":4},"end":{"line":269,"column":null}},"70":{"start":{"line":258,"column":6},"end":{"line":258,"column":null}},"71":{"start":{"line":259,"column":6},"end":{"line":259,"column":null}},"72":{"start":{"line":260,"column":4},"end":{"line":269,"column":null}},"73":{"start":{"line":261,"column":6},"end":{"line":261,"column":null}},"74":{"start":{"line":262,"column":6},"end":{"line":262,"column":null}},"75":{"start":{"line":263,"column":4},"end":{"line":269,"column":null}},"76":{"start":{"line":264,"column":6},"end":{"line":264,"column":null}},"77":{"start":{"line":265,"column":19},"end":{"line":265,"column":null}},"78":{"start":{"line":266,"column":6},"end":{"line":268,"column":null}},"79":{"start":{"line":267,"column":8},"end":{"line":267,"column":null}},"80":{"start":{"line":271,"column":4},"end":{"line":271,"column":null}},"81":{"start":{"line":278,"column":4},"end":{"line":293,"column":null}},"82":{"start":{"line":279,"column":6},"end":{"line":279,"column":null}},"83":{"start":{"line":279,"column":30},"end":{"line":279,"column":null}},"84":{"start":{"line":281,"column":21},"end":{"line":281,"column":null}},"85":{"start":{"line":282,"column":6},"end":{"line":282,"column":null}},"86":{"start":{"line":282,"column":47},"end":{"line":282,"column":null}},"87":{"start":{"line":284,"column":6},"end":{"line":292,"column":null}},"88":{"start":{"line":285,"column":8},"end":{"line":289,"column":null}},"89":{"start":{"line":286,"column":10},"end":{"line":288,"column":null}},"90":{"start":{"line":287,"column":12},"end":{"line":287,"column":null}},"91":{"start":{"line":290,"column":6},"end":{"line":292,"column":null}},"92":{"start":{"line":291,"column":8},"end":{"line":291,"column":null}},"93":{"start":{"line":302,"column":16},"end":{"line":302,"column":null}},"94":{"start":{"line":303,"column":4},"end":{"line":307,"column":null}},"95":{"start":{"line":315,"column":19},"end":{"line":317,"column":null}},"96":{"start":{"line":316,"column":16},"end":{"line":316,"column":null}},"97":{"start":{"line":318,"column":4},"end":{"line":326,"column":null}}},"fnMap":{"0":{"name":"isASTNode","decl":{"start":{"line":35,"column":9},"end":{"line":35,"column":19}},"loc":{"start":{"line":35,"column":59},"end":{"line":37,"column":null}}},"1":{"name":"(anonymous_1)","decl":{"start":{"line":58,"column":2},"end":{"line":58,"column":10}},"loc":{"start":{"line":58,"column":70},"end":{"line":68,"column":null}}},"2":{"name":"(anonymous_2)","decl":{"start":{"line":70,"column":10},"end":{"line":70,"column":null}},"loc":{"start":{"line":74,"column":10},"end":{"line":78,"column":null}}},"3":{"name":"(anonymous_3)","decl":{"start":{"line":80,"column":10},"end":{"line":80,"column":null}},"loc":{"start":{"line":85,"column":10},"end":{"line":107,"column":null}}},"4":{"name":"(anonymous_4)","decl":{"start":{"line":109,"column":10},"end":{"line":109,"column":null}},"loc":{"start":{"line":114,"column":10},"end":{"line":120,"column":null}}},"5":{"name":"(anonymous_5)","decl":{"start":{"line":122,"column":10},"end":{"line":122,"column":null}},"loc":{"start":{"line":127,"column":10},"end":{"line":143,"column":null}}},"6":{"name":"(anonymous_6)","decl":{"start":{"line":145,"column":10},"end":{"line":145,"column":null}},"loc":{"start":{"line":150,"column":10},"end":{"line":170,"column":null}}},"7":{"name":"(anonymous_7)","decl":{"start":{"line":172,"column":10},"end":{"line":172,"column":null}},"loc":{"start":{"line":177,"column":10},"end":{"line":204,"column":null}}},"8":{"name":"(anonymous_8)","decl":{"start":{"line":206,"column":10},"end":{"line":206,"column":26}},"loc":{"start":{"line":206,"column":54},"end":{"line":210,"column":null}}},"9":{"name":"(anonymous_9)","decl":{"start":{"line":212,"column":10},"end":{"line":212,"column":null}},"loc":{"start":{"line":216,"column":19},"end":{"line":229,"column":null}}},"10":{"name":"(anonymous_10)","decl":{"start":{"line":231,"column":10},"end":{"line":231,"column":null}},"loc":{"start":{"line":237,"column":10},"end":{"line":239,"column":null}}},"11":{"name":"(anonymous_11)","decl":{"start":{"line":241,"column":10},"end":{"line":241,"column":null}},"loc":{"start":{"line":244,"column":10},"end":{"line":272,"column":null}}},"12":{"name":"(anonymous_12)","decl":{"start":{"line":274,"column":10},"end":{"line":274,"column":null}},"loc":{"start":{"line":277,"column":10},"end":{"line":294,"column":null}}},"13":{"name":"(anonymous_13)","decl":{"start":{"line":296,"column":10},"end":{"line":296,"column":null}},"loc":{"start":{"line":301,"column":10},"end":{"line":308,"column":null}}},"14":{"name":"(anonymous_14)","decl":{"start":{"line":310,"column":10},"end":{"line":310,"column":null}},"loc":{"start":{"line":313,"column":24},"end":{"line":327,"column":null}}},"15":{"name":"(anonymous_15)","decl":{"start":{"line":316,"column":6},"end":{"line":316,"column":7}},"loc":{"start":{"line":316,"column":16},"end":{"line":316,"column":null}}}},"branchMap":{"0":{"loc":{"start":{"line":36,"column":9},"end":{"line":36,"column":null}},"type":"binary-expr","locations":[{"start":{"line":36,"column":9},"end":{"line":36,"column":27}},{"start":{"line":36,"column":27},"end":{"line":36,"column":56}},{"start":{"line":36,"column":56},"end":{"line":36,"column":null}}]},"1":{"loc":{"start":{"line":86,"column":4},"end":{"line":106,"column":null}},"type":"switch","locations":[{"start":{"line":87,"column":6},"end":{"line":89,"column":null}},{"start":{"line":90,"column":6},"end":{"line":94,"column":null}},{"start":{"line":95,"column":6},"end":{"line":97,"column":null}},{"start":{"line":98,"column":6},"end":{"line":100,"column":null}},{"start":{"line":101,"column":6},"end":{"line":105,"column":null}}]},"2":{"loc":{"start":{"line":91,"column":8},"end":{"line":93,"column":null}},"type":"if","locations":[{"start":{"line":91,"column":8},"end":{"line":93,"column":null}},{"start":{},"end":{}}]},"3":{"loc":{"start":{"line":102,"column":8},"end":{"line":104,"column":null}},"type":"if","locations":[{"start":{"line":102,"column":8},"end":{"line":104,"column":null}},{"start":{},"end":{}}]},"4":{"loc":{"start":{"line":115,"column":4},"end":{"line":119,"column":null}},"type":"if","locations":[{"start":{"line":115,"column":4},"end":{"line":119,"column":null}},{"start":{},"end":{}}]},"5":{"loc":{"start":{"line":115,"column":8},"end":{"line":115,"column":30}},"type":"binary-expr","locations":[{"start":{"line":115,"column":8},"end":{"line":115,"column":19}},{"start":{"line":115,"column":19},"end":{"line":115,"column":30}}]},"6":{"loc":{"start":{"line":128,"column":4},"end":{"line":128,"column":null}},"type":"if","locations":[{"start":{"line":128,"column":4},"end":{"line":128,"column":null}},{"start":{},"end":{}}]},"7":{"loc":{"start":{"line":130,"column":4},"end":{"line":142,"column":null}},"type":"if","locations":[{"start":{"line":130,"column":4},"end":{"line":142,"column":null}},{"start":{},"end":{}}]},"8":{"loc":{"start":{"line":131,"column":6},"end":{"line":133,"column":null}},"type":"binary-expr","locations":[{"start":{"line":131,"column":6},"end":{"line":131,"column":null}},{"start":{"line":132,"column":6},"end":{"line":132,"column":null}},{"start":{"line":133,"column":6},"end":{"line":133,"column":null}}]},"9":{"loc":{"start":{"line":136,"column":8},"end":{"line":138,"column":null}},"type":"cond-expr","locations":[{"start":{"line":137,"column":12},"end":{"line":137,"column":null}},{"start":{"line":138,"column":12},"end":{"line":138,"column":null}}]},"10":{"loc":{"start":{"line":136,"column":8},"end":{"line":136,"column":null}},"type":"binary-expr","locations":[{"start":{"line":136,"column":8},"end":{"line":136,"column":59}},{"start":{"line":136,"column":59},"end":{"line":136,"column":null}}]},"11":{"loc":{"start":{"line":152,"column":6},"end":{"line":168,"column":null}},"type":"if","locations":[{"start":{"line":152,"column":6},"end":{"line":168,"column":null}},{"start":{},"end":{}}]},"12":{"loc":{"start":{"line":153,"column":8},"end":{"line":155,"column":null}},"type":"binary-expr","locations":[{"start":{"line":153,"column":8},"end":{"line":153,"column":null}},{"start":{"line":154,"column":8},"end":{"line":154,"column":null}},{"start":{"line":155,"column":8},"end":{"line":155,"column":null}}]},"13":{"loc":{"start":{"line":178,"column":22},"end":{"line":178,"column":null}},"type":"binary-expr","locations":[{"start":{"line":178,"column":22},"end":{"line":178,"column":39}},{"start":{"line":178,"column":39},"end":{"line":178,"column":null}}]},"14":{"loc":{"start":{"line":182,"column":6},"end":{"line":202,"column":null}},"type":"if","locations":[{"start":{"line":182,"column":6},"end":{"line":202,"column":null}},{"start":{"line":190,"column":6},"end":{"line":202,"column":null}}]},"15":{"loc":{"start":{"line":183,"column":8},"end":{"line":184,"column":null}},"type":"binary-expr","locations":[{"start":{"line":183,"column":8},"end":{"line":183,"column":null}},{"start":{"line":184,"column":8},"end":{"line":184,"column":null}}]},"16":{"loc":{"start":{"line":190,"column":6},"end":{"line":202,"column":null}},"type":"if","locations":[{"start":{"line":190,"column":6},"end":{"line":202,"column":null}},{"start":{},"end":{}}]},"17":{"loc":{"start":{"line":191,"column":8},"end":{"line":193,"column":null}},"type":"binary-expr","locations":[{"start":{"line":191,"column":8},"end":{"line":191,"column":null}},{"start":{"line":192,"column":8},"end":{"line":192,"column":null}},{"start":{"line":193,"column":8},"end":{"line":193,"column":null}}]},"18":{"loc":{"start":{"line":207,"column":4},"end":{"line":207,"column":null}},"type":"if","locations":[{"start":{"line":207,"column":4},"end":{"line":207,"column":null}},{"start":{},"end":{}}]},"19":{"loc":{"start":{"line":208,"column":4},"end":{"line":208,"column":null}},"type":"if","locations":[{"start":{"line":208,"column":4},"end":{"line":208,"column":null}},{"start":{},"end":{}}]},"20":{"loc":{"start":{"line":246,"column":4},"end":{"line":248,"column":null}},"type":"if","locations":[{"start":{"line":246,"column":4},"end":{"line":248,"column":null}},{"start":{},"end":{}}]},"21":{"loc":{"start":{"line":251,"column":4},"end":{"line":269,"column":null}},"type":"if","locations":[{"start":{"line":251,"column":4},"end":{"line":269,"column":null}},{"start":{"line":257,"column":4},"end":{"line":269,"column":null}}]},"22":{"loc":{"start":{"line":253,"column":6},"end":{"line":256,"column":null}},"type":"if","locations":[{"start":{"line":253,"column":6},"end":{"line":256,"column":null}},{"start":{},"end":{}}]},"23":{"loc":{"start":{"line":253,"column":10},"end":{"line":253,"column":60}},"type":"binary-expr","locations":[{"start":{"line":253,"column":10},"end":{"line":253,"column":32}},{"start":{"line":253,"column":32},"end":{"line":253,"column":60}}]},"24":{"loc":{"start":{"line":257,"column":4},"end":{"line":269,"column":null}},"type":"if","locations":[{"start":{"line":257,"column":4},"end":{"line":269,"column":null}},{"start":{"line":260,"column":4},"end":{"line":269,"column":null}}]},"25":{"loc":{"start":{"line":260,"column":4},"end":{"line":269,"column":null}},"type":"if","locations":[{"start":{"line":260,"column":4},"end":{"line":269,"column":null}},{"start":{"line":263,"column":4},"end":{"line":269,"column":null}}]},"26":{"loc":{"start":{"line":263,"column":4},"end":{"line":269,"column":null}},"type":"if","locations":[{"start":{"line":263,"column":4},"end":{"line":269,"column":null}},{"start":{},"end":{}}]},"27":{"loc":{"start":{"line":266,"column":6},"end":{"line":268,"column":null}},"type":"if","locations":[{"start":{"line":266,"column":6},"end":{"line":268,"column":null}},{"start":{},"end":{}}]},"28":{"loc":{"start":{"line":279,"column":6},"end":{"line":279,"column":null}},"type":"if","locations":[{"start":{"line":279,"column":6},"end":{"line":279,"column":null}},{"start":{},"end":{}}]},"29":{"loc":{"start":{"line":282,"column":6},"end":{"line":282,"column":null}},"type":"if","locations":[{"start":{"line":282,"column":6},"end":{"line":282,"column":null}},{"start":{},"end":{}}]},"30":{"loc":{"start":{"line":282,"column":10},"end":{"line":282,"column":47}},"type":"binary-expr","locations":[{"start":{"line":282,"column":10},"end":{"line":282,"column":20}},{"start":{"line":282,"column":20},"end":{"line":282,"column":47}}]},"31":{"loc":{"start":{"line":284,"column":6},"end":{"line":292,"column":null}},"type":"if","locations":[{"start":{"line":284,"column":6},"end":{"line":292,"column":null}},{"start":{"line":290,"column":6},"end":{"line":292,"column":null}}]},"32":{"loc":{"start":{"line":286,"column":10},"end":{"line":288,"column":null}},"type":"if","locations":[{"start":{"line":286,"column":10},"end":{"line":288,"column":null}},{"start":{},"end":{}}]},"33":{"loc":{"start":{"line":290,"column":6},"end":{"line":292,"column":null}},"type":"if","locations":[{"start":{"line":290,"column":6},"end":{"line":292,"column":null}},{"start":{},"end":{}}]},"34":{"loc":{"start":{"line":304,"column":6},"end":{"line":306,"column":null}},"type":"cond-expr","locations":[{"start":{"line":305,"column":10},"end":{"line":305,"column":null}},{"start":{"line":306,"column":10},"end":{"line":306,"column":null}}]},"35":{"loc":{"start":{"line":316,"column":16},"end":{"line":316,"column":null}},"type":"binary-expr","locations":[{"start":{"line":316,"column":16},"end":{"line":316,"column":35}},{"start":{"line":316,"column":35},"end":{"line":316,"column":null}}]}},"s":{"0":6,"1":6,"2":6,"3":2495,"4":6,"5":67,"6":64,"7":64,"8":64,"9":64,"10":203,"11":367,"12":175,"13":175,"14":164,"15":164,"16":164,"17":3,"18":3,"19":12,"20":12,"21":11,"22":11,"23":11,"24":175,"25":175,"26":175,"27":175,"28":3,"29":0,"30":3,"31":3,"32":3,"33":3,"34":3,"35":12,"36":12,"37":8,"38":8,"39":8,"40":8,"41":11,"42":11,"43":11,"44":22,"45":12,"46":12,"47":12,"48":12,"49":10,"50":10,"51":10,"52":10,"53":10,"54":10,"55":22,"56":22,"57":0,"58":0,"59":0,"60":208,"61":208,"62":33,"63":2695,"64":0,"65":2695,"66":68,"67":45,"68":45,"69":2627,"70":54,"71":54,"72":2573,"73":13,"74":13,"75":2560,"76":151,"77":151,"78":151,"79":151,"80":2695,"81":2695,"82":14976,"83":8085,"84":6891,"85":6891,"86":3936,"87":2955,"88":1181,"89":721,"90":721,"91":1774,"92":1766,"93":263,"94":263,"95":208,"96":96,"97":208},"f":{"0":2495,"1":67,"2":64,"3":367,"4":175,"5":3,"6":12,"7":11,"8":22,"9":208,"10":33,"11":2695,"12":2695,"13":263,"14":208,"15":96},"b":{"0":[2495,2495,2495],"1":[175,164,3,12,11],"2":[164,0],"3":[11,0],"4":[175,0],"5":[175,175],"6":[0,3],"7":[3,0],"8":[3,1,1],"9":[1,2],"10":[3,2],"11":[8,4],"12":[12,12,12],"13":[11,0],"14":[12,10],"15":[22,12],"16":[10,0],"17":[10,10,10],"18":[22,0],"19":[0,0],"20":[0,2695],"21":[68,2627],"22":[45,23],"23":[68,50],"24":[54,2573],"25":[13,2560],"26":[151,2409],"27":[151,0],"28":[8085,6891],"29":[3936,2955],"30":[6891,4777],"31":[1181,1774],"32":[721,0],"33":[1766,8],"34":[67,196],"35":[96,38]}}
,"/Users/cmbays/github/crap4ts/src/adapters/coverage/detect.ts": {"path":"/Users/cmbays/github/crap4ts/src/adapters/coverage/detect.ts","statementMap":{"0":{"start":{"line":5,"column":2},"end":{"line":7,"column":null}},"1":{"start":{"line":6,"column":4},"end":{"line":6,"column":null}},"2":{"start":{"line":9,"column":2},"end":{"line":11,"column":null}},"3":{"start":{"line":10,"column":4},"end":{"line":10,"column":null}},"4":{"start":{"line":13,"column":14},"end":{"line":13,"column":null}},"5":{"start":{"line":16,"column":2},"end":{"line":18,"column":null}},"6":{"start":{"line":17,"column":4},"end":{"line":17,"column":null}},"7":{"start":{"line":21,"column":15},"end":{"line":21,"column":null}},"8":{"start":{"line":22,"column":2},"end":{"line":31,"column":null}},"9":{"start":{"line":23,"column":23},"end":{"line":23,"column":null}},"10":{"start":{"line":24,"column":4},"end":{"line":30,"column":null}},"11":{"start":{"line":29,"column":6},"end":{"line":29,"column":null}},"12":{"start":{"line":33,"column":2},"end":{"line":33,"column":null}}},"fnMap":{"0":{"name":"detectCoverageFormat","decl":{"start":{"line":3,"column":16},"end":{"line":3,"column":37}},"loc":{"start":{"line":3,"column":68},"end":{"line":34,"column":null}}}},"branchMap":{"0":{"loc":{"start":{"line":5,"column":2},"end":{"line":7,"column":null}},"type":"if","locations":[{"start":{"line":5,"column":2},"end":{"line":7,"column":null}},{"start":{},"end":{}}]},"1":{"loc":{"start":{"line":9,"column":2},"end":{"line":11,"column":null}},"type":"if","locations":[{"start":{"line":9,"column":2},"end":{"line":11,"column":null}},{"start":{},"end":{}}]},"2":{"loc":{"start":{"line":9,"column":6},"end":{"line":9,"column":49}},"type":"binary-expr","locations":[{"start":{"line":9,"column":6},"end":{"line":9,"column":34}},{"start":{"line":9,"column":34},"end":{"line":9,"column":49}}]},"3":{"loc":{"start":{"line":16,"column":2},"end":{"line":18,"column":null}},"type":"if","locations":[{"start":{"line":16,"column":2},"end":{"line":18,"column":null}},{"start":{},"end":{}}]},"4":{"loc":{"start":{"line":16,"column":6},"end":{"line":16,"column":52}},"type":"binary-expr","locations":[{"start":{"line":16,"column":6},"end":{"line":16,"column":25}},{"start":{"line":16,"column":25},"end":{"line":16,"column":52}}]},"5":{"loc":{"start":{"line":22,"column":2},"end":{"line":31,"column":null}},"type":"if","locations":[{"start":{"line":22,"column":2},"end":{"line":31,"column":null}},{"start":{},"end":{}}]},"6":{"loc":{"start":{"line":24,"column":4},"end":{"line":30,"column":null}},"type":"if","locations":[{"start":{"line":24,"column":4},"end":{"line":30,"column":null}},{"start":{},"end":{}}]},"7":{"loc":{"start":{"line":25,"column":6},"end":{"line":27,"column":null}},"type":"binary-expr","locations":[{"start":{"line":25,"column":6},"end":{"line":25,"column":null}},{"start":{"line":26,"column":6},"end":{"line":26,"column":null}},{"start":{"line":27,"column":6},"end":{"line":27,"column":null}}]}},"s":{"0":43,"1":2,"2":41,"3":3,"4":38,"5":38,"6":13,"7":25,"8":25,"9":25,"10":25,"11":20,"12":5},"f":{"0":43},"b":{"0":[2,41],"1":[3,38],"2":[41,39],"3":[13,25],"4":[38,13],"5":[25,0],"6":[20,5],"7":[25,20,20]}}
,"/Users/cmbays/github/crap4ts/src/adapters/coverage/facade.ts": {"path":"/Users/cmbays/github/crap4ts/src/adapters/coverage/facade.ts","statementMap":{"0":{"start":{"line":13,"column":4},"end":{"line":13,"column":null}},"1":{"start":{"line":14,"column":4},"end":{"line":14,"column":null}},"2":{"start":{"line":15,"column":4},"end":{"line":15,"column":null}},"3":{"start":{"line":22,"column":6},"end":{"line":22,"column":null}},"4":{"start":{"line":23,"column":4},"end":{"line":23,"column":null}},"5":{"start":{"line":24,"column":4},"end":{"line":24,"column":null}},"6":{"start":{"line":45,"column":19},"end":{"line":45,"column":null}},"7":{"start":{"line":46,"column":13},"end":{"line":46,"column":null}},"8":{"start":{"line":47,"column":2},"end":{"line":66,"column":null}},"9":{"start":{"line":52,"column":21},"end":{"line":52,"column":null}},"10":{"start":{"line":53,"column":6},"end":{"line":55,"column":null}},"11":{"start":{"line":54,"column":8},"end":{"line":54,"column":null}},"12":{"start":{"line":56,"column":22},"end":{"line":56,"column":null}},"13":{"start":{"line":57,"column":6},"end":{"line":64,"column":null}},"14":{"start":{"line":58,"column":8},"end":{"line":58,"column":null}},"15":{"start":{"line":60,"column":8},"end":{"line":60,"column":null}},"16":{"start":{"line":60,"column":49},"end":{"line":60,"column":null}},"17":{"start":{"line":61,"column":8},"end":{"line":63,"column":null}},"18":{"start":{"line":75,"column":14},"end":{"line":75,"column":null}},"19":{"start":{"line":76,"column":19},"end":{"line":76,"column":null}},"20":{"start":{"line":77,"column":13},"end":{"line":77,"column":null}},"21":{"start":{"line":80,"column":2},"end":{"line":87,"column":null}},"22":{"start":{"line":81,"column":4},"end":{"line":81,"column":null}},"23":{"start":{"line":83,"column":4},"end":{"line":83,"column":null}},"24":{"start":{"line":83,"column":49},"end":{"line":83,"column":null}},"25":{"start":{"line":84,"column":4},"end":{"line":86,"column":null}},"26":{"start":{"line":89,"column":18},"end":{"line":89,"column":null}},"27":{"start":{"line":91,"column":2},"end":{"line":98,"column":null}},"28":{"start":{"line":92,"column":4},"end":{"line":92,"column":null}},"29":{"start":{"line":94,"column":4},"end":{"line":94,"column":null}},"30":{"start":{"line":94,"column":45},"end":{"line":94,"column":null}},"31":{"start":{"line":95,"column":4},"end":{"line":97,"column":null}},"32":{"start":{"line":108,"column":2},"end":{"line":116,"column":null}},"33":{"start":{"line":109,"column":4},"end":{"line":109,"column":null}},"34":{"start":{"line":111,"column":4},"end":{"line":115,"column":null}},"35":{"start":{"line":119,"column":2},"end":{"line":127,"column":null}},"36":{"start":{"line":120,"column":4},"end":{"line":120,"column":null}},"37":{"start":{"line":122,"column":4},"end":{"line":126,"column":null}},"38":{"start":{"line":129,"column":2},"end":{"line":134,"column":null}},"39":{"start":{"line":130,"column":4},"end":{"line":133,"column":null}},"40":{"start":{"line":136,"column":2},"end":{"line":136,"column":null}},"41":{"start":{"line":142,"column":17},"end":{"line":142,"column":null}},"42":{"start":{"line":143,"column":2},"end":{"line":145,"column":null}},"43":{"start":{"line":144,"column":4},"end":{"line":144,"column":null}},"44":{"start":{"line":146,"column":2},"end":{"line":146,"column":null}}},"fnMap":{"0":{"name":"(anonymous_0)","decl":{"start":{"line":12,"column":2},"end":{"line":12,"column":14}},"loc":{"start":{"line":12,"column":74},"end":{"line":16,"column":null}}},"1":{"name":"(anonymous_1)","decl":{"start":{"line":20,"column":2},"end":{"line":20,"column":14}},"loc":{"start":{"line":20,"column":31},"end":{"line":25,"column":null}}},"2":{"name":"createAutoDetectCoveragePort","decl":{"start":{"line":42,"column":16},"end":{"line":42,"column":null}},"loc":{"start":{"line":44,"column":16},"end":{"line":67,"column":null}}},"3":{"name":"(anonymous_3)","decl":{"start":{"line":48,"column":4},"end":{"line":48,"column":null}},"loc":{"start":{"line":51,"column":27},"end":{"line":65,"column":null}}},"4":{"name":"parseCoverage","decl":{"start":{"line":71,"column":16},"end":{"line":71,"column":null}},"loc":{"start":{"line":74,"column":23},"end":{"line":99,"column":null}}},"5":{"name":"parseCoverageFile","decl":{"start":{"line":103,"column":22},"end":{"line":103,"column":null}},"loc":{"start":{"line":106,"column":32},"end":{"line":137,"column":null}}},"6":{"name":"detectAndValidateFormat","decl":{"start":{"line":141,"column":9},"end":{"line":141,"column":33}},"loc":{"start":{"line":141,"column":60},"end":{"line":147,"column":null}}}},"branchMap":{"0":{"loc":{"start":{"line":23,"column":10},"end":{"line":23,"column":50}},"type":"cond-expr","locations":[{"start":{"line":23,"column":19},"end":{"line":23,"column":46}},{"start":{"line":23,"column":46},"end":{"line":23,"column":50}}]},"1":{"loc":{"start":{"line":53,"column":6},"end":{"line":55,"column":null}},"type":"if","locations":[{"start":{"line":53,"column":6},"end":{"line":55,"column":null}},{"start":{},"end":{}}]},"2":{"loc":{"start":{"line":56,"column":22},"end":{"line":56,"column":null}},"type":"cond-expr","locations":[{"start":{"line":56,"column":46},"end":{"line":56,"column":57}},{"start":{"line":56,"column":57},"end":{"line":56,"column":null}}]},"3":{"loc":{"start":{"line":60,"column":8},"end":{"line":60,"column":null}},"type":"if","locations":[{"start":{"line":60,"column":8},"end":{"line":60,"column":null}},{"start":{},"end":{}}]},"4":{"loc":{"start":{"line":81,"column":13},"end":{"line":81,"column":null}},"type":"binary-expr","locations":[{"start":{"line":81,"column":13},"end":{"line":81,"column":32}},{"start":{"line":81,"column":32},"end":{"line":81,"column":null}}]},"5":{"loc":{"start":{"line":83,"column":4},"end":{"line":83,"column":null}},"type":"if","locations":[{"start":{"line":83,"column":4},"end":{"line":83,"column":null}},{"start":{},"end":{}}]},"6":{"loc":{"start":{"line":89,"column":18},"end":{"line":89,"column":null}},"type":"cond-expr","locations":[{"start":{"line":89,"column":42},"end":{"line":89,"column":53}},{"start":{"line":89,"column":53},"end":{"line":89,"column":null}}]},"7":{"loc":{"start":{"line":94,"column":4},"end":{"line":94,"column":null}},"type":"if","locations":[{"start":{"line":94,"column":4},"end":{"line":94,"column":null}},{"start":{},"end":{}}]},"8":{"loc":{"start":{"line":129,"column":2},"end":{"line":134,"column":null}},"type":"if","locations":[{"start":{"line":129,"column":2},"end":{"line":134,"column":null}},{"start":{},"end":{}}]},"9":{"loc":{"start":{"line":129,"column":6},"end":{"line":129,"column":49}},"type":"binary-expr","locations":[{"start":{"line":129,"column":6},"end":{"line":129,"column":23}},{"start":{"line":129,"column":23},"end":{"line":129,"column":49}}]},"10":{"loc":{"start":{"line":143,"column":2},"end":{"line":145,"column":null}},"type":"if","locations":[{"start":{"line":143,"column":2},"end":{"line":145,"column":null}},{"start":{},"end":{}}]}},"s":{"0":11,"1":11,"2":11,"3":7,"4":7,"5":7,"6":7,"7":7,"8":7,"9":6,"10":6,"11":1,"12":5,"13":5,"14":5,"15":0,"16":0,"17":0,"18":24,"19":24,"20":24,"21":24,"22":24,"23":2,"24":2,"25":0,"26":22,"27":22,"28":22,"29":1,"30":0,"31":1,"32":7,"33":7,"34":1,"35":6,"36":6,"37":1,"38":5,"39":1,"40":4,"41":21,"42":21,"43":2,"44":19},"f":{"0":11,"1":7,"2":7,"3":6,"4":24,"5":7,"6":21},"b":{"0":[1,6],"1":[1,5],"2":[2,3],"3":[0,0],"4":[24,21],"5":[2,0],"6":[13,9],"7":[0,1],"8":[1,4],"9":[5,5],"10":[2,19]}}
,"/Users/cmbays/github/crap4ts/src/adapters/coverage/istanbul.ts": {"path":"/Users/cmbays/github/crap4ts/src/adapters/coverage/istanbul.ts","statementMap":{"0":{"start":{"line":48,"column":2},"end":{"line":48,"column":null}},"1":{"start":{"line":48,"column":43},"end":{"line":48,"column":null}},"2":{"start":{"line":49,"column":2},"end":{"line":49,"column":null}},"3":{"start":{"line":49,"column":39},"end":{"line":49,"column":null}},"4":{"start":{"line":50,"column":2},"end":{"line":54,"column":null}},"5":{"start":{"line":54,"column":4},"end":{"line":54,"column":null}},"6":{"start":{"line":55,"column":2},"end":{"line":59,"column":null}},"7":{"start":{"line":59,"column":4},"end":{"line":59,"column":null}},"8":{"start":{"line":60,"column":2},"end":{"line":60,"column":null}},"9":{"start":{"line":68,"column":14},"end":{"line":68,"column":null}},"10":{"start":{"line":69,"column":16},"end":{"line":69,"column":null}},"11":{"start":{"line":70,"column":2},"end":{"line":78,"column":null}},"12":{"start":{"line":71,"column":17},"end":{"line":71,"column":null}},"13":{"start":{"line":72,"column":4},"end":{"line":77,"column":null}},"14":{"start":{"line":73,"column":6},"end":{"line":73,"column":null}},"15":{"start":{"line":74,"column":6},"end":{"line":76,"column":null}},"16":{"start":{"line":75,"column":8},"end":{"line":75,"column":null}},"17":{"start":{"line":79,"column":2},"end":{"line":83,"column":null}},"18":{"start":{"line":91,"column":14},"end":{"line":91,"column":null}},"19":{"start":{"line":92,"column":16},"end":{"line":92,"column":null}},"20":{"start":{"line":93,"column":2},"end":{"line":106,"column":null}},"21":{"start":{"line":94,"column":19},"end":{"line":94,"column":null}},"22":{"start":{"line":95,"column":4},"end":{"line":105,"column":null}},"23":{"start":{"line":96,"column":21},"end":{"line":96,"column":null}},"24":{"start":{"line":97,"column":6},"end":{"line":104,"column":null}},"25":{"start":{"line":98,"column":8},"end":{"line":103,"column":null}},"26":{"start":{"line":99,"column":10},"end":{"line":99,"column":null}},"27":{"start":{"line":100,"column":10},"end":{"line":102,"column":null}},"28":{"start":{"line":101,"column":12},"end":{"line":101,"column":null}},"29":{"start":{"line":107,"column":2},"end":{"line":107,"column":null}},"30":{"start":{"line":107,"column":19},"end":{"line":107,"column":null}},"31":{"start":{"line":108,"column":2},"end":{"line":112,"column":null}},"32":{"start":{"line":116,"column":2},"end":{"line":116,"column":null}},"33":{"start":{"line":116,"column":26},"end":{"line":116,"column":null}},"34":{"start":{"line":117,"column":2},"end":{"line":121,"column":null}},"35":{"start":{"line":119,"column":22},"end":{"line":119,"column":null}},"36":{"start":{"line":120,"column":4},"end":{"line":120,"column":null}},"37":{"start":{"line":123,"column":17},"end":{"line":123,"column":null}},"38":{"start":{"line":124,"column":16},"end":{"line":124,"column":null}},"39":{"start":{"line":125,"column":15},"end":{"line":125,"column":null}},"40":{"start":{"line":127,"column":10},"end":{"line":127,"column":null}},"41":{"start":{"line":128,"column":2},"end":{"line":130,"column":null}},"42":{"start":{"line":129,"column":4},"end":{"line":129,"column":null}},"43":{"start":{"line":133,"column":17},"end":{"line":133,"column":null}},"44":{"start":{"line":134,"column":20},"end":{"line":134,"column":null}},"45":{"start":{"line":135,"column":2},"end":{"line":135,"column":null}},"46":{"start":{"line":139,"column":17},"end":{"line":139,"column":null}},"47":{"start":{"line":140,"column":2},"end":{"line":142,"column":null}},"48":{"start":{"line":141,"column":4},"end":{"line":141,"column":null}},"49":{"start":{"line":144,"column":2},"end":{"line":144,"column":null}},"50":{"start":{"line":153,"column":4},"end":{"line":153,"column":null}},"51":{"start":{"line":157,"column":4},"end":{"line":161,"column":null}},"52":{"start":{"line":158,"column":6},"end":{"line":160,"column":null}},"53":{"start":{"line":163,"column":19},"end":{"line":163,"column":null}},"54":{"start":{"line":164,"column":20},"end":{"line":166,"column":null}},"55":{"start":{"line":165,"column":17},"end":{"line":165,"column":null}},"56":{"start":{"line":169,"column":19},"end":{"line":171,"column":null}},"57":{"start":{"line":171,"column":55},"end":{"line":171,"column":58}},"58":{"start":{"line":173,"column":19},"end":{"line":173,"column":null}},"59":{"start":{"line":175,"column":4},"end":{"line":220,"column":null}},"60":{"start":{"line":176,"column":27},"end":{"line":176,"column":null}},"61":{"start":{"line":177,"column":44},"end":{"line":177,"column":null}},"62":{"start":{"line":180,"column":21},"end":{"line":182,"column":null}},"63":{"start":{"line":181,"column":18},"end":{"line":181,"column":null}},"64":{"start":{"line":184,"column":6},"end":{"line":217,"column":null}},"65":{"start":{"line":185,"column":24},"end":{"line":185,"column":null}},"66":{"start":{"line":186,"column":8},"end":{"line":186,"column":null}},"67":{"start":{"line":186,"column":54},"end":{"line":186,"column":null}},"68":{"start":{"line":188,"column":22},"end":{"line":188,"column":null}},"69":{"start":{"line":191,"column":33},"end":{"line":196,"column":null}},"70":{"start":{"line":198,"column":29},"end":{"line":202,"column":null}},"71":{"start":{"line":204,"column":31},"end":{"line":208,"column":null}},"72":{"start":{"line":210,"column":8},"end":{"line":216,"column":null}},"73":{"start":{"line":219,"column":6},"end":{"line":219,"column":null}},"74":{"start":{"line":222,"column":4},"end":{"line":222,"column":null}}},"fnMap":{"0":{"name":"isWithinSpan","decl":{"start":{"line":44,"column":9},"end":{"line":44,"column":22}},"loc":{"start":{"line":44,"column":75},"end":{"line":61,"column":null}}},"1":{"name":"computeLineCoverage","decl":{"start":{"line":63,"column":9},"end":{"line":63,"column":null}},"loc":{"start":{"line":67,"column":17},"end":{"line":84,"column":null}}},"2":{"name":"computeBranchCoverage","decl":{"start":{"line":86,"column":9},"end":{"line":86,"column":null}},"loc":{"start":{"line":90,"column":24},"end":{"line":113,"column":null}}},"3":{"name":"findLongestCommonPrefix","decl":{"start":{"line":115,"column":9},"end":{"line":115,"column":33}},"loc":{"start":{"line":115,"column":67},"end":{"line":136,"column":null}}},"4":{"name":"normalizePath","decl":{"start":{"line":138,"column":9},"end":{"line":138,"column":23}},"loc":{"start":{"line":138,"column":69},"end":{"line":145,"column":null}}},"5":{"name":"(anonymous_5)","decl":{"start":{"line":152,"column":2},"end":{"line":152,"column":14}},"loc":{"start":{"line":152,"column":28},"end":{"line":154,"column":null}}},"6":{"name":"(anonymous_6)","decl":{"start":{"line":156,"column":2},"end":{"line":156,"column":8}},"loc":{"start":{"line":156,"column":84},"end":{"line":223,"column":null}}},"7":{"name":"(anonymous_7)","decl":{"start":{"line":165,"column":6},"end":{"line":165,"column":7}},"loc":{"start":{"line":165,"column":17},"end":{"line":165,"column":null}}},"8":{"name":"(anonymous_8)","decl":{"start":{"line":171,"column":44},"end":{"line":171,"column":45}},"loc":{"start":{"line":171,"column":55},"end":{"line":171,"column":58}}},"9":{"name":"(anonymous_9)","decl":{"start":{"line":181,"column":8},"end":{"line":181,"column":9}},"loc":{"start":{"line":181,"column":18},"end":{"line":181,"column":null}}}},"branchMap":{"0":{"loc":{"start":{"line":48,"column":2},"end":{"line":48,"column":null}},"type":"if","locations":[{"start":{"line":48,"column":2},"end":{"line":48,"column":null}},{"start":{},"end":{}}]},"1":{"loc":{"start":{"line":49,"column":2},"end":{"line":49,"column":null}},"type":"if","locations":[{"start":{"line":49,"column":2},"end":{"line":49,"column":null}},{"start":{},"end":{}}]},"2":{"loc":{"start":{"line":50,"column":2},"end":{"line":54,"column":null}},"type":"if","locations":[{"start":{"line":50,"column":2},"end":{"line":54,"column":null}},{"start":{},"end":{}}]},"3":{"loc":{"start":{"line":51,"column":4},"end":{"line":52,"column":null}},"type":"binary-expr","locations":[{"start":{"line":51,"column":4},"end":{"line":51,"column":null}},{"start":{"line":52,"column":4},"end":{"line":52,"column":null}}]},"4":{"loc":{"start":{"line":55,"column":2},"end":{"line":59,"column":null}},"type":"if","locations":[{"start":{"line":55,"column":2},"end":{"line":59,"column":null}},{"start":{},"end":{}}]},"5":{"loc":{"start":{"line":56,"column":4},"end":{"line":57,"column":null}},"type":"binary-expr","locations":[{"start":{"line":56,"column":4},"end":{"line":56,"column":null}},{"start":{"line":57,"column":4},"end":{"line":57,"column":null}}]},"6":{"loc":{"start":{"line":72,"column":4},"end":{"line":77,"column":null}},"type":"if","locations":[{"start":{"line":72,"column":4},"end":{"line":77,"column":null}},{"start":{},"end":{}}]},"7":{"loc":{"start":{"line":72,"column":8},"end":{"line":72,"column":43}},"type":"binary-expr","locations":[{"start":{"line":72,"column":8},"end":{"line":72,"column":16}},{"start":{"line":72,"column":16},"end":{"line":72,"column":43}}]},"8":{"loc":{"start":{"line":74,"column":6},"end":{"line":76,"column":null}},"type":"if","locations":[{"start":{"line":74,"column":6},"end":{"line":76,"column":null}},{"start":{},"end":{}}]},"9":{"loc":{"start":{"line":74,"column":11},"end":{"line":74,"column":26}},"type":"binary-expr","locations":[{"start":{"line":74,"column":11},"end":{"line":74,"column":21}},{"start":{"line":74,"column":21},"end":{"line":74,"column":26}}]},"10":{"loc":{"start":{"line":82,"column":13},"end":{"line":82,"column":null}},"type":"cond-expr","locations":[{"start":{"line":82,"column":27},"end":{"line":82,"column":33}},{"start":{"line":82,"column":33},"end":{"line":82,"column":null}}]},"11":{"loc":{"start":{"line":95,"column":4},"end":{"line":105,"column":null}},"type":"if","locations":[{"start":{"line":95,"column":4},"end":{"line":105,"column":null}},{"start":{},"end":{}}]},"12":{"loc":{"start":{"line":95,"column":8},"end":{"line":95,"column":51}},"type":"binary-expr","locations":[{"start":{"line":95,"column":8},"end":{"line":95,"column":18}},{"start":{"line":95,"column":18},"end":{"line":95,"column":51}}]},"13":{"loc":{"start":{"line":97,"column":6},"end":{"line":104,"column":null}},"type":"if","locations":[{"start":{"line":97,"column":6},"end":{"line":104,"column":null}},{"start":{},"end":{}}]},"14":{"loc":{"start":{"line":100,"column":10},"end":{"line":102,"column":null}},"type":"if","locations":[{"start":{"line":100,"column":10},"end":{"line":102,"column":null}},{"start":{},"end":{}}]},"15":{"loc":{"start":{"line":107,"column":2},"end":{"line":107,"column":null}},"type":"if","locations":[{"start":{"line":107,"column":2},"end":{"line":107,"column":null}},{"start":{},"end":{}}]},"16":{"loc":{"start":{"line":116,"column":2},"end":{"line":116,"column":null}},"type":"if","locations":[{"start":{"line":116,"column":2},"end":{"line":116,"column":null}},{"start":{},"end":{}}]},"17":{"loc":{"start":{"line":117,"column":2},"end":{"line":121,"column":null}},"type":"if","locations":[{"start":{"line":117,"column":2},"end":{"line":121,"column":null}},{"start":{},"end":{}}]},"18":{"loc":{"start":{"line":120,"column":11},"end":{"line":120,"column":null}},"type":"cond-expr","locations":[{"start":{"line":120,"column":28},"end":{"line":120,"column":64}},{"start":{"line":120,"column":64},"end":{"line":120,"column":null}}]},"19":{"loc":{"start":{"line":128,"column":9},"end":{"line":128,"column":70}},"type":"binary-expr","locations":[{"start":{"line":128,"column":9},"end":{"line":128,"column":29}},{"start":{"line":128,"column":29},"end":{"line":128,"column":48}},{"start":{"line":128,"column":48},"end":{"line":128,"column":70}}]},"20":{"loc":{"start":{"line":135,"column":9},"end":{"line":135,"column":null}},"type":"cond-expr","locations":[{"start":{"line":135,"column":26},"end":{"line":135,"column":59}},{"start":{"line":135,"column":59},"end":{"line":135,"column":null}}]},"21":{"loc":{"start":{"line":140,"column":2},"end":{"line":142,"column":null}},"type":"if","locations":[{"start":{"line":140,"column":2},"end":{"line":142,"column":null}},{"start":{},"end":{}}]},"22":{"loc":{"start":{"line":140,"column":6},"end":{"line":140,"column":49}},"type":"binary-expr","locations":[{"start":{"line":140,"column":6},"end":{"line":140,"column":16}},{"start":{"line":140,"column":16},"end":{"line":140,"column":49}}]},"23":{"loc":{"start":{"line":157,"column":4},"end":{"line":161,"column":null}},"type":"if","locations":[{"start":{"line":157,"column":4},"end":{"line":161,"column":null}},{"start":{},"end":{}}]},"24":{"loc":{"start":{"line":157,"column":8},"end":{"line":157,"column":74}},"type":"binary-expr","locations":[{"start":{"line":157,"column":8},"end":{"line":157,"column":25}},{"start":{"line":157,"column":25},"end":{"line":157,"column":53}},{"start":{"line":157,"column":53},"end":{"line":157,"column":74}}]},"25":{"loc":{"start":{"line":165,"column":17},"end":{"line":165,"column":null}},"type":"binary-expr","locations":[{"start":{"line":165,"column":17},"end":{"line":165,"column":31}},{"start":{"line":165,"column":31},"end":{"line":165,"column":56}},{"start":{"line":165,"column":56},"end":{"line":165,"column":null}}]},"26":{"loc":{"start":{"line":169,"column":19},"end":{"line":171,"column":null}},"type":"cond-expr","locations":[{"start":{"line":170,"column":8},"end":{"line":170,"column":null}},{"start":{"line":171,"column":8},"end":{"line":171,"column":null}}]},"27":{"loc":{"start":{"line":186,"column":8},"end":{"line":186,"column":null}},"type":"if","locations":[{"start":{"line":186,"column":8},"end":{"line":186,"column":null}},{"start":{},"end":{}}]},"28":{"loc":{"start":{"line":186,"column":12},"end":{"line":186,"column":54}},"type":"binary-expr","locations":[{"start":{"line":186,"column":12},"end":{"line":186,"column":36}},{"start":{"line":186,"column":36},"end":{"line":186,"column":54}}]}},"s":{"0":570,"1":180,"2":390,"3":180,"4":210,"5":0,"6":210,"7":0,"8":210,"9":121,"10":121,"11":121,"12":480,"13":480,"14":180,"15":180,"16":150,"17":121,"18":121,"19":121,"20":121,"21":90,"22":90,"23":30,"24":30,"25":30,"26":60,"27":60,"28":60,"29":121,"30":91,"31":30,"32":14,"33":1,"34":13,"35":2,"36":2,"37":11,"38":11,"39":11,"40":11,"41":11,"42":231,"43":11,"44":11,"45":11,"46":61,"47":61,"48":61,"49":61,"50":33,"51":37,"52":3,"53":34,"54":34,"55":61,"56":34,"57":24,"58":34,"59":34,"60":61,"61":61,"62":61,"63":60,"64":61,"65":121,"66":121,"67":0,"68":121,"69":121,"70":121,"71":121,"72":121,"73":61,"74":34},"f":{"0":570,"1":121,"2":121,"3":14,"4":61,"5":33,"6":37,"7":61,"8":24,"9":60},"b":{"0":[180,390],"1":[180,210],"2":[0,210],"3":[210,0],"4":[0,210],"5":[210,0],"6":[180,300],"7":[480,480],"8":[150,30],"9":[180,0],"10":[1,120],"11":[30,60],"12":[90,90],"13":[30,0],"14":[60,0],"15":[91,30],"16":[1,13],"17":[2,11],"18":[2,0],"19":[242,242,242],"20":[11,0],"21":[61,0],"22":[61,61],"23":[3,34],"24":[37,36,34],"25":[61,61,61],"26":[20,14],"27":[0,121],"28":[121,121]}}
,"/Users/cmbays/github/crap4ts/src/adapters/coverage/v8.ts": {"path":"/Users/cmbays/github/crap4ts/src/adapters/coverage/v8.ts","statementMap":{"0":{"start":{"line":32,"column":30},"end":{"line":32,"column":null}},"1":{"start":{"line":42,"column":26},"end":{"line":42,"column":null}},"2":{"start":{"line":43,"column":2},"end":{"line":47,"column":null}},"3":{"start":{"line":43,"column":15},"end":{"line":43,"column":18}},"4":{"start":{"line":44,"column":4},"end":{"line":46,"column":null}},"5":{"start":{"line":45,"column":6},"end":{"line":45,"column":null}},"6":{"start":{"line":48,"column":2},"end":{"line":48,"column":null}},"7":{"start":{"line":59,"column":11},"end":{"line":59,"column":null}},"8":{"start":{"line":60,"column":11},"end":{"line":60,"column":null}},"9":{"start":{"line":61,"column":2},"end":{"line":68,"column":null}},"10":{"start":{"line":62,"column":17},"end":{"line":62,"column":null}},"11":{"start":{"line":63,"column":4},"end":{"line":67,"column":null}},"12":{"start":{"line":64,"column":6},"end":{"line":64,"column":null}},"13":{"start":{"line":66,"column":6},"end":{"line":66,"column":null}},"14":{"start":{"line":69,"column":2},"end":{"line":69,"column":null}},"15":{"start":{"line":75,"column":2},"end":{"line":75,"column":null}},"16":{"start":{"line":81,"column":2},"end":{"line":89,"column":null}},"17":{"start":{"line":82,"column":21},"end":{"line":82,"column":null}},"18":{"start":{"line":85,"column":4},"end":{"line":87,"column":null}},"19":{"start":{"line":86,"column":6},"end":{"line":86,"column":null}},"20":{"start":{"line":88,"column":4},"end":{"line":88,"column":null}},"21":{"start":{"line":90,"column":2},"end":{"line":90,"column":null}},"22":{"start":{"line":94,"column":2},"end":{"line":94,"column":null}},"23":{"start":{"line":94,"column":26},"end":{"line":94,"column":null}},"24":{"start":{"line":95,"column":2},"end":{"line":98,"column":null}},"25":{"start":{"line":96,"column":22},"end":{"line":96,"column":null}},"26":{"start":{"line":97,"column":4},"end":{"line":97,"column":null}},"27":{"start":{"line":100,"column":17},"end":{"line":100,"column":null}},"28":{"start":{"line":101,"column":16},"end":{"line":101,"column":null}},"29":{"start":{"line":102,"column":15},"end":{"line":102,"column":null}},"30":{"start":{"line":104,"column":10},"end":{"line":104,"column":null}},"31":{"start":{"line":105,"column":2},"end":{"line":107,"column":null}},"32":{"start":{"line":106,"column":4},"end":{"line":106,"column":null}},"33":{"start":{"line":109,"column":17},"end":{"line":109,"column":null}},"34":{"start":{"line":110,"column":20},"end":{"line":110,"column":null}},"35":{"start":{"line":111,"column":2},"end":{"line":111,"column":null}},"36":{"start":{"line":115,"column":17},"end":{"line":115,"column":null}},"37":{"start":{"line":116,"column":2},"end":{"line":118,"column":null}},"38":{"start":{"line":117,"column":4},"end":{"line":117,"column":null}},"39":{"start":{"line":119,"column":2},"end":{"line":119,"column":null}},"40":{"start":{"line":123,"column":16},"end":{"line":123,"column":null}},"41":{"start":{"line":124,"column":21},"end":{"line":124,"column":null}},"42":{"start":{"line":126,"column":2},"end":{"line":128,"column":null}},"43":{"start":{"line":127,"column":4},"end":{"line":127,"column":null}},"44":{"start":{"line":131,"column":23},"end":{"line":131,"column":null}},"45":{"start":{"line":132,"column":2},"end":{"line":136,"column":null}},"46":{"start":{"line":133,"column":4},"end":{"line":135,"column":null}},"47":{"start":{"line":134,"column":6},"end":{"line":134,"column":null}},"48":{"start":{"line":138,"column":23},"end":{"line":138,"column":null}},"49":{"start":{"line":140,"column":4},"end":{"line":140,"column":null}},"50":{"start":{"line":142,"column":2},"end":{"line":142,"column":null}},"51":{"start":{"line":149,"column":2},"end":{"line":156,"column":null}},"52":{"start":{"line":150,"column":22},"end":{"line":150,"column":null}},"53":{"start":{"line":151,"column":20},"end":{"line":154,"column":null}},"54":{"start":{"line":155,"column":4},"end":{"line":155,"column":null}},"55":{"start":{"line":159,"column":20},"end":{"line":159,"column":null}},"56":{"start":{"line":160,"column":18},"end":{"line":163,"column":null}},"57":{"start":{"line":164,"column":2},"end":{"line":164,"column":null}},"58":{"start":{"line":173,"column":4},"end":{"line":173,"column":null}},"59":{"start":{"line":180,"column":20},"end":{"line":180,"column":null}},"60":{"start":{"line":183,"column":26},"end":{"line":183,"column":null}},"61":{"start":{"line":183,"column":45},"end":{"line":183,"column":69}},"62":{"start":{"line":186,"column":19},"end":{"line":188,"column":null}},"63":{"start":{"line":190,"column":19},"end":{"line":190,"column":null}},"64":{"start":{"line":191,"column":32},"end":{"line":191,"column":null}},"65":{"start":{"line":192,"column":24},"end":{"line":192,"column":null}},"66":{"start":{"line":194,"column":4},"end":{"line":200,"column":null}},"67":{"start":{"line":194,"column":17},"end":{"line":194,"column":20}},"68":{"start":{"line":195,"column":21},"end":{"line":195,"column":null}},"69":{"start":{"line":196,"column":27},"end":{"line":196,"column":null}},"70":{"start":{"line":197,"column":37},"end":{"line":197,"column":null}},"71":{"start":{"line":198,"column":6},"end":{"line":198,"column":null}},"72":{"start":{"line":199,"column":6},"end":{"line":199,"column":null}},"73":{"start":{"line":199,"column":19},"end":{"line":199,"column":null}},"74":{"start":{"line":202,"column":4},"end":{"line":202,"column":null}},"75":{"start":{"line":206,"column":4},"end":{"line":210,"column":null}},"76":{"start":{"line":207,"column":6},"end":{"line":209,"column":null}},"77":{"start":{"line":212,"column":19},"end":{"line":212,"column":null}},"78":{"start":{"line":214,"column":4},"end":{"line":218,"column":null}},"79":{"start":{"line":215,"column":6},"end":{"line":217,"column":null}},"80":{"start":{"line":220,"column":4},"end":{"line":222,"column":null}},"81":{"start":{"line":221,"column":13},"end":{"line":221,"column":null}},"82":{"start":{"line":231,"column":26},"end":{"line":231,"column":null}},"83":{"start":{"line":232,"column":22},"end":{"line":234,"column":null}},"84":{"start":{"line":237,"column":6},"end":{"line":239,"column":null}},"85":{"start":{"line":239,"column":36},"end":{"line":239,"column":75}},"86":{"start":{"line":241,"column":34},"end":{"line":241,"column":null}},"87":{"start":{"line":242,"column":4},"end":{"line":249,"column":null}},"88":{"start":{"line":243,"column":6},"end":{"line":247,"column":null}},"89":{"start":{"line":248,"column":6},"end":{"line":248,"column":null}},"90":{"start":{"line":251,"column":42},"end":{"line":251,"column":null}},"91":{"start":{"line":252,"column":4},"end":{"line":263,"column":null}},"92":{"start":{"line":253,"column":6},"end":{"line":253,"column":null}},"93":{"start":{"line":253,"column":54},"end":{"line":253,"column":null}},"94":{"start":{"line":255,"column":25},"end":{"line":255,"column":null}},"95":{"start":{"line":256,"column":6},"end":{"line":262,"column":null}},"96":{"start":{"line":265,"column":4},"end":{"line":265,"column":null}}},"fnMap":{"0":{"name":"buildLineOffsetTable","decl":{"start":{"line":41,"column":16},"end":{"line":41,"column":37}},"loc":{"start":{"line":41,"column":63},"end":{"line":49,"column":null}}},"1":{"name":"byteOffsetToLineFromTable","decl":{"start":{"line":55,"column":16},"end":{"line":55,"column":null}},"loc":{"start":{"line":58,"column":10},"end":{"line":70,"column":null}}},"2":{"name":"byteOffsetToLineApprox","decl":{"start":{"line":74,"column":9},"end":{"line":74,"column":32}},"loc":{"start":{"line":74,"column":56},"end":{"line":76,"column":null}}},"3":{"name":"stripFileProtocol","decl":{"start":{"line":80,"column":9},"end":{"line":80,"column":27}},"loc":{"start":{"line":80,"column":48},"end":{"line":91,"column":null}}},"4":{"name":"findLongestCommonPrefix","decl":{"start":{"line":93,"column":9},"end":{"line":93,"column":33}},"loc":{"start":{"line":93,"column":67},"end":{"line":112,"column":null}}},"5":{"name":"normalizePath","decl":{"start":{"line":114,"column":9},"end":{"line":114,"column":23}},"loc":{"start":{"line":114,"column":69},"end":{"line":120,"column":null}}},"6":{"name":"computeByteCoverage","decl":{"start":{"line":122,"column":9},"end":{"line":122,"column":29}},"loc":{"start":{"line":122,"column":72},"end":{"line":143,"column":null}}},"7":{"name":"computeSpan","decl":{"start":{"line":145,"column":9},"end":{"line":145,"column":null}},"loc":{"start":{"line":148,"column":14},"end":{"line":165,"column":null}}},"8":{"name":"(anonymous_8)","decl":{"start":{"line":172,"column":2},"end":{"line":172,"column":14}},"loc":{"start":{"line":172,"column":28},"end":{"line":174,"column":null}}},"9":{"name":"(anonymous_9)","decl":{"start":{"line":176,"column":2},"end":{"line":176,"column":null}},"loc":{"start":{"line":179,"column":25},"end":{"line":203,"column":null}}},"10":{"name":"(anonymous_10)","decl":{"start":{"line":183,"column":38},"end":{"line":183,"column":39}},"loc":{"start":{"line":183,"column":45},"end":{"line":183,"column":69}}},"11":{"name":"(anonymous_11)","decl":{"start":{"line":205,"column":10},"end":{"line":205,"column":36}},"loc":{"start":{"line":205,"column":71},"end":{"line":223,"column":null}}},"12":{"name":"(anonymous_12)","decl":{"start":{"line":221,"column":6},"end":{"line":221,"column":7}},"loc":{"start":{"line":221,"column":13},"end":{"line":221,"column":null}}},"13":{"name":"(anonymous_13)","decl":{"start":{"line":225,"column":10},"end":{"line":225,"column":null}},"loc":{"start":{"line":230,"column":64},"end":{"line":266,"column":null}}},"14":{"name":"(anonymous_14)","decl":{"start":{"line":239,"column":28},"end":{"line":239,"column":29}},"loc":{"start":{"line":239,"column":36},"end":{"line":239,"column":75}}}},"branchMap":{"0":{"loc":{"start":{"line":44,"column":4},"end":{"line":46,"column":null}},"type":"if","locations":[{"start":{"line":44,"column":4},"end":{"line":46,"column":null}},{"start":{},"end":{}}]},"1":{"loc":{"start":{"line":63,"column":4},"end":{"line":67,"column":null}},"type":"if","locations":[{"start":{"line":63,"column":4},"end":{"line":67,"column":null}},{"start":{"line":65,"column":11},"end":{"line":67,"column":null}}]},"2":{"loc":{"start":{"line":81,"column":2},"end":{"line":89,"column":null}},"type":"if","locations":[{"start":{"line":81,"column":2},"end":{"line":89,"column":null}},{"start":{},"end":{}}]},"3":{"loc":{"start":{"line":85,"column":4},"end":{"line":87,"column":null}},"type":"if","locations":[{"start":{"line":85,"column":4},"end":{"line":87,"column":null}},{"start":{},"end":{}}]},"4":{"loc":{"start":{"line":94,"column":2},"end":{"line":94,"column":null}},"type":"if","locations":[{"start":{"line":94,"column":2},"end":{"line":94,"column":null}},{"start":{},"end":{}}]},"5":{"loc":{"start":{"line":95,"column":2},"end":{"line":98,"column":null}},"type":"if","locations":[{"start":{"line":95,"column":2},"end":{"line":98,"column":null}},{"start":{},"end":{}}]},"6":{"loc":{"start":{"line":97,"column":11},"end":{"line":97,"column":null}},"type":"cond-expr","locations":[{"start":{"line":97,"column":28},"end":{"line":97,"column":64}},{"start":{"line":97,"column":64},"end":{"line":97,"column":null}}]},"7":{"loc":{"start":{"line":105,"column":9},"end":{"line":105,"column":70}},"type":"binary-expr","locations":[{"start":{"line":105,"column":9},"end":{"line":105,"column":29}},{"start":{"line":105,"column":29},"end":{"line":105,"column":48}},{"start":{"line":105,"column":48},"end":{"line":105,"column":70}}]},"8":{"loc":{"start":{"line":111,"column":9},"end":{"line":111,"column":null}},"type":"cond-expr","locations":[{"start":{"line":111,"column":26},"end":{"line":111,"column":59}},{"start":{"line":111,"column":59},"end":{"line":111,"column":null}}]},"9":{"loc":{"start":{"line":116,"column":2},"end":{"line":118,"column":null}},"type":"if","locations":[{"start":{"line":116,"column":2},"end":{"line":118,"column":null}},{"start":{},"end":{}}]},"10":{"loc":{"start":{"line":116,"column":6},"end":{"line":116,"column":49}},"type":"binary-expr","locations":[{"start":{"line":116,"column":6},"end":{"line":116,"column":16}},{"start":{"line":116,"column":16},"end":{"line":116,"column":49}}]},"11":{"loc":{"start":{"line":126,"column":2},"end":{"line":128,"column":null}},"type":"if","locations":[{"start":{"line":126,"column":2},"end":{"line":128,"column":null}},{"start":{},"end":{}}]},"12":{"loc":{"start":{"line":133,"column":4},"end":{"line":135,"column":null}},"type":"if","locations":[{"start":{"line":133,"column":4},"end":{"line":135,"column":null}},{"start":{},"end":{}}]},"13":{"loc":{"start":{"line":149,"column":2},"end":{"line":156,"column":null}},"type":"if","locations":[{"start":{"line":149,"column":2},"end":{"line":156,"column":null}},{"start":{},"end":{}}]},"14":{"loc":{"start":{"line":186,"column":19},"end":{"line":188,"column":null}},"type":"cond-expr","locations":[{"start":{"line":187,"column":8},"end":{"line":187,"column":null}},{"start":{"line":188,"column":8},"end":{"line":188,"column":null}}]},"15":{"loc":{"start":{"line":199,"column":6},"end":{"line":199,"column":null}},"type":"if","locations":[{"start":{"line":199,"column":6},"end":{"line":199,"column":null}},{"start":{},"end":{}}]},"16":{"loc":{"start":{"line":206,"column":4},"end":{"line":210,"column":null}},"type":"if","locations":[{"start":{"line":206,"column":4},"end":{"line":210,"column":null}},{"start":{},"end":{}}]},"17":{"loc":{"start":{"line":206,"column":8},"end":{"line":206,"column":74}},"type":"binary-expr","locations":[{"start":{"line":206,"column":8},"end":{"line":206,"column":25}},{"start":{"line":206,"column":25},"end":{"line":206,"column":53}},{"start":{"line":206,"column":53},"end":{"line":206,"column":74}}]},"18":{"loc":{"start":{"line":214,"column":4},"end":{"line":218,"column":null}},"type":"if","locations":[{"start":{"line":214,"column":4},"end":{"line":218,"column":null}},{"start":{},"end":{}}]},"19":{"loc":{"start":{"line":221,"column":13},"end":{"line":221,"column":null}},"type":"binary-expr","locations":[{"start":{"line":221,"column":13},"end":{"line":221,"column":18}},{"start":{"line":221,"column":18},"end":{"line":221,"column":43}},{"start":{"line":221,"column":43},"end":{"line":221,"column":72}},{"start":{"line":221,"column":72},"end":{"line":221,"column":null}}]},"20":{"loc":{"start":{"line":231,"column":26},"end":{"line":231,"column":null}},"type":"binary-expr","locations":[{"start":{"line":231,"column":26},"end":{"line":231,"column":56}},{"start":{"line":231,"column":56},"end":{"line":231,"column":null}}]},"21":{"loc":{"start":{"line":232,"column":22},"end":{"line":234,"column":null}},"type":"cond-expr","locations":[{"start":{"line":233,"column":8},"end":{"line":233,"column":null}},{"start":{"line":234,"column":8},"end":{"line":234,"column":null}}]},"22":{"loc":{"start":{"line":237,"column":6},"end":{"line":239,"column":null}},"type":"binary-expr","locations":[{"start":{"line":237,"column":6},"end":{"line":237,"column":null}},{"start":{"line":238,"column":6},"end":{"line":238,"column":null}},{"start":{"line":239,"column":6},"end":{"line":239,"column":null}}]},"23":{"loc":{"start":{"line":239,"column":36},"end":{"line":239,"column":75}},"type":"binary-expr","locations":[{"start":{"line":239,"column":36},"end":{"line":239,"column":55}},{"start":{"line":239,"column":55},"end":{"line":239,"column":75}}]},"24":{"loc":{"start":{"line":242,"column":4},"end":{"line":249,"column":null}},"type":"if","locations":[{"start":{"line":242,"column":4},"end":{"line":249,"column":null}},{"start":{},"end":{}}]},"25":{"loc":{"start":{"line":253,"column":6},"end":{"line":253,"column":null}},"type":"if","locations":[{"start":{"line":253,"column":6},"end":{"line":253,"column":null}},{"start":{},"end":{}}]},"26":{"loc":{"start":{"line":253,"column":10},"end":{"line":253,"column":54}},"type":"binary-expr","locations":[{"start":{"line":253,"column":10},"end":{"line":253,"column":30}},{"start":{"line":253,"column":30},"end":{"line":253,"column":54}}]}},"s":{"0":5,"1":9,"2":9,"3":9,"4":101686,"5":2009,"6":9,"7":27,"8":27,"9":27,"10":165,"11":165,"12":29,"13":136,"14":27,"15":90,"16":54,"17":54,"18":54,"19":1,"20":53,"21":0,"22":12,"23":0,"24":12,"25":0,"26":0,"27":12,"28":12,"29":12,"30":12,"31":12,"32":252,"33":12,"34":12,"35":12,"36":54,"37":54,"38":54,"39":54,"40":101,"41":101,"42":101,"43":0,"44":101,"45":101,"46":193,"47":46,"48":101,"49":101,"50":101,"51":101,"52":11,"53":11,"54":11,"55":90,"56":90,"57":90,"58":34,"59":37,"60":31,"61":54,"62":31,"63":31,"64":31,"65":31,"66":31,"67":31,"68":54,"69":54,"70":54,"71":54,"72":54,"73":47,"74":31,"75":37,"76":3,"77":34,"78":34,"79":3,"80":31,"81":54,"82":54,"83":54,"84":54,"85":49,"86":54,"87":54,"88":47,"89":47,"90":54,"91":54,"92":103,"93":2,"94":101,"95":101,"96":54},"f":{"0":9,"1":27,"2":90,"3":54,"4":12,"5":54,"6":101,"7":101,"8":34,"9":37,"10":54,"11":37,"12":54,"13":54,"14":49},"b":{"0":[2009,99677],"1":[29,136],"2":[54,0],"3":[1,53],"4":[0,12],"5":[0,12],"6":[0,0],"7":[264,264,264],"8":[12,0],"9":[54,0],"10":[54,54],"11":[0,101],"12":[46,147],"13":[11,90],"14":[19,12],"15":[47,7],"16":[3,34],"17":[37,36,34],"18":[3,31],"19":[54,54,54,54],"20":[54,48],"21":[6,48],"22":[54,48,48],"23":[49,48],"24":[47,7],"25":[2,101],"26":[103,102]}}
,"/Users/cmbays/github/crap4ts/src/adapters/reporters/console.ts": {"path":"/Users/cmbays/github/crap4ts/src/adapters/reporters/console.ts","statementMap":{"0":{"start":{"line":14,"column":21},"end":{"line":14,"column":null}},"1":{"start":{"line":15,"column":4},"end":{"line":15,"column":null}},"2":{"start":{"line":19,"column":28},"end":{"line":19,"column":null}},"3":{"start":{"line":20,"column":41},"end":{"line":20,"column":null}},"4":{"start":{"line":23,"column":4},"end":{"line":23,"column":null}},"5":{"start":{"line":24,"column":4},"end":{"line":24,"column":null}},"6":{"start":{"line":25,"column":4},"end":{"line":25,"column":null}},"7":{"start":{"line":28,"column":21},"end":{"line":28,"column":null}},"8":{"start":{"line":29,"column":25},"end":{"line":29,"column":null}},"9":{"start":{"line":31,"column":4},"end":{"line":94,"column":null}},"10":{"start":{"line":33,"column":20},"end":{"line":36,"column":null}},"11":{"start":{"line":35,"column":31},"end":{"line":35,"column":64}},"12":{"start":{"line":37,"column":18},"end":{"line":40,"column":null}},"13":{"start":{"line":39,"column":31},"end":{"line":39,"column":69}},"14":{"start":{"line":41,"column":18},"end":{"line":41,"column":null}},"15":{"start":{"line":42,"column":19},"end":{"line":42,"column":null}},"16":{"start":{"line":43,"column":20},"end":{"line":43,"column":null}},"17":{"start":{"line":44,"column":22},"end":{"line":44,"column":null}},"18":{"start":{"line":47,"column":25},"end":{"line":53,"column":null}},"19":{"start":{"line":54,"column":6},"end":{"line":56,"column":null}},"20":{"start":{"line":55,"column":8},"end":{"line":55,"column":null}},"21":{"start":{"line":57,"column":6},"end":{"line":57,"column":null}},"22":{"start":{"line":60,"column":22},"end":{"line":66,"column":null}},"23":{"start":{"line":67,"column":6},"end":{"line":69,"column":null}},"24":{"start":{"line":68,"column":8},"end":{"line":68,"column":null}},"25":{"start":{"line":70,"column":6},"end":{"line":70,"column":null}},"26":{"start":{"line":73,"column":6},"end":{"line":91,"column":null}},"27":{"start":{"line":74,"column":36},"end":{"line":74,"column":null}},"28":{"start":{"line":75,"column":25},"end":{"line":75,"column":null}},"29":{"start":{"line":76,"column":23},"end":{"line":76,"column":null}},"30":{"start":{"line":77,"column":19},"end":{"line":77,"column":null}},"31":{"start":{"line":78,"column":23},"end":{"line":78,"column":null}},"32":{"start":{"line":79,"column":24},"end":{"line":79,"column":null}},"33":{"start":{"line":81,"column":27},"end":{"line":81,"column":null}},"34":{"start":{"line":82,"column":28},"end":{"line":84,"column":null}},"35":{"start":{"line":86,"column":24},"end":{"line":86,"column":null}},"36":{"start":{"line":87,"column":8},"end":{"line":89,"column":null}},"37":{"start":{"line":88,"column":10},"end":{"line":88,"column":null}},"38":{"start":{"line":90,"column":8},"end":{"line":90,"column":null}},"39":{"start":{"line":93,"column":6},"end":{"line":93,"column":null}},"40":{"start":{"line":97,"column":27},"end":{"line":99,"column":null}},"41":{"start":{"line":100,"column":26},"end":{"line":102,"column":null}},"42":{"start":{"line":104,"column":4},"end":{"line":106,"column":null}},"43":{"start":{"line":107,"column":4},"end":{"line":107,"column":null}},"44":{"start":{"line":109,"column":4},"end":{"line":109,"column":null}},"45":{"start":{"line":113,"column":4},"end":{"line":113,"column":null}},"46":{"start":{"line":113,"column":22},"end":{"line":113,"column":null}},"47":{"start":{"line":114,"column":4},"end":{"line":114,"column":null}},"48":{"start":{"line":114,"column":22},"end":{"line":114,"column":null}},"49":{"start":{"line":115,"column":4},"end":{"line":115,"column":null}},"50":{"start":{"line":119,"column":4},"end":{"line":119,"column":null}}},"fnMap":{"0":{"name":"(anonymous_0)","decl":{"start":{"line":13,"column":2},"end":{"line":13,"column":14}},"loc":{"start":{"line":13,"column":52},"end":{"line":16,"column":null}}},"1":{"name":"(anonymous_1)","decl":{"start":{"line":18,"column":2},"end":{"line":18,"column":9}},"loc":{"start":{"line":18,"column":41},"end":{"line":110,"column":null}}},"2":{"name":"(anonymous_2)","decl":{"start":{"line":35,"column":24},"end":{"line":35,"column":25}},"loc":{"start":{"line":35,"column":31},"end":{"line":35,"column":64}}},"3":{"name":"(anonymous_3)","decl":{"start":{"line":39,"column":24},"end":{"line":39,"column":25}},"loc":{"start":{"line":39,"column":31},"end":{"line":39,"column":69}}},"4":{"name":"(anonymous_4)","decl":{"start":{"line":112,"column":10},"end":{"line":112,"column":27}},"loc":{"start":{"line":112,"column":71},"end":{"line":116,"column":null}}},"5":{"name":"(anonymous_5)","decl":{"start":{"line":118,"column":10},"end":{"line":118,"column":28}},"loc":{"start":{"line":118,"column":28},"end":{"line":120,"column":null}}}},"branchMap":{"0":{"loc":{"start":{"line":13,"column":14},"end":{"line":13,"column":52}},"type":"default-arg","locations":[{"start":{"line":13,"column":48},"end":{"line":13,"column":52}}]},"1":{"loc":{"start":{"line":14,"column":21},"end":{"line":14,"column":null}},"type":"binary-expr","locations":[{"start":{"line":14,"column":21},"end":{"line":14,"column":39}},{"start":{"line":14,"column":39},"end":{"line":14,"column":64}},{"start":{"line":14,"column":64},"end":{"line":14,"column":null}}]},"2":{"loc":{"start":{"line":15,"column":32},"end":{"line":15,"column":49}},"type":"cond-expr","locations":[{"start":{"line":15,"column":43},"end":{"line":15,"column":47}},{"start":{"line":15,"column":47},"end":{"line":15,"column":49}}]},"3":{"loc":{"start":{"line":31,"column":4},"end":{"line":94,"column":null}},"type":"if","locations":[{"start":{"line":31,"column":4},"end":{"line":94,"column":null}},{"start":{},"end":{}}]},"4":{"loc":{"start":{"line":54,"column":6},"end":{"line":56,"column":null}},"type":"if","locations":[{"start":{"line":54,"column":6},"end":{"line":56,"column":null}},{"start":{},"end":{}}]},"5":{"loc":{"start":{"line":67,"column":6},"end":{"line":69,"column":null}},"type":"if","locations":[{"start":{"line":67,"column":6},"end":{"line":69,"column":null}},{"start":{},"end":{}}]},"6":{"loc":{"start":{"line":82,"column":28},"end":{"line":84,"column":null}},"type":"cond-expr","locations":[{"start":{"line":83,"column":12},"end":{"line":83,"column":null}},{"start":{"line":84,"column":12},"end":{"line":84,"column":null}}]},"7":{"loc":{"start":{"line":87,"column":8},"end":{"line":89,"column":null}},"type":"if","locations":[{"start":{"line":87,"column":8},"end":{"line":89,"column":null}},{"start":{},"end":{}}]},"8":{"loc":{"start":{"line":97,"column":27},"end":{"line":99,"column":null}},"type":"cond-expr","locations":[{"start":{"line":98,"column":8},"end":{"line":98,"column":null}},{"start":{"line":99,"column":8},"end":{"line":99,"column":null}}]},"9":{"loc":{"start":{"line":100,"column":26},"end":{"line":102,"column":null}},"type":"cond-expr","locations":[{"start":{"line":101,"column":8},"end":{"line":101,"column":null}},{"start":{"line":102,"column":8},"end":{"line":102,"column":null}}]},"10":{"loc":{"start":{"line":113,"column":4},"end":{"line":113,"column":null}},"type":"if","locations":[{"start":{"line":113,"column":4},"end":{"line":113,"column":null}},{"start":{},"end":{}}]},"11":{"loc":{"start":{"line":114,"column":4},"end":{"line":114,"column":null}},"type":"if","locations":[{"start":{"line":114,"column":4},"end":{"line":114,"column":null}},{"start":{},"end":{}}]}},"s":{"0":20,"1":20,"2":19,"3":19,"4":19,"5":19,"6":19,"7":19,"8":19,"9":19,"10":15,"11":20,"12":15,"13":20,"14":15,"15":15,"16":15,"17":15,"18":15,"19":15,"20":1,"21":15,"22":15,"23":15,"24":1,"25":15,"26":15,"27":20,"28":20,"29":20,"30":20,"31":20,"32":20,"33":20,"34":20,"35":20,"36":20,"37":2,"38":20,"39":15,"40":19,"41":19,"42":19,"43":19,"44":19,"45":20,"46":7,"47":13,"48":5,"49":8,"50":19},"f":{"0":20,"1":19,"2":20,"3":20,"4":20,"5":19},"b":{"0":[0],"1":[20,0,0],"2":[6,14],"3":[15,4],"4":[1,14],"5":[1,14],"6":[8,12],"7":[2,18],"8":[2,17],"9":[9,10],"10":[7,13],"11":[5,8]}}
,"/Users/cmbays/github/crap4ts/src/adapters/reporters/json.ts": {"path":"/Users/cmbays/github/crap4ts/src/adapters/reporters/json.ts","statementMap":{"0":{"start":{"line":7,"column":21},"end":{"line":17,"column":null}},"1":{"start":{"line":19,"column":4},"end":{"line":19,"column":null}}},"fnMap":{"0":{"name":"(anonymous_0)","decl":{"start":{"line":6,"column":2},"end":{"line":6,"column":9}},"loc":{"start":{"line":6,"column":41},"end":{"line":20,"column":null}}}},"branchMap":{},"s":{"0":25,"1":25},"f":{"0":25},"b":{}}
,"/Users/cmbays/github/crap4ts/src/adapters/reporters/markdown.ts": {"path":"/Users/cmbays/github/crap4ts/src/adapters/reporters/markdown.ts","statementMap":{"0":{"start":{"line":6,"column":28},"end":{"line":6,"column":null}},"1":{"start":{"line":7,"column":41},"end":{"line":7,"column":null}},"2":{"start":{"line":10,"column":4},"end":{"line":10,"column":null}},"3":{"start":{"line":11,"column":4},"end":{"line":11,"column":null}},"4":{"start":{"line":14,"column":4},"end":{"line":21,"column":null}},"5":{"start":{"line":15,"column":6},"end":{"line":15,"column":null}},"6":{"start":{"line":17,"column":24},"end":{"line":17,"column":null}},"7":{"start":{"line":18,"column":6},"end":{"line":20,"column":null}},"8":{"start":{"line":22,"column":4},"end":{"line":22,"column":null}},"9":{"start":{"line":25,"column":4},"end":{"line":27,"column":null}},"10":{"start":{"line":26,"column":6},"end":{"line":26,"column":null}},"11":{"start":{"line":30,"column":19},"end":{"line":32,"column":null}},"12":{"start":{"line":31,"column":16},"end":{"line":31,"column":null}},"13":{"start":{"line":34,"column":20},"end":{"line":34,"column":null}},"14":{"start":{"line":34,"column":41},"end":{"line":34,"column":50}},"15":{"start":{"line":35,"column":24},"end":{"line":35,"column":null}},"16":{"start":{"line":37,"column":6},"end":{"line":37,"column":null}},"17":{"start":{"line":40,"column":4},"end":{"line":56,"column":null}},"18":{"start":{"line":42,"column":6},"end":{"line":42,"column":null}},"19":{"start":{"line":43,"column":6},"end":{"line":43,"column":null}},"20":{"start":{"line":46,"column":6},"end":{"line":48,"column":null}},"21":{"start":{"line":49,"column":6},"end":{"line":49,"column":null}},"22":{"start":{"line":50,"column":6},"end":{"line":50,"column":null}},"23":{"start":{"line":51,"column":6},"end":{"line":51,"column":null}},"24":{"start":{"line":52,"column":6},"end":{"line":52,"column":null}},"25":{"start":{"line":55,"column":6},"end":{"line":55,"column":null}},"26":{"start":{"line":58,"column":4},"end":{"line":58,"column":null}},"27":{"start":{"line":63,"column":4},"end":{"line":63,"column":null}},"28":{"start":{"line":64,"column":4},"end":{"line":64,"column":null}},"29":{"start":{"line":67,"column":4},"end":{"line":76,"column":null}},"30":{"start":{"line":68,"column":25},"end":{"line":68,"column":null}},"31":{"start":{"line":69,"column":19},"end":{"line":69,"column":null}},"32":{"start":{"line":70,"column":17},"end":{"line":70,"column":null}},"33":{"start":{"line":71,"column":18},"end":{"line":71,"column":null}},"34":{"start":{"line":72,"column":17},"end":{"line":72,"column":null}},"35":{"start":{"line":73,"column":18},"end":{"line":73,"column":null}},"36":{"start":{"line":75,"column":6},"end":{"line":75,"column":null}}},"fnMap":{"0":{"name":"(anonymous_0)","decl":{"start":{"line":5,"column":2},"end":{"line":5,"column":9}},"loc":{"start":{"line":5,"column":41},"end":{"line":59,"column":null}}},"1":{"name":"(anonymous_1)","decl":{"start":{"line":31,"column":6},"end":{"line":31,"column":7}},"loc":{"start":{"line":31,"column":16},"end":{"line":31,"column":null}}},"2":{"name":"(anonymous_2)","decl":{"start":{"line":34,"column":34},"end":{"line":34,"column":35}},"loc":{"start":{"line":34,"column":41},"end":{"line":34,"column":50}}},"3":{"name":"(anonymous_3)","decl":{"start":{"line":61,"column":10},"end":{"line":61,"column":22}},"loc":{"start":{"line":61,"column":74},"end":{"line":77,"column":null}}}},"branchMap":{"0":{"loc":{"start":{"line":14,"column":4},"end":{"line":21,"column":null}},"type":"if","locations":[{"start":{"line":14,"column":4},"end":{"line":21,"column":null}},{"start":{"line":16,"column":11},"end":{"line":21,"column":null}}]},"1":{"loc":{"start":{"line":25,"column":4},"end":{"line":27,"column":null}},"type":"if","locations":[{"start":{"line":25,"column":4},"end":{"line":27,"column":null}},{"start":{},"end":{}}]},"2":{"loc":{"start":{"line":37,"column":6},"end":{"line":37,"column":null}},"type":"binary-expr","locations":[{"start":{"line":37,"column":6},"end":{"line":37,"column":21}},{"start":{"line":37,"column":21},"end":{"line":37,"column":null}}]},"3":{"loc":{"start":{"line":40,"column":4},"end":{"line":56,"column":null}},"type":"if","locations":[{"start":{"line":40,"column":4},"end":{"line":56,"column":null}},{"start":{"line":53,"column":11},"end":{"line":56,"column":null}}]}},"s":{"0":19,"1":19,"2":19,"3":19,"4":19,"5":9,"6":10,"7":10,"8":19,"9":19,"10":3,"11":16,"12":20,"13":16,"14":32,"15":16,"16":16,"17":16,"18":6,"19":6,"20":6,"21":6,"22":6,"23":6,"24":6,"25":10,"26":16,"27":22,"28":22,"29":22,"30":39,"31":39,"32":39,"33":39,"34":39,"35":39,"36":39},"f":{"0":19,"1":20,"2":32,"3":22},"b":{"0":[9,10],"1":[3,16],"2":[16,9],"3":[6,10]}}
,"/Users/cmbays/github/crap4ts/src/adapters/reporters/version.ts": {"path":"/Users/cmbays/github/crap4ts/src/adapters/reporters/version.ts","statementMap":{"0":{"start":{"line":10,"column":36},"end":{"line":13,"column":null}},"1":{"start":{"line":12,"column":26},"end":{"line":12,"column":null}},"2":{"start":{"line":17,"column":4},"end":{"line":17,"column":null}},"3":{"start":{"line":18,"column":4},"end":{"line":18,"column":null}},"4":{"start":{"line":27,"column":19},"end":{"line":27,"column":null}},"5":{"start":{"line":28,"column":2},"end":{"line":28,"column":null}},"6":{"start":{"line":37,"column":2},"end":{"line":44,"column":null}},"7":{"start":{"line":38,"column":4},"end":{"line":38,"column":null}},"8":{"start":{"line":40,"column":4},"end":{"line":42,"column":null}},"9":{"start":{"line":41,"column":6},"end":{"line":41,"column":null}},"10":{"start":{"line":43,"column":4},"end":{"line":43,"column":null}},"11":{"start":{"line":46,"column":2},"end":{"line":54,"column":null}},"12":{"start":{"line":47,"column":16},"end":{"line":47,"column":null}},"13":{"start":{"line":48,"column":4},"end":{"line":48,"column":null}},"14":{"start":{"line":50,"column":4},"end":{"line":52,"column":null}},"15":{"start":{"line":51,"column":6},"end":{"line":51,"column":null}},"16":{"start":{"line":53,"column":4},"end":{"line":53,"column":null}},"17":{"start":{"line":58,"column":2},"end":{"line":58,"column":null}},"18":{"start":{"line":62,"column":19},"end":{"line":62,"column":null}},"19":{"start":{"line":64,"column":2},"end":{"line":70,"column":null}},"20":{"start":{"line":64,"column":15},"end":{"line":64,"column":18}},"21":{"start":{"line":65,"column":22},"end":{"line":65,"column":null}},"22":{"start":{"line":66,"column":4},"end":{"line":68,"column":null}},"23":{"start":{"line":67,"column":6},"end":{"line":67,"column":null}},"24":{"start":{"line":69,"column":4},"end":{"line":69,"column":null}},"25":{"start":{"line":72,"column":2},"end":{"line":72,"column":null}}},"fnMap":{"0":{"name":"(anonymous_0)","decl":{"start":{"line":12,"column":8},"end":{"line":12,"column":9}},"loc":{"start":{"line":12,"column":26},"end":{"line":12,"column":null}}},"1":{"name":"(anonymous_1)","decl":{"start":{"line":16,"column":2},"end":{"line":16,"column":16}},"loc":{"start":{"line":16,"column":16},"end":{"line":19,"column":null}}},"2":{"name":"readPackageVersion","decl":{"start":{"line":26,"column":16},"end":{"line":26,"column":45}},"loc":{"start":{"line":26,"column":45},"end":{"line":29,"column":null}}},"3":{"name":"readPackageVersionFrom","decl":{"start":{"line":31,"column":16},"end":{"line":31,"column":null}},"loc":{"start":{"line":34,"column":10},"end":{"line":55,"column":null}}},"4":{"name":"isErrnoException","decl":{"start":{"line":57,"column":9},"end":{"line":57,"column":26}},"loc":{"start":{"line":57,"column":74},"end":{"line":59,"column":null}}},"5":{"name":"findPackageJson","decl":{"sta
[...]
column":null}},"18":{"start":{"line":77,"column":2},"end":{"line":77,"column":null}},"19":{"start":{"line":77,"column":48},"end":{"line":77,"column":null}},"20":{"start":{"line":78,"column":2},"end":{"line":78,"column":null}},"21":{"start":{"line":78,"column":42},"end":{"line":78,"column":null}},"22":{"start":{"line":79,"column":2},"end":{"line":79,"column":null}},"23":{"start":{"line":83,"column":2},"end":{"line":83,"column":null}},"24":{"start":{"line":83,"column":31},"end":{"line":83,"column":null}},"25":{"start":{"line":85,"column":13},"end":{"line":85,"column":null}},"26":{"start":{"line":86,"column":2},"end":{"line":89,"column":null}},"27":{"start":{"line":86,"column":15},"end":{"line":86,"column":18}},"28":{"start":{"line":87,"column":14},"end":{"line":87,"column":null}},"29":{"start":{"line":88,"column":4},"end":{"line":88,"column":null}},"30":{"start":{"line":88,"column":36},"end":{"line":88,"column":null}},"31":{"start":{"line":91,"column":2},"end":{"line":91,"column":null}},"32":{"start":{"line":100,"column":14},"end":{"line":100,"column":null}},"33":{"start":{"line":101,"column":2},"end":{"line":109,"column":null}},"34":{"start":{"line":102,"column":14},"end":{"line":102,"column":null}},"35":{"start":{"line":103,"column":16},"end":{"line":103,"column":null}},"36":{"start":{"line":104,"column":4},"end":{"line":107,"column":null}},"37":{"start":{"line":105,"column":6},"end":{"line":105,"column":null}},"38":{"start":{"line":106,"column":6},"end":{"line":106,"column":null}},"39":{"start":{"line":108,"column":4},"end":{"line":108,"column":null}},"40":{"start":{"line":110,"column":2},"end":{"line":110,"column":null}},"41":{"start":{"line":125,"column":50},"end":{"line":176,"column":null}},"42":{"start":{"line":129,"column":28},"end":{"line":129,"column":null}},"43":{"start":{"line":131,"column":27},"end":{"line":131,"column":null}},"44":{"start":{"line":131,"column":56},"end":{"line":131,"column":75}},"45":{"start":{"line":132,"column":25},"end":{"line":132,"column":null}},"46":{"start":{"line":132,"column":51},"end":{"line":132,"column":61}},"47":{"start":{"line":134,"column":89},"end":{"line":134,"column":null}},"48":{"start":{"line":135,"column":52},"end":{"line":135,"column":null}},"49":{"start":{"line":136,"column":48},"end":{"line":136,"column":null}},"50":{"start":{"line":139,"column":23},"end":{"line":139,"column":null}},"51":{"start":{"line":142,"column":19},"end":{"line":142,"column":null}},"52":{"start":{"line":144,"column":2},"end":{"line":173,"column":null}},"53":{"start":{"line":145,"column":29},"end":{"line":145,"column":null}},"54":{"start":{"line":146,"column":26},"end":{"line":146,"column":null}},"55":{"start":{"line":148,"column":4},"end":{"line":165,"column":null}},"56":{"start":{"line":149,"column":25},"end":{"line":155,"column":null}},"57":{"start":{"line":157,"column":19},"end":{"line":157,"column":null}},"58":{"start":{"line":158,"column":6},"end":{"line":161,"column":null}},"59":{"start":{"line":159,"column":8},"end":{"line":159,"column":null}},"60":{"start":{"line":160,"column":8},"end":{"line":160,"column":null}},"61":{"start":{"line":163,"column":6},"end":{"line":163,"column":null}},"62":{"start":{"line":164,"column":6},"end":{"line":164,"column":null}},"63":{"start":{"line":168,"column":4},"end":{"line":172,"column":null}},"64":{"start":{"line":169,"column":6},"end":{"line":171,"column":null}},"65":{"start":{"line":170,"column":8},"end":{"line":170,"column":null}},"66":{"start":{"line":175,"column":2},"end":{"line":175,"column":null}}},"fnMap":{"0":{"name":"spansOverlap","decl":{"start":{"line":15,"column":16},"end":{"line":15,"column":29}},"loc":{"start":{"line":15,"column":68},"end":{"line":17,"column":null}}},"1":{"name":"spanContains","decl":{"start":{"line":22,"column":16},"end":{"line":22,"column":29}},"loc":{"start":{"line":22,"column":76},"end":{"line":24,"column":null}}},"2":{"name":"overlapRatio","decl":{"start":{"line":30,"column":16},"end":{"line":30,"column":29}},"loc":{"start":{"line":30,"column":67},"end":{"line":39,"column":null}}},"3":{"name":"findCandidates","decl":{"start":{"line":50,"column":9},"end":{"line":50,"column":null}},"loc":{"start":{"line":56,"column":15},"end":{"line":70,"column":null}}},"4":{"name":"isBetterCandidate","decl":{"start":{"line":76,"column":9},"end":{"line":76,"column":27}},"loc":{"start":{"line":76,"column":79},"end":{"line":80,"column":null}}},"5":{"name":"selectBestCandidate","decl":{"start":{"line":82,"column":9},"end":{"line":82,"column":29}},"loc":{"start":{"line":82,"column":90},"end":{"line":92,"column":null}}},"6":{"name":"groupBy","decl":{"start":{"line":99,"column":16},"end":{"line":99,"column":27}},"loc":{"start":{"line":99,"column":96},"end":{"line":111,"column":null}}},"7":{"name":"(anonymous_7)","decl":{"start":{"line":125,"column":50},"end":{"line":125,"column":null}},"loc":{"start":{"line":128,"column":18},"end":{"line":176,"column":null}}},"8":{"name":"(anonymous_8)","decl":{"start":{"line":131,"column":49},"end":{"line":131,"column":50}},"loc":{"start":{"line":131,"column":56},"end":{"line":131,"column":75}}},"9":{"name":"(anonymous_9)","decl":{"start":{"line":132,"column":44},"end":{"line":132,"column":45}},"loc":{"start":{"line":132,"column":51},"end":{"line":132,"column":61}}}},"branchMap":{"0":{"loc":{"start":{"line":16,"column":9},"end":{"line":16,"column":null}},"type":"binary-expr","locations":[{"start":{"line":16,"column":9},"end":{"line":16,"column":36}},{"start":{"line":16,"column":36},"end":{"line":16,"column":null}}]},"1":{"loc":{"start":{"line":23,"column":9},"end":{"line":23,"column":null}},"type":"binary-expr","locations":[{"start":{"line":23,"column":9},"end":{"line":23,"column":47}},{"start":{"line":23,"column":47},"end":{"line":23,"column":null}}]},"2":{"loc":{"start":{"line":32,"column":2},"end":{"line":32,"column":null}},"type":"if","locations":[{"start":{"line":32,"column":2},"end":{"line":32,"column":null}},{"start":{},"end":{}}]},"3":{"loc":{"start":{"line":59,"column":4},"end":{"line":59,"column":null}},"type":"if","locations":[{"start":{"line":59,"column":4},"end":{"line":59,"column":null}},{"start":{},"end":{}}]},"4":{"loc":{"start":{"line":61,"column":4},"end":{"line":61,"column":null}},"type":"if","locations":[{"start":{"line":61,"column":4},"end":{"line":61,"column":null}},{"start":{},"end":{}}]},"5":{"loc":{"start":{"line":77,"column":2},"end":{"line":77,"column":null}},"type":"if","locations":[{"start":{"line":77,"column":2},"end":{"line":77,"column":null}},{"start":{},"end":{}}]},"6":{"loc":{"start":{"line":78,"column":2},"end":{"line":78,"column":null}},"type":"if","locations":[{"start":{"line":78,"column":2},"end":{"line":78,"column":null}},{"start":{},"end":{}}]},"7":{"loc":{"start":{"line":79,"column":9},"end":{"line":79,"column":null}},"type":"binary-expr","locations":[{"start":{"line":79,"column":9},"end":{"line":79,"column":33}},{"start":{"line":79,"column":33},"end":{"line":79,"column":null}}]},"8":{"loc":{"start":{"line":83,"column":2},"end":{"line":83,"column":null}},"type":"if","locations":[{"start":{"line":83,"column":2},"end":{"line":83,"column":null}},{"start":{},"end":{}}]},"9":{"loc":{"start":{"line":88,"column":4},"end":{"line":88,"column":null}},"type":"if","locations":[{"start":{"line":88,"column":4},"end":{"line":88,"column":null}},{"start":{},"end":{}}]},"10":{"loc":{"start":{"line":104,"column":4},"end":{"line":107,"column":null}},"type":"if","locations":[{"start":{"line":104,"column":4},"end":{"line":107,"column":null}},{"start":{},"end":{}}]},"11":{"loc":{"start":{"line":145,"column":29},"end":{"line":145,"column":null}},"type":"binary-expr","locations":[{"start":{"line":145,"column":29},"end":{"line":145,"column":59}},{"start":{"line":145,"column":59},"end":{"line":145,"column":null}}]},"12":{"loc":{"start":{"line":146,"column":26},"end":{"line":146,"column":null}},"type":"binary-expr","locations":[{"start":{"line":146,"column":26},"end":{"line":146,"column":54}},{"start":{"line":146,"column":54},"end":{"line":146,"column":null}}]},"13":{"loc":{"start":{"line":158,"column":6},"end":{"line":161,"column":null}},"type":"if","locations":[{"start":{"line":158,"column":6},"end":{"line":161,"column":null}},{"start":{},"end":{}}]},"14":{"loc":{"start":{"line":169,"column":6},"end":{"line":171,"column":null}},"type":"if","locations":[{"start":{"line":169,"column":6},"end":{"line":171,"column":null}},{"start":{},"end":{}}]}},"s":{"0":11,"1":11,"2":11,"3":11,"4":1,"5":10,"6":10,"7":10,"8":10,"9":8,"10":8,"11":8,"12":1,"13":7,"14":7,"15":1,"16":6,"17":8,"18":2,"19":0,"20":2,"21":0,"22":2,"23":8,"24":4,"25":4,"26":4,"27":4,"28":2,"29":2,"30":1,"31":4,"32":16,"33":16,"34":17,"35":17,"36":17,"37":14,"38":14,"39":17,"40":16,"41":7,"42":8,"43":8,"44":8,"45":8,"46":9,"47":8,"48":8,"49":8,"50":8,"51":8,"52":8,"53":9,"54":9,"55":9,"56":8,"57":8,"58":8,"59":4,"60":4,"61":4,"62":4,"63":9,"64":9,"65":5,"66":8},"f":{"0":11,"1":11,"2":11,"3":8,"4":2,"5":8,"6":16,"7":8,"8":8,"9":9},"b":{"0":[11,7],"1":[11,9],"2":[1,10],"3":[1,7],"4":[1,6],"5":[0,2],"6":[0,2],"7":[2,2],"8":[4,4],"9":[1,1],"10":[14,3],"11":[9,2],"12":[9,2],"13":[4,4],"14":[5,4]}}
,"/Users/cmbays/github/crap4ts/src/domain/summary.ts": {"path":"/Users/cmbays/github/crap4ts/src/domain/summary.ts","statementMap":{"0":{"start":{"line":18,"column":25},"end":{"line":18,"column":null}},"1":{"start":{"line":20,"column":2},"end":{"line":33,"column":null}},"2":{"start":{"line":21,"column":4},"end":{"line":32,"column":null}},"3":{"start":{"line":35,"column":21},"end":{"line":37,"column":null}},"4":{"start":{"line":36,"column":24},"end":{"line":36,"column":50}},"5":{"start":{"line":39,"column":20},"end":{"line":39,"column":null}},"6":{"start":{"line":39,"column":43},"end":{"line":39,"column":52}},"7":{"start":{"line":40,"column":29},"end":{"line":40,"column":null}},"8":{"start":{"line":41,"column":27},"end":{"line":41,"column":null}},"9":{"start":{"line":43,"column":21},"end":{"line":43,"column":null}},"10":{"start":{"line":43,"column":41},"end":{"line":43,"column":60}},"11":{"start":{"line":44,"column":22},"end":{"line":46,"column":null}},"12":{"start":{"line":45,"column":34},"end":{"line":45,"column":43}},"13":{"start":{"line":48,"column":21},"end":{"line":48,"column":null}},"14":{"start":{"line":50,"column":37},"end":{"line":50,"column":null}},"15":{"start":{"line":52,"column":23},"end":{"line":52,"column":null}},"16":{"start":{"line":54,"column":19},"end":{"line":57,"column":null}},"17":{"start":{"line":55,"column":16},"end":{"line":55,"column":null}},"18":{"start":{"line":59,"column":2},"end":{"line":70,"column":null}},"19":{"start":{"line":74,"column":2},"end":{"line":79,"column":null}},"20":{"start":{"line":83,"column":17},"end":{"line":83,"column":null}},"21":{"start":{"line":83,"column":44},"end":{"line":83,"column":49}},"22":{"start":{"line":84,"column":14},"end":{"line":84,"column":null}},"23":{"start":{"line":85,"column":2},"end":{"line":87,"column":null}},"24":{"start":{"line":86,"column":4},"end":{"line":86,"column":null}},"25":{"start":{"line":88,"column":2},"end":{"line":88,"column":null}},"26":{"start":{"line":94,"column":14},"end":{"line":94,"column":null}},"27":{"start":{"line":95,"column":2},"end":{"line":99,"column":null}},"28":{"start":{"line":96,"column":4},"end":{"line":98,"column":null}},"29":{"start":{"line":97,"column":6},"end":{"line":97,"column":null}},"30":{"start":{"line":100,"column":2},"end":{"line":103,"column":null}},"31":{"start":{"line":109,"column":15},"end":{"line":109,"column":null}},"32":{"start":{"line":110,"column":2},"end":{"line":112,"column":null}},"33":{"start":{"line":111,"column":4},"end":{"line":111,"column":null}},"34":{"start":{"line":113,"column":2},"end":{"line":113,"column":null}},"35":{"start":{"line":117,"column":2},"end":{"line":117,"column":null}}},"fnMap":{"0":{"name":"computeSummary","decl":{"start":{"line":15,"column":16},"end":{"line":15,"column":null}},"loc":{"start":{"line":17,"column":19},"end":{"line":71,"column":null}}},"1":{"name":"(anonymous_1)","decl":{"start":{"line":36,"column":17},"end":{"line":36,"column":18}},"loc":{"start":{"line":36,"column":24},"end":{"line":36,"column":50}}},"2":{"name":"(anonymous_2)","decl":{"start":{"line":39,"column":36},"end":{"line":39,"column":37}},"loc":{"start":{"line":39,"column":43},"end":{"line":39,"column":52}}},"3":{"name":"(anonymous_3)","decl":{"start":{"line":43,"column":34},"end":{"line":43,"column":35}},"loc":{"start":{"line":43,"column":41},"end":{"line":43,"column":60}}},"4":{"name":"(anonymous_4)","decl":{"start":{"line":45,"column":22},"end":{"line":45,"column":23}},"loc":{"start":{"line":45,"column":34},"end":{"line":45,"column":43}}},"5":{"name":"(anonymous_5)","decl":{"start":{"line":55,"column":4},"end":{"line":55,"column":5}},"loc":{"start":{"line":55,"column":16},"end":{"line":55,"column":null}}},"6":{"name":"emptyDistribution","decl":{"start":{"line":73,"column":9},"end":{"line":73,"column":47}},"loc":{"start":{"line":73,"column":47},"end":{"line":80,"column":null}}},"7":{"name":"computeMedian","decl":{"start":{"line":82,"column":9},"end":{"line":82,"column":23}},"loc":{"start":{"line":82,"column":49},"end":{"line":89,"column":null}}},"8":{"name":"(anonymous_8)","decl":{"start":{"line":83,"column":34},"end":{"line":83,"column":35}},"loc":{"start":{"line":83,"column":44},"end":{"line":83,"column":49}}},"9":{"name":"findWorst","decl":{"start":{"line":91,"column":9},"end":{"line":91,"column":null}},"loc":{"start":{"line":93,"column":59},"end":{"line":104,"column":null}}},"10":{"name":"computeDistribution","decl":{"start":{"line":106,"column":9},"end":{"line":106,"column":null}},"loc":{"start":{"line":108,"column":20},"end":{"line":114,"column":null}}},"11":{"name":"roundTo2","decl":{"start":{"line":116,"column":9},"end":{"line":116,"column":18}},"loc":{"start":{"line":116,"column":41},"end":{"line":118,"column":null}}}},"branchMap":{"0":{"loc":{"start":{"line":20,"column":2},"end":{"line":33,"column":null}},"type":"if","locations":[{"start":{"line":20,"column":2},"end":{"line":33,"column":null}},{"start":{},"end":{}}]},"1":{"loc":{"start":{"line":85,"column":2},"end":{"line":87,"column":null}},"type":"if","locations":[{"start":{"line":85,"column":2},"end":{"line":87,"column":null}},{"start":{},"end":{}}]},"2":{"loc":{"start":{"line":96,"column":4},"end":{"line":98,"column":null}},"type":"if","locations":[{"start":{"line":96,"column":4},"end":{"line":98,"column":null}},{"start":{},"end":{}}]}},"s":{"0":57,"1":57,"2":12,"3":45,"4":77,"5":45,"6":77,"7":45,"8":45,"9":45,"10":77,"11":45,"12":77,"13":45,"14":45,"15":45,"16":45,"17":26,"18":45,"19":57,"20":45,"21":43,"22":45,"23":45,"24":35,"25":10,"26":45,"27":45,"28":77,"29":17,"30":45,"31":45,"32":45,"33":77,"34":45,"35":45},"f":{"0":57,"1":77,"2":77,"3":77,"4":77,"5":26,"6":57,"7":45,"8":43,"9":45,"10":45,"11":45},"b":{"0":[12,45],"1":[35,10],"2":[17,60]}}
,"/Users/cmbays/github/crap4ts/src/domain/threshold.ts": {"path":"/Users/cmbays/github/crap4ts/src/domain/threshold.ts","statementMap":{"0":{"start":{"line":5,"column":66},"end":{"line":9,"column":null}},"1":{"start":{"line":21,"column":27},"end":{"line":21,"column":null}},"2":{"start":{"line":22,"column":20},"end":{"line":22,"column":null}},"3":{"start":{"line":24,"column":2},"end":{"line":30,"column":null}},"4":{"start":{"line":25,"column":4},"end":{"line":29,"column":null}},"5":{"start":{"line":26,"column":6},"end":{"line":28,"column":null}},"6":{"start":{"line":32,"column":2},"end":{"line":32,"column":null}},"7":{"start":{"line":36,"column":2},"end":{"line":36,"column":null}},"8":{"start":{"line":36,"column":28},"end":{"line":36,"column":null}},"9":{"start":{"line":37,"column":2},"end":{"line":37,"column":null}},"10":{"start":{"line":37,"column":34},"end":{"line":37,"column":null}},"11":{"start":{"line":39,"column":2},"end":{"line":43,"column":null}},"12":{"start":{"line":40,"column":4},"end":{"line":42,"column":null}},"13":{"start":{"line":44,"column":2},"end":{"line":44,"column":null}},"14":{"start":{"line":56,"column":2},"end":{"line":60,"column":null}},"15":{"start":{"line":57,"column":4},"end":{"line":59,"column":null}},"16":{"start":{"line":58,"column":6},"end":{"line":58,"column":null}},"17":{"start":{"line":61,"column":2},"end":{"line":61,"column":null}}},"fnMap":{"0":{"name":"createThresholdConfig","decl":{"start":{"line":18,"column":16},"end":{"line":18,"column":null}},"loc":{"start":{"line":20,"column":19},"end":{"line":33,"column":null}}},"1":{"name":"resolvePreset","decl":{"start":{"line":35,"column":9},"end":{"line":35,"column":23}},"loc":{"start":{"line":35,"column":77},"end":{"line":45,"column":null}}},"2":{"name":"resolveThreshold","decl":{"start":{"line":51,"column":16},"end":{"line":51,"column":null}},"loc":{"start":{"line":55,"column":10},"end":{"line":62,"column":null}}}},"branchMap":{"0":{"loc":{"start":{"line":22,"column":20},"end":{"line":22,"column":null}},"type":"binary-expr","locations":[{"start":{"line":22,"column":20},"end":{"line":22,"column":42}},{"start":{"line":22,"column":42},"end":{"line":22,"column":null}}]},"1":{"loc":{"start":{"line":25,"column":4},"end":{"line":29,"column":null}},"type":"if","locations":[{"start":{"line":25,"column":4},"end":{"line":29,"column":null}},{"start":{},"end":{}}]},"2":{"loc":{"start":{"line":36,"column":2},"end":{"line":36,"column":null}},"type":"if","locations":[{"start":{"line":36,"column":2},"end":{"line":36,"column":null}},{"start":{},"end":{}}]},"3":{"loc":{"start":{"line":37,"column":2},"end":{"line":37,"column":null}},"type":"if","locations":[{"start":{"line":37,"column":2},"end":{"line":37,"column":null}},{"start":{},"end":{}}]},"4":{"loc":{"start":{"line":39,"column":2},"end":{"line":43,"column":null}},"type":"if","locations":[{"start":{"line":39,"column":2},"end":{"line":43,"column":null}},{"start":{},"end":{}}]},"5":{"loc":{"start":{"line":57,"column":4},"end":{"line":59,"column":null}},"type":"if","locations":[{"start":{"line":57,"column":4},"end":{"line":59,"column":null}},{"start":{},"end":{}}]}},"s":{"0":14,"1":62,"2":60,"3":60,"4":13,"5":2,"6":58,"7":62,"8":44,"9":18,"10":2,"11":16,"12":2,"13":14,"14":49,"15":5,"16":4,"17":45},"f":{"0":62,"1":62,"2":49},"b":{"0":[60,51],"1":[2,11],"2":[44,18],"3":[2,16],"4":[2,14],"5":[4,1]}}
,"/Users/cmbays/github/crap4ts/src/domain/types.ts": {"path":"/Users/cmbays/github/crap4ts/src/domain/types.ts","statementMap":{"0":{"start":{"line":70,"column":7},"end":{"line":70,"column":null}},"1":{"start":{"line":71,"column":2},"end":{"line":71,"column":null}},"2":{"start":{"line":72,"column":2},"end":{"line":72,"column":null}},"3":{"start":{"line":73,"column":2},"end":{"line":73,"column":null}},"4":{"start":{"line":74,"column":2},"end":{"line":74,"column":null}},"5":{"start":{"line":70,"column":12},"end":{"line":70,"column":null}},"6":{"start":{"line":224,"column":4},"end":{"line":224,"column":null}},"7":{"start":{"line":225,"column":4},"end":{"line":225,"column":null}},"8":{"start":{"line":231,"column":4},"end":{"line":231,"column":null}},"9":{"start":{"line":232,"column":4},"end":{"line":232,"column":null}}},"fnMap":{"0":{"name":"(anonymous_0)","decl":{"start":{"line":70,"column":7},"end":{"line":70,"column":12}},"loc":{"start":{"line":70,"column":7},"end":{"line":70,"column":null}}},"1":{"name":"(anonymous_1)","decl":{"start":{"line":223,"column":2},"end":{"line":223,"column":14}},"loc":{"start":{"line":223,"column":29},"end":{"line":226,"column":null}}},"2":{"name":"(anonymous_2)","decl":{"start":{"line":230,"column":2},"end":{"line":230,"column":14}},"loc":{"start":{"line":230,"column":29},"end":{"line":233,"column":null}}}},"branchMap":{"0":{"loc":{"start":{"line":70,"column":12},"end":{"line":70,"column":null}},"type":"binary-expr","locations":[{"start":{"line":70,"column":12},"end":{"line":70,"column":null}},{"start":{"line":70,"column":12},"end":{"line":70,"column":null}}]}},"s":{"0":13,"1":13,"2":13,"3":13,"4":13,"5":13,"6":3,"7":3,"8":4,"9":4},"f":{"0":13,"1":3,"2":4},"b":{"0":[13,13]}}
}
