{
  "configMerger.ts": {
    "path": "configMerger.ts",
    "statementMap": {
      "0": {
        "start": {
          "line": 27,
          "column": 2
        },
        "end": {
          "line": 28,
          "column": null
        }
      },
      "1": {
        "start": {
          "line": 36,
          "column": 46
        },
        "end": {
          "line": 36,
          "column": null
        }
      },
      "2": {
        "start": {
          "line": 38,
          "column": 2
        },
        "end": {
          "line": 53,
          "column": null
        }
      },
      "3": {
        "start": {
          "line": 39,
          "column": 18
        },
        "end": {
          "line": 39,
          "column": null
        }
      },
      "4": {
        "start": {
          "line": 40,
          "column": 21
        },
        "end": {
          "line": 40,
          "column": null
        }
      },
      "5": {
        "start": {
          "line": 41,
          "column": 4
        },
        "end": {
          "line": 52,
          "column": null
        }
      },
      "6": {
        "start": {
          "line": 45,
          "column": 6
        },
        "end": {
          "line": 47,
          "column": null
        }
      },
      "7": {
        "start": {
          "line": 46,
          "column": 8
        },
        "end": {
          "line": 46,
          "column": null
        }
      },
      "8": {
        "start": {
          "line": 51,
          "column": 6
        },
        "end": {
          "line": 51,
          "column": null
        }
      },
      "9": {
        "start": {
          "line": 55,
          "column": 2
        },
        "end": {
          "line": 55,
          "column": null
        }
      }
    },
    "fnMap": {
      "0": {
        "name": "isPlainObject",
        "decl": {
          "start": {
            "line": 24,
            "column": 9
          },
          "end": {
            "line": 24,
            "column": null
          }
        },
        "loc": {
          "start": {
            "line": 26,
            "column": 39
          },
          "end": {
            "line": 30,
            "column": null
          }
        }
      },
      "1": {
        "name": "mergeConfigs",
        "decl": {
          "start": {
            "line": 32,
            "column": 16
          },
          "end": {
            "line": 32,
            "column": null
          }
        },
        "loc": {
          "start": {
            "line": 35,
            "column": 16
          },
          "end": {
            "line": 56,
            "column": null
          }
        }
      }
    },
    "branchMap": {
      "0": {
        "loc": {
          "start": {
            "line": 28,
            "column": 4
          },
          "end": {
            "line": 28,
            "column": null
          }
        },
        "type": "binary-expr",
        "locations": [
          {
            "start": {
              "line": 28,
              "column": 4
            },
            "end": {
              "line": 28,
              "column": 29
            }
          },
          {
            "start": {
              "line": 28,
              "column": 29
            },
            "end": {
              "line": 28,
              "column": 43
            }
          },
          {
            "start": {
              "line": 28,
              "column": 43
            },
            "end": {
              "line": 28,
              "column": null
            }
          }
        ]
      },
      "1": {
        "loc": {
          "start": {
            "line": 41,
            "column": 4
          },
          "end": {
            "line": 52,
            "column": null
          }
        },
        "type": "if",
        "locations": [
          {
            "start": {
              "line": 41,
              "column": 4
            },
            "end": {
              "line": 52,
              "column": null
            }
          },
          {
            "start": {
              "line": 48,
              "column": 11
            },
            "end": {
              "line": 52,
              "column": null
            }
          }
        ]
      },
      "2": {
        "loc": {
          "start": {
            "line": 41,
            "column": 8
          },
          "end": {
            "line": 41,
            "column": 57
          }
        },
        "type": "binary-expr",
        "locations": [
          {
            "start": {
              "line": 41,
              "column": 8
            },
            "end": {
              "line": 41,
              "column": 35
            }
          },
          {
            "start": {
              "line": 41,
              "column": 35
            },
            "end": {
              "line": 41,
              "column": 57
            }
          }
        ]
      }
    },
    "s": {
      "0": 1,
      "1": 2,
      "2": 2,
      "3": 1,
      "4": 1,
      "5": 1,
      "6": 0,
      "7": 0,
      "8": 1,
      "9": 2
    },
    "f": {
      "0": 1,
      "1": 2
    },
    "b": {
      "0": [
        1,
        0,
        0
      ],
      "1": [
        0,
        1
      ],
      "2": [
        1,
        0
      ]
    }
  },
  "csvParser.ts": {
    "path": "csvParser.ts",
    "statementMap": {
      "0": {
        "start": {
          "line": 22,
          "column": 27
        },
        "end": {
          "line": 22,
          "column": null
        }
      },
      "1": {
        "start": {
          "line": 23,
          "column": 16
        },
        "end": {
          "line": 23,
          "column": null
        }
      },
      "2": {
        "start": {
          "line": 24,
          "column": 17
        },
        "end": {
          "line": 24,
          "column": null
        }
      },
      "3": {
        "start": {
          "line": 25,
          "column": 10
        },
        "end": {
          "line": 25,
          "column": null
        }
      },
      "4": {
        "start": {
          "line": 27,
          "column": 2
        },
        "end": {
          "line": 50,
          "column": null
        }
      },
      "5": {
        "start": {
          "line": 28,
          "column": 15
        },
        "end": {
          "line": 28,
          "column": null
        }
      },
      "6": {
        "start": {
          "line": 29,
          "column": 4
        },
        "end": {
          "line": 49,
          "column": null
        }
      },
      "7": {
        "start": {
          "line": 30,
          "column": 6
        },
        "end": {
          "line": 34,
          "column": null
        }
      },
      "8": {
        "start": {
          "line": 31,
          "column": 8
        },
        "end": {
          "line": 31,
          "column": null
        }
      },
      "9": {
        "start": {
          "line": 33,
          "column": 8
        },
        "end": {
          "line": 33,
          "column": null
        }
      },
      "10": {
        "start": {
          "line": 35,
          "column": 6
        },
        "end": {
          "line": 35,
          "column": null
        }
      },
      "11": {
        "start": {
          "line": 36,
          "column": 4
        },
        "end": {
          "line": 49,
          "column": null
        }
      },
      "12": {
        "start": {
          "line": 37,
          "column": 6
        },
        "end": {
          "line": 37,
          "column": null
        }
      },
      "13": {
        "start": {
          "line": 38,
          "column": 6
        },
        "end": {
          "line": 38,
          "column": null
        }
      },
      "14": {
        "start": {
          "line": 39,
          "column": 4
        },
        "end": {
          "line": 49,
          "column": null
        }
      },
      "15": {
        "start": {
          "line": 40,
          "column": 6
        },
        "end": {
          "line": 40,
          "column": null
        }
      },
      "16": {
        "start": {
          "line": 41,
          "column": 6
        },
        "end": {
          "line": 41,
          "column": null
        }
      },
      "17": {
        "start": {
          "line": 42,
          "column": 6
        },
        "end": {
          "line": 42,
          "column": null
        }
      },
      "18": {
        "start": {
          "line": 43,
          "column": 4
        },
        "end": {
          "line": 49,
          "column": null
        }
      },
      "19": {
        "start": {
          "line": 44,
          "column": 6
        },
        "end": {
          "line": 44,
          "column": null
        }
      },
      "20": {
        "start": {
          "line": 45,
          "column": 6
        },
        "end": {
          "line": 45,
          "column": null
        }
      },
      "21": {
        "start": {
          "line": 47,
          "column": 6
        },
        "end": {
          "line": 47,
          "column": null
        }
      },
      "22": {
        "start": {
          "line": 48,
          "column": 6
        },
        "end": {
          "line": 48,
          "column": null
        }
      },
      "23": {
        "start": {
          "line": 52,
          "column": 2
        },
        "end": {
          "line": 54,
          "column": null
        }
      },
      "24": {
        "start": {
          "line": 53,
          "column": 4
        },
        "end": {
          "line": 53,
          "column": null
        }
      },
      "25": {
        "start": {
          "line": 55,
          "column": 2
        },
        "end": {
          "line": 55,
          "column": null
        }
      },
      "26": {
        "start": {
          "line": 56,
          "column": 2
        },
        "end": {
          "line": 56,
          "column": null
        }
      },
      "27": {
        "start": {
          "line": 60,
          "column": 28
        },
        "end": {
          "line": 60,
          "column": null
        }
      },
      "28": {
        "start": {
          "line": 61,
          "column": 15
        },
        "end": {
          "line": 61,
          "column": null
        }
      },
      "29": {
        "start": {
          "line": 62,
          "column": 2
        },
        "end": {
          "line": 67,
          "column": null
        }
      },
      "30": {
        "start": {
          "line": 63,
          "column": 18
        },
        "end": {
          "line": 63,
          "column": null
        }
      },
      "31": {
        "start": {
          "line": 64,
          "column": 33
        },
        "end": {
          "line": 64,
          "column": null
        }
      },
      "32": {
        "start": {
          "line": 65,
          "column": 4
        },
        "end": {
          "line": 65,
          "column": null
        }
      },
      "33": {
        "start": {
          "line": 66,
          "column": 4
        },
        "end": {
          "line": 66,
          "column": null
        }
      },
      "34": {
        "start": {
          "line": 68,
          "column": 2
        },
        "end": {
          "line": 68,
          "column": null
        }
      }
    },
    "fnMap": {
      "0": {
        "name": "parseRecord",
        "decl": {
          "start": {
            "line": 21,
            "column": 16
          },
          "end": {
            "line": 21,
            "column": 28
          }
        },
        "loc": {
          "start": {
            "line": 21,
            "column": 56
          },
          "end": {
            "line": 57,
            "column": null
          }
        }
      },
      "1": {
        "name": "parseAll",
        "decl": {
          "start": {
            "line": 59,
            "column": 16
          },
          "end": {
            "line": 59,
            "column": 25
          }
        },
        "loc": {
          "start": {
            "line": 59,
            "column": 50
          },
          "end": {
            "line": 69,
            "column": null
          }
        }
      }
    },
    "branchMap": {
      "0": {
        "loc": {
          "start": {
            "line": 29,
            "column": 4
          },
          "end": {
            "line": 49,
            "column": null
          }
        },
        "type": "if",
        "locations": [
          {
            "start": {
              "line": 29,
              "column": 4
            },
            "end": {
              "line": 49,
              "column": null
            }
          },
          {
            "start": {
              "line": 36,
              "column": 4
            },
            "end": {
              "line": 49,
              "column": null
            }
          }
        ]
      },
      "1": {
        "loc": {
          "start": {
            "line": 30,
            "column": 6
          },
          "end": {
            "line": 34,
            "column": null
          }
        },
        "type": "if",
        "locations": [
          {
            "start": {
              "line": 30,
              "column": 6
            },
            "end": {
              "line": 34,
              "column": null
            }
          },
          {
            "start": {
              "line": 32,
              "column": 13
            },
            "end": {
              "line": 34,
              "column": null
            }
          }
        ]
      },
      "2": {
        "loc": {
          "start": {
            "line": 36,
            "column": 4
          },
          "end": {
            "line": 49,
            "column": null
          }
        },
        "type": "if",
        "locations": [
          {
            "start": {
              "line": 36,
              "column": 4
            },
            "end": {
              "line": 49,
              "column": null
            }
          },
          {
            "start": {
              "line": 39,
              "column": 4
            },
            "end": {
              "line": 49,
              "column": null
            }
          }
        ]
      },
      "3": {
        "loc": {
          "start": {
            "line": 39,
            "column": 4
          },
          "end": {
            "line": 49,
            "column": null
          }
        },
        "type": "if",
        "locations": [
          {
            "start": {
              "line": 39,
              "column": 4
            },
            "end": {
              "line": 49,
              "column": null
            }
          },
          {
            "start": {
              "line": 43,
              "column": 4
            },
            "end": {
              "line": 49,
              "column": null
            }
          }
        ]
      },
      "4": {
        "loc": {
          "start": {
            "line": 43,
            "column": 4
          },
          "end": {
            "line": 49,
            "column": null
          }
        },
        "type": "if",
        "locations": [
          {
            "start": {
              "line": 43,
              "column": 4
            },
            "end": {
              "line": 49,
              "column": null
            }
          },
          {
            "start": {
              "line": 46,
              "column": 11
            },
            "end": {
              "line": 49,
              "column": null
            }
          }
        ]
      },
      "5": {
        "loc": {
          "start": {
            "line": 52,
            "column": 2
          },
          "end": {
            "line": 54,
            "column": null
          }
        },
        "type": "if",
        "locations": [
          {
            "start": {
              "line": 52,
              "column": 2
            },
            "end": {
              "line": 54,
              "column": null
            }
          },
          {
            "start": {},
            "end": {}
          }
        ]
      }
    },
    "s": {
      "0": 11,
      "1": 11,
      "2": 11,
      "3": 11,
      "4": 11,
      "5": 52,
      "6": 52,
      "7": 13,
      "8": 2,
      "9": 11,
      "10": 13,
      "11": 39,
      "12": 3,
      "13": 3,
      "14": 36,
      "15": 10,
      "16": 10,
      "17": 10,
      "18": 26,
      "19": 5,
      "20": 5,
      "21": 21,
      "22": 21,
      "23": 6,
      "24": 1,
      "25": 5,
      "26": 5,
      "27": 2,
      "28": 2,
      "29": 2,
      "30": 5,
      "31": 5,
      "32": 5,
      "33": 5,
      "34": 2
    },
    "f": {
      "0": 11,
      "1": 2
    },
    "b": {
      "0": [
        13,
        39
      ],
      "1": [
        2,
        11
      ],
      "2": [
        3,
        36
      ],
      "3": [
        10,
        26
      ],
      "4": [
        5,
        21
      ],
      "5": [
        1,
        5
      ]
    }
  },
  "eventLog.ts": {
    "path": "eventLog.ts",
    "statementMap": {
      "0": {
        "start": {
          "line": 19,
          "column": 28
        },
        "end": {
          "line": 19,
          "column": null
        }
      },
      "1": {
        "start": {
          "line": 22,
          "column": 4
        },
        "end": {
          "line": 22,
          "column": null
        }
      },
      "2": {
        "start": {
          "line": 26,
          "column": 4
        },
        "end": {
          "line": 26,
          "column": null
        }
      },
      "3": {
        "start": {
          "line": 30,
          "column": 4
        },
        "end": {
          "line": 30,
          "column": null
        }
      },
      "4": {
        "start": {
          "line": 34,
          "column": 4
        },
        "end": {
          "line": 34,
          "column": null
        }
      },
      "5": {
        "start": {
          "line": 38,
          "column": 4
        },
        "end": {
          "line": 38,
          "column": null
        }
      },
      "6": {
        "start": {
          "line": 42,
          "column": 4
        },
        "end": {
          "line": 42,
          "column": null
        }
      },
      "7": {
        "start": {
          "line": 51,
          "column": 2
        },
        "end": {
          "line": 51,
          "column": null
        }
      }
    },
    "fnMap": {
      "0": {
        "name": "(anonymous_0)",
        "decl": {
          "start": {
            "line": 21,
            "column": 2
          },
          "end": {
            "line": 21,
            "column": 9
          }
        },
        "loc": {
          "start": {
            "line": 21,
            "column": 29
          },
          "end": {
            "line": 23,
            "column": null
          }
        }
      },
      "1": {
        "name": "(anonymous_1)",
        "decl": {
          "start": {
            "line": 25,
            "column": 2
          },
          "end": {
            "line": 25,
            "column": 19
          }
        },
        "loc": {
          "start": {
            "line": 25,
            "column": 19
          },
          "end": {
            "line": 27,
            "column": null
          }
        }
      },
      "2": {
        "name": "(anonymous_2)",
        "decl": {
          "start": {
            "line": 29,
            "column": 2
          },
          "end": {
            "line": 29,
            "column": 21
          }
        },
        "loc": {
          "start": {
            "line": 29,
            "column": 21
          },
          "end": {
            "line": 31,
            "column": null
          }
        }
      },
      "3": {
        "name": "(anonymous_3)",
        "decl": {
          "start": {
            "line": 33,
            "column": 2
          },
          "end": {
            "line": 33,
            "column": 28
          }
        },
        "loc": {
          "start": {
            "line": 33,
            "column": 28
          },
          "end": {
            "line": 35,
            "column": null
          }
        }
      },
      "4": {
        "name": "(anonymous_4)",
        "decl": {
          "start": {
            "line": 37,
            "column": 2
          },
          "end": {
            "line": 37,
            "column": 16
          }
        },
        "loc": {
          "start": {
            "line": 37,
            "column": 16
          },
          "end": {
            "line": 39,
            "column": null
          }
        }
      },
      "5": {
        "name": "(anonymous_5)",
        "decl": {
          "start": {
            "line": 41,
            "column": 2
          },
          "end": {
            "line": 41,
            "column": 21
          }
        },
        "loc": {
          "start": {
            "line": 41,
            "column": 21
          },
          "end": {
            "line": 43,
            "column": null
          }
        }
      },
      "6": {
        "name": "makeEvent",
        "decl": {
          "start": {
            "line": 46,
            "column": 16
          },
          "end": {
            "line": 46,
            "column": null
          }
        },
        "loc": {
          "start": {
            "line": 50,
            "column": 9
          },
          "end": {
            "line": 52,
            "column": null
          }
        }
      }
    },
    "branchMap": {},
    "s": {
      "0": 5,
      "1": 6,
      "2": 2,
      "3": 3,
      "4": 3,
      "5": 1,
      "6": 1,
      "7": 7
    },
    "f": {
      "0": 6,
      "1": 2,
      "2": 3,
      "3": 3,
      "4": 1,
      "5": 1,
      "6": 7
    },
    "b": {}
  },
  "stringUtils.ts": {
    "path": "stringUtils.ts",
    "statementMap": {
      "0": {
        "start": {
          "line": 21,
          "column": 2
        },
        "end": {
          "line": 23,
          "column": null
        }
      },
      "1": {
        "start": {
          "line": 22,
          "column": 4
        },
        "end": {
          "line": 22,
          "column": null
        }
      },
      "2": {
        "start": {
          "line": 25,
          "column": 12
        },
        "end": {
          "line": 25,
          "column": null
        }
      },
      "3": {
        "start": {
          "line": 26,
          "column": 22
        },
        "end": {
          "line": 26,
          "column": null
        }
      },
      "4": {
        "start": {
          "line": 28,
          "column": 2
        },
        "end": {
          "line": 46,
          "column": null
        }
      },
      "5": {
        "start": {
          "line": 29,
          "column": 4
        },
        "end": {
          "line": 45,
          "column": null
        }
      },
      "6": {
        "start": {
          "line": 30,
          "column": 6
        },
        "end": {
          "line": 30,
          "column": null
        }
      },
      "7": {
        "start": {
          "line": 31,
          "column": 6
        },
        "end": {
          "line": 31,
          "column": null
        }
      },
      "8": {
        "start": {
          "line": 32,
          "column": 4
        },
        "end": {
          "line": 45,
          "column": null
        }
      },
      "9": {
        "start": {
          "line": 34,
          "column": 6
        },
        "end": {
          "line": 37,
          "column": null
        }
      },
      "10": {
        "start": {
          "line": 35,
          "column": 8
        },
        "end": {
          "line": 35,
          "column": null
        }
      },
      "11": {
        "start": {
          "line": 36,
          "column": 8
        },
        "end": {
          "line": 36,
          "column": null
        }
      },
      "12": {
        "start": {
          "line": 44,
          "column": 6
        },
        "end": {
          "line": 44,
          "column": null
        }
      },
      "13": {
        "start": {
          "line": 48,
          "column": 18
        },
        "end": {
          "line": 48,
          "column": null
        }
      },
      "14": {
        "start": {
          "line": 49,
          "column": 2
        },
        "end": {
          "line": 51,
          "column": null
        }
      },
      "15": {
        "start": {
          "line": 50,
          "column": 4
        },
        "end": {
          "line": 50,
          "column": null
        }
      },
      "16": {
        "start": {
          "line": 52,
          "column": 2
        },
        "end": {
          "line": 52,
          "column": null
        }
      },
      "17": {
        "start": {
          "line": 60,
          "column": 2
        },
        "end": {
          "line": 62,
          "column": null
        }
      },
      "18": {
        "start": {
          "line": 61,
          "column": 4
        },
        "end": {
          "line": 61,
          "column": null
        }
      },
      "19": {
        "start": {
          "line": 63,
          "column": 2
        },
        "end": {
          "line": 63,
          "column": null
        }
      },
      "20": {
        "start": {
          "line": 71,
          "column": 2
        },
        "end": {
          "line": 73,
          "column": null
        }
      },
      "21": {
        "start": {
          "line": 72,
          "column": 4
        },
        "end": {
          "line": 72,
          "column": null
        }
      },
      "22": {
        "start": {
          "line": 74,
          "column": 2
        },
        "end": {
          "line": 82,
          "column": null
        }
      },
      "23": {
        "start": {
          "line": 81,
          "column": 4
        },
        "end": {
          "line": 81,
          "column": null
        }
      },
      "24": {
        "start": {
          "line": 83,
          "column": 2
        },
        "end": {
          "line": 83,
          "column": null
        }
      }
    },
    "fnMap": {
      "0": {
        "name": "slugify",
        "decl": {
          "start": {
            "line": 20,
            "column": 16
          },
          "end": {
            "line": 20,
            "column": 24
          }
        },
        "loc": {
          "start": {
            "line": 20,
            "column": 47
          },
          "end": {
            "line": 53,
            "column": null
          }
        }
      },
      "1": {
        "name": "truncate",
        "decl": {
          "start": {
            "line": 59,
            "column": 16
          },
          "end": {
            "line": 59,
            "column": 25
          }
        },
        "loc": {
          "start": {
            "line": 59,
            "column": 64
          },
          "end": {
            "line": 64,
            "column": null
          }
        }
      },
      "2": {
        "name": "pluralize",
        "decl": {
          "start": {
            "line": 70,
            "column": 16
          },
          "end": {
            "line": 70,
            "column": 26
          }
        },
        "loc": {
          "start": {
            "line": 70,
            "column": 48
          },
          "end": {
            "line": 84,
            "column": null
          }
        }
      }
    },
    "branchMap": {
      "0": {
        "loc": {
          "start": {
            "line": 21,
            "column": 2
          },
          "end": {
            "line": 23,
            "column": null
          }
        },
        "type": "if",
        "locations": [
          {
            "start": {
              "line": 21,
              "column": 2
            },
            "end": {
              "line": 23,
              "column": null
            }
          },
          {
            "start": {},
            "end": {}
          }
        ]
      },
      "1": {
        "loc": {
          "start": {
            "line": 29,
            "column": 4
          },
          "end": {
            "line": 45,
            "column": null
          }
        },
        "type": "if",
        "locations": [
          {
            "start": {
              "line": 29,
              "column": 4
            },
            "end": {
              "line": 45,
              "column": null
            }
          },
          {
            "start": {
              "line": 32,
              "column": 4
            },
            "end": {
              "line": 45,
              "column": null
            }
          }
        ]
      },
      "2": {
        "loc": {
          "start": {
            "line": 32,
            "column": 4
          },
          "end": {
            "line": 45,
            "column": null
          }
        },
        "type": "if",
        "locations": [
          {
            "start": {
              "line": 32,
              "column": 4
            },
            "end": {
              "line": 45,
              "column": null
            }
          },
          {
            "start": {
              "line": 38,
              "column": 11
            },
            "end": {
              "line": 45,
              "column": null
            }
          }
        ]
      },
      "3": {
        "loc": {
          "start": {
            "line": 34,
            "column": 6
          },
          "end": {
            "line": 37,
            "column": null
          }
        },
        "type": "if",
        "locations": [
          {
            "start": {
              "line": 34,
              "column": 6
            },
            "end": {
              "line": 37,
              "column": null
            }
          },
          {
            "start": {},
            "end": {}
          }
        ]
      },
      "4": {
        "loc": {
          "start": {
            "line": 34,
            "column": 10
          },
          "end": {
            "line": 34,
            "column": 44
          }
        },
        "type": "binary-expr",
        "locations": [
          {
            "start": {
              "line": 34,
              "column": 10
            },
            "end": {
              "line": 34,
              "column": 28
            }
          },
          {
            "start": {
              "line": 34,
              "column": 28
            },
            "end": {
              "line": 34,
              "column": 44
            }
          }
        ]
      },
      "5": {
        "loc": {
          "start": {
            "line": 49,
            "column": 2
          },
          "end": {
            "line": 51,
            "column": null
          }
        },
        "type": "if",
        "locations": [
          {
            "start": {
              "line": 49,
              "column": 2
            },
            "end": {
              "line": 51,
              "column": null
            }
          },
          {
            "start": {},
            "end": {}
          }
        ]
      },
      "6": {
        "loc": {
          "start": {
            "line": 60,
            "column": 2
          },
          "end": {
            "line": 62,
            "column": null
          }
        },
        "type": "if",
        "locations": [
          {
            "start": {
              "line": 60,
              "column": 2
            },
            "end": {
              "line": 62,
              "column": null
            }
          },
          {
            "start": {},
            "end": {}
          }
        ]
      },
      "7": {
        "loc": {
          "start": {
            "line": 71,
            "column": 2
          },
          "end": {
            "line": 73,
            "column": null
          }
        },
        "type": "if",
        "locations": [
          {
            "start": {
              "line": 71,
              "column": 2
            },
            "end": {
              "line": 73,
              "column": null
            }
          },
          {
            "start": {},
            "end": {}
          }
        ]
      },
      "8": {
        "loc": {
          "start": {
            "line": 74,
            "column": 2
          },
          "end": {
            "line": 82,
            "column": null
          }
        },
        "type": "if",
        "locations": [
          {
            "start": {
              "line": 74,
              "column": 2
            },
            "end": {
              "line": 82,
              "column": null
            }
          },
          {
            "start": {},
            "end": {}
          }
        ]
      },
      "9": {
        "loc": {
          "start": {
            "line": 75,
            "column": 4
          },
          "end": {
            "line": 79,
            "column": null
          }
        },
        "type": "binary-expr",
        "locations": [
          {
            "start": {
              "line": 75,
              "column": 4
            },
            "end": {
              "line": 75,
              "column": null
            }
          },
          {
            "start": {
              "line": 76,
              "column": 4
            },
            "end": {
              "line": 76,
              "column": null
            }
          },
          {
            "start": {
              "line": 77,
              "column": 4
            },
            "end": {
              "line": 77,
              "column": null
            }
          },
          {
            "start": {
              "line": 78,
              "column": 4
            },
            "end": {
              "line": 78,
              "column": null
            }
          },
          {
            "start": {
              "line": 79,
              "column": 4
            },
            "end": {
              "line": 79,
              "column": null
            }
          }
        ]
      }
    },
    "s": {
      "0": 2,
      "1": 0,
      "2": 2,
      "3": 2,
      "4": 2,
      "5": 24,
      "6": 20,
      "7": 20,
      "8": 4,
      "9": 4,
      "10": 2,
      "11": 2,
      "12": 0,
      "13": 2,
      "14": 2,
      "15": 0,
      "16": 2,
      "17": 3,
      "18": 2,
      "19": 1,
      "20": 7,
      "21": 1,
      "22": 6,
      "23": 5,
      "24": 1
    },
    "f": {
      "0": 2,
      "1": 3,
      "2": 7
    },
    "b": {
      "0": [
        0,
        2
      ],
      "1": [
        20,
        4
      ],
      "2": [
        4,
        0
      ],
      "3": [
        2,
        2
      ],
      "4": [
        4,
        2
      ],
      "5": [
        0,
        2
      ],
      "6": [
        2,
        1
      ],
      "7": [
        1,
        6
      ],
      "8": [
        5,
        1
      ],
      "9": [
        6,
        5,
        4,
        3,
        2
      ]
    }
  }
}
