SF:crates/crap-examples/src/config_merger.rs
FN:84,_RNvNtNtCs9n3ZUW95TYq_13crap_examples13config_merger5testss_28defaults_only_passes_through
FN:100,_RNvNtNtCs9n3ZUW95TYq_13crap_examples13config_merger5testss_30merged_config_default_is_empty
FN:94,_RNvNtNtCs9n3ZUW95TYq_13crap_examples13config_merger5testss_35env_overrides_defaults_at_top_level
FN:24,_RNvNtCs9n3ZUW95TYq_13crap_examples13config_merger13merge_configs
FN:27,_RNCNvNtCs9n3ZUW95TYq_13crap_examples13config_merger13merge_configs0B5_
FN:30,_RNCNvNtCs9n3ZUW95TYq_13crap_examples13config_merger13merge_configss_0B5_
FNDA:1,_RNvNtNtCs9n3ZUW95TYq_13crap_examples13config_merger5testss_28defaults_only_passes_through
FNDA:1,_RNvNtNtCs9n3ZUW95TYq_13crap_examples13config_merger5testss_30merged_config_default_is_empty
FNDA:1,_RNvNtNtCs9n3ZUW95TYq_13crap_examples13config_merger5testss_35env_overrides_defaults_at_top_level
FNDA:2,_RNvNtCs9n3ZUW95TYq_13crap_examples13config_merger13merge_configs
FNDA:0,_RNCNvNtCs9n3ZUW95TYq_13crap_examples13config_merger13merge_configs0B5_
FNDA:0,_RNCNvNtCs9n3ZUW95TYq_13crap_examples13config_merger13merge_configss_0B5_
FNF:6
FNH:4
DA:24,2
DA:25,2
DA:26,2
DA:27,2
DA:28,2
DA:29,2
DA:30,2
DA:32,2
DA:33,2
DA:34,0
DA:37,2
DA:38,2
DA:39,0
DA:42,2
DA:43,1
DA:44,0
DA:48,0
DA:49,0
DA:50,0
DA:51,0
DA:53,1
DA:55,1
DA:56,1
DA:57,1
DA:58,1
DA:59,1
DA:62,2
DA:63,2
DA:84,1
DA:85,1
DA:86,1
DA:87,1
DA:88,1
DA:89,1
DA:91,1
DA:94,1
DA:95,1
DA:96,1
DA:97,1
DA:100,1
DA:101,1
DA:102,1
DA:103,1
BRF:0
BRH:0
LF:45
LH:36
end_of_record
SF:crates/crap-examples/src/csv_parser.rs
FN:78,_RNvNtNtCs9n3ZUW95TYq_13crap_examples10csv_parser5testss_21three_unquoted_fields
FN:85,_RNvNtNtCs9n3ZUW95TYq_13crap_examples10csv_parser5testss_25newline_terminates_record
FN:104,_RNvNtNtCs9n3ZUW95TYq_13crap_examples10csv_parser5testss_25unterminated_quote_errors
FN:92,_RNvNtNtCs9n3ZUW95TYq_13crap_examples10csv_parser5testss_26quoted_field_strips_quotes
FN:98,_RNvNtNtCs9n3ZUW95TYq_13crap_examples10csv_parser5testss_28embedded_comma_inside_quotes
FN:72,_RNvNtNtCs9n3ZUW95TYq_13crap_examples10csv_parser5testss_31empty_input_yields_empty_record
FN:123,_RNvNtNtCs9n3ZUW95TYq_13crap_examples10csv_parser5testss_33multibyte_utf8_round_trips_intact
FN:110,_RNvNtNtCs9n3ZUW95TYq_13crap_examples10csv_parser5testss_34parse_all_returns_multiple_records
FN:117,_RNvNtNtCs9n3ZUW95TYq_13crap_examples10csv_parser5testss_49parse_all_handles_trailing_record_without_newline
FN:20,_RNvNtCs9n3ZUW95TYq_13crap_examples10csv_parser12parse_record
FN:55,_RNvNtCs9n3ZUW95TYq_13crap_examples10csv_parser9parse_all
FNDA:1,_RNvNtNtCs9n3ZUW95TYq_13crap_examples10csv_parser5testss_21three_unquoted_fields
FNDA:1,_RNvNtNtCs9n3ZUW95TYq_13crap_examples10csv_parser5testss_25newline_terminates_record
FNDA:1,_RNvNtNtCs9n3ZUW95TYq_13crap_examples10csv_parser5testss_25unterminated_quote_errors
FNDA:1,_RNvNtNtCs9n3ZUW95TYq_13crap_examples10csv_parser5testss_26quoted_field_strips_quotes
FNDA:1,_RNvNtNtCs9n3ZUW95TYq_13crap_examples10csv_parser5testss_28embedded_comma_inside_quotes
FNDA:1,_RNvNtNtCs9n3ZUW95TYq_13crap_examples10csv_parser5testss_31empty_input_yields_empty_record
FNDA:1,_RNvNtNtCs9n3ZUW95TYq_13crap_examples10csv_parser5testss_33multibyte_utf8_round_trips_intact
FNDA:1,_RNvNtNtCs9n3ZUW95TYq_13crap_examples10csv_parser5testss_34parse_all_returns_multiple_records
FNDA:1,_RNvNtNtCs9n3ZUW95TYq_13crap_examples10csv_parser5testss_49parse_all_handles_trailing_record_without_newline
FNDA:12,_RNvNtCs9n3ZUW95TYq_13crap_examples10csv_parser12parse_record
FNDA:2,_RNvNtCs9n3ZUW95TYq_13crap_examples10csv_parser9parse_all
FNF:11
FNH:11
DA:20,12
DA:21,12
DA:22,12
DA:23,12
DA:24,12
DA:26,66
DA:27,66
DA:28,66
DA:29,13
DA:30,2
DA:31,11
DA:32,11
DA:33,11
DA:34,53
DA:35,3
DA:36,50
DA:37,12
DA:38,38
DA:39,5
DA:40,5
DA:41,33
DA:42,33
DA:43,33
DA:46,7
DA:47,1
DA:48,6
DA:49,6
DA:50,6
DA:51,12
DA:55,2
DA:56,2
DA:57,2
DA:58,7
DA:59,5
DA:60,5
DA:61,5
DA:62,5
DA:64,2
DA:65,2
DA:72,1
DA:73,1
DA:74,1
DA:75,1
DA:78,1
DA:79,1
DA:80,1
DA:81,1
DA:82,1
DA:85,1
DA:86,1
DA:87,1
DA:88,1
DA:89,1
DA:92,1
DA:93,1
DA:94,1
DA:95,1
DA:98,1
DA:99,1
DA:100,1
DA:101,1
DA:104,1
DA:105,1
DA:106,1
DA:107,1
DA:110,1
DA:111,1
DA:112,1
DA:113,1
DA:114,1
DA:117,1
DA:118,1
DA:119,1
DA:120,1
DA:123,1
DA:124,1
DA:125,1
DA:126,1
DA:127,1
BRF:0
BRH:0
LF:79
LH:79
end_of_record
SF:crates/crap-examples/src/event_log.rs
FN:34,_RNvMNtCs9n3ZUW95TYq_13crap_examples9event_logNtB2_8EventLog3len
FN:26,_RNvMNtCs9n3ZUW95TYq_13crap_examples9event_logNtB2_8EventLog3new
FN:42,_RNvMNtCs9n3ZUW95TYq_13crap_examples9event_logNtB2_8EventLog4last
FN:46,_RNvMNtCs9n3ZUW95TYq_13crap_examples9event_logNtB2_8EventLog5clear
FN:30,_RNvMNtCs9n3ZUW95TYq_13crap_examples9event_logNtB2_8EventLog6append
FN:38,_RNvMNtCs9n3ZUW95TYq_13crap_examples9event_logNtB2_8EventLog8is_empty
FN:51,_RNvNtCs9n3ZUW95TYq_13crap_examples9event_log10make_event
FN:91,_RNvNtNtCs9n3ZUW95TYq_13crap_examples9event_log5testss_16clear_resets_log
FN:64,_RNvNtNtCs9n3ZUW95TYq_13crap_examples9event_log5testss_16new_log_is_empty
FN:72,_RNvNtNtCs9n3ZUW95TYq_13crap_examples9event_log5testss_23append_increases_length
FN:81,_RNvNtNtCs9n3ZUW95TYq_13crap_examples9event_log5testss_24last_returns_most_recent
FN:107,_RNvNtNtCs9n3ZUW95TYq_13crap_examples9event_log5testss_26default_event_log_is_empty
FN:99,_RNvNtNtCs9n3ZUW95TYq_13crap_examples9event_log5testss_27make_event_populates_fields
FNDA:2,_RNvMNtCs9n3ZUW95TYq_13crap_examples9event_logNtB2_8EventLog3len
FNDA:4,_RNvMNtCs9n3ZUW95TYq_13crap_examples9event_logNtB2_8EventLog3new
FNDA:2,_RNvMNtCs9n3ZUW95TYq_13crap_examples9event_logNtB2_8EventLog4last
FNDA:1,_RNvMNtCs9n3ZUW95TYq_13crap_examples9event_logNtB2_8EventLog5clear
FNDA:5,_RNvMNtCs9n3ZUW95TYq_13crap_examples9event_logNtB2_8EventLog6append
FNDA:4,_RNvMNtCs9n3ZUW95TYq_13crap_examples9event_logNtB2_8EventLog8is_empty
FNDA:6,_RNvNtCs9n3ZUW95TYq_13crap_examples9event_log10make_event
FNDA:1,_RNvNtNtCs9n3ZUW95TYq_13crap_examples9event_log5testss_16clear_resets_log
FNDA:1,_RNvNtNtCs9n3ZUW95TYq_13crap_examples9event_log5testss_16new_log_is_empty
FNDA:1,_RNvNtNtCs9n3ZUW95TYq_13crap_examples9event_log5testss_23append_increases_length
FNDA:1,_RNvNtNtCs9n3ZUW95TYq_13crap_examples9event_log5testss_24last_returns_most_recent
FNDA:1,_RNvNtNtCs9n3ZUW95TYq_13crap_examples9event_log5testss_26default_event_log_is_empty
FNDA:1,_RNvNtNtCs9n3ZUW95TYq_13crap_examples9event_log5testss_27make_event_populates_fields
FNF:13
FNH:13
DA:26,4
DA:27,4
DA:28,4
DA:30,5
DA:31,5
DA:32,5
DA:34,2
DA:35,2
DA:36,2
DA:38,4
DA:39,4
DA:40,4
DA:42,2
DA:43,2
DA:44,2
DA:46,1
DA:47,1
DA:48,1
DA:51,6
DA:52,6
DA:53,6
DA:54,6
DA:55,6
DA:56,6
DA:57,6
DA:64,1
DA:65,1
DA:66,1
DA:67,1
DA:68,1
DA:69,1
DA:72,1
DA:73,1
DA:74,1
DA:75,1
DA:76,1
DA:77,1
DA:78,1
DA:81,1
DA:82,1
DA:83,1
DA:84,1
DA:85,1
DA:86,1
DA:87,1
DA:88,1
DA:91,1
DA:92,1
DA:93,1
DA:94,1
DA:95,1
DA:96,1
DA:99,1
DA:100,1
DA:101,1
DA:102,1
DA:103,1
DA:104,1
DA:107,1
DA:108,1
DA:109,1
DA:110,1
BRF:0
BRH:0
LF:62
LH:62
end_of_record
SF:crates/crap-examples/src/string_utils.rs
FN:101,_RNvNtNtCs9n3ZUW95TYq_13crap_examples12string_utils5testss_24slugify_lowercases_ascii
FN:135,_RNvNtNtCs9n3ZUW95TYq_13crap_examples12string_utils5testss_27pluralize_regular_appends_s
FN:130,_RNvNtNtCs9n3ZUW95TYq_13crap_examples12string_utils5testss_29pluralize_empty_returns_empty
FN:140,_RNvNtNtCs9n3ZUW95TYq_13crap_examples12string_utils5testss_32pluralize_ending_in_s_appends_es
FN:145,_RNvNtNtCs9n3ZUW95TYq_13crap_examples12string_utils5testss_32pluralize_ending_in_x_appends_es
FN:150,_RNvNtNtCs9n3ZUW95TYq_13crap_examples12string_utils5testss_32pluralize_ending_in_z_appends_es
FN:155,_RNvNtNtCs9n3ZUW95TYq_13crap_examples12string_utils5testss_33pluralize_ending_in_ch_appends_es
FN:160,_RNvNtNtCs9n3ZUW95TYq_13crap_examples12string_utils5testss_33pluralize_ending_in_sh_appends_es
FN:106,_RNvNtNtCs9n3ZUW95TYq_13crap_examples12string_utils5testss_33slugify_collapses_whitespace_runs
FN:123,_RNvNtNtCs9n3ZUW95TYq_13crap_examples12string_utils5testss_39truncate_returns_exact_length_unchanged
FN:113,_RNvNtNtCs9n3ZUW95TYq_13crap_examples12string_utils5testss_39truncate_returns_short_string_unchanged
FN:118,_RNvNtNtCs9n3ZUW95TYq_13crap_examples12string_utils5testss_40truncate_clips_long_string_with_ellipsis
FN:18,_RNvNtCs9n3ZUW95TYq_13crap_examples12string_utils7slugify
FN:57,_RNvNtCs9n3ZUW95TYq_13crap_examples12string_utils8truncate
FN:68,_RNvNtCs9n3ZUW95TYq_13crap_examples12string_utils9pluralize
FNDA:1,_RNvNtNtCs9n3ZUW95TYq_13crap_examples12string_utils5testss_24slugify_lowercases_ascii
FNDA:1,_RNvNtNtCs9n3ZUW95TYq_13crap_examples12string_utils5testss_27pluralize_regular_appends_s
FNDA:1,_RNvNtNtCs9n3ZUW95TYq_13crap_examples12string_utils5testss_29pluralize_empty_returns_empty
FNDA:1,_RNvNtNtCs9n3ZUW95TYq_13crap_examples12string_utils5testss_32pluralize_ending_in_s_appends_es
FNDA:1,_RNvNtNtCs9n3ZUW95TYq_13crap_examples12string_utils5testss_32pluralize_ending_in_x_appends_es
FNDA:1,_RNvNtNtCs9n3ZUW95TYq_13crap_examples12string_utils5testss_32pluralize_ending_in_z_appends_es
FNDA:1,_RNvNtNtCs9n3ZUW95TYq_13crap_examples12string_utils5testss_33pluralize_ending_in_ch_appends_es
FNDA:1,_RNvNtNtCs9n3ZUW95TYq_13crap_examples12string_utils5testss_33pluralize_ending_in_sh_appends_es
FNDA:1,_RNvNtNtCs9n3ZUW95TYq_13crap_examples12string_utils5testss_33slugify_collapses_whitespace_runs
FNDA:1,_RNvNtNtCs9n3ZUW95TYq_13crap_examples12string_utils5testss_39truncate_returns_exact_length_unchanged
FNDA:1,_RNvNtNtCs9n3ZUW95TYq_13crap_examples12string_utils5testss_39truncate_returns_short_string_unchanged
FNDA:1,_RNvNtNtCs9n3ZUW95TYq_13crap_examples12string_utils5testss_40truncate_clips_long_string_with_ellipsis
FNDA:2,_RNvNtCs9n3ZUW95TYq_13crap_examples12string_utils7slugify
FNDA:3,_RNvNtCs9n3ZUW95TYq_13crap_examples12string_utils8truncate
FNDA:7,_RNvNtCs9n3ZUW95TYq_13crap_examples12string_utils9pluralize
FNF:15
FNH:15
DA:18,2
DA:19,2
DA:20,0
DA:21,2
DA:23,2
DA:24,2
DA:26,24
DA:27,24
DA:28,20
DA:29,20
DA:30,20
DA:31,20
DA:32,4
DA:34,4
DA:35,2
DA:36,2
DA:37,2
DA:38,0
DA:39,0
DA:40,0
DA:41,0
DA:42,0
DA:43,0
DA:44,0
DA:45,0
DA:48,2
DA:49,2
DA:50,0
DA:51,2
DA:52,2
DA:53,2
DA:57,3
DA:58,3
DA:59,2
DA:60,1
DA:61,1
DA:62,1
DA:63,1
DA:64,3
DA:68,7
DA:69,7
DA:70,1
DA:71,6
DA:72,6
DA:73,5
DA:74,4
DA:75,3
DA:76,2
DA:78,5
DA:80,1
DA:82,7
DA:101,1
DA:102,1
DA:103,1
DA:106,1
DA:107,1
DA:108,1
DA:113,1
DA:114,1
DA:115,1
DA:118,1
DA:119,1
DA:120,1
DA:123,1
DA:124,1
DA:125,1
DA:130,1
DA:131,1
DA:132,1
DA:135,1
DA:136,1
DA:137,1
DA:140,1
DA:141,1
DA:142,1
DA:145,1
DA:146,1
DA:147,1
DA:150,1
DA:151,1
DA:152,1
DA:155,1
DA:156,1
DA:157,1
DA:160,1
DA:161,1
DA:162,1
BRF:0
BRH:0
LF:87
LH:77
end_of_record