{
  "{SRC_ROOT}/sample.ts": {
    "path": "{SRC_ROOT}/sample.ts",
    "statementMap": {
      "0": {
        "start": {
          "line": 2,
          "column": 2
        },
        "end": {
          "line": 4,
          "column": null
        }
      },
      "1": {
        "start": {
          "line": 3,
          "column": 4
        },
        "end": {
          "line": 3,
          "column": null
        }
      },
      "2": {
        "start": {
          "line": 5,
          "column": 2
        },
        "end": {
          "line": 5,
          "column": null
        }
      },
      "3": {
        "start": {
          "line": 8,
          "column": 13
        },
        "end": {
          "line": 8,
          "column": null
        }
      },
      "4": {
        "start": {
          "line": 8,
          "column": 45
        },
        "end": {
          "line": 8,
          "column": null
        }
      },
      "5": {
        "start": {
          "line": 10,
          "column": 23
        },
        "end": {
          "line": 10,
          "column": null
        }
      },
      "6": {
        "start": {
          "line": 10,
          "column": 44
        },
        "end": {
          "line": 10,
          "column": 49
        }
      },
      "7": {
        "start": {
          "line": 13,
          "column": 2
        },
        "end": {
          "line": 13,
          "column": null
        }
      }
    },
    "fnMap": {
      "0": {
        "name": "classify",
        "decl": {
          "start": {
            "line": 1,
            "column": 16
          },
          "end": {
            "line": 1,
            "column": 25
          }
        },
        "loc": {
          "start": {
            "line": 1,
            "column": 44
          },
          "end": {
            "line": 6,
            "column": null
          }
        }
      },
      "1": {
        "name": "(anonymous_1)",
        "decl": {
          "start": {
            "line": 8,
            "column": 13
          },
          "end": {
            "line": 8,
            "column": 23
          }
        },
        "loc": {
          "start": {
            "line": 8,
            "column": 45
          },
          "end": {
            "line": 8,
            "column": null
          }
        }
      },
      "2": {
        "name": "(anonymous_2)",
        "decl": {
          "start": {
            "line": 10,
            "column": 33
          },
          "end": {
            "line": 10,
            "column": 38
          }
        },
        "loc": {
          "start": {
            "line": 10,
            "column": 44
          },
          "end": {
            "line": 10,
            "column": 49
          }
        }
      },
      "3": {
        "name": "unused",
        "decl": {
          "start": {
            "line": 12,
            "column": 16
          },
          "end": {
            "line": 12,
            "column": 23
          }
        },
        "loc": {
          "start": {
            "line": 12,
            "column": 46
          },
          "end": {
            "line": 14,
            "column": null
          }
        }
      }
    },
    "branchMap": {
      "0": {
        "loc": {
          "start": {
            "line": 2,
            "column": 2
          },
          "end": {
            "line": 4,
            "column": null
          }
        },
        "type": "if",
        "locations": [
          {
            "start": {
              "line": 2,
              "column": 2
            },
            "end": {
              "line": 4,
              "column": null
            }
          },
          {
            "start": {},
            "end": {}
          }
        ]
      },
      "1": {
        "loc": {
          "start": {
            "line": 5,
            "column": 9
          },
          "end": {
            "line": 5,
            "column": null
          }
        },
        "type": "cond-expr",
        "locations": [
          {
            "start": {
              "line": 5,
              "column": 19
            },
            "end": {
              "line": 5,
              "column": 28
            }
          },
          {
            "start": {
              "line": 5,
              "column": 28
            },
            "end": {
              "line": 5,
              "column": null
            }
          }
        ]
      },
      "2": {
        "loc": {
          "start": {
            "line": 13,
            "column": 9
          },
          "end": {
            "line": 13,
            "column": null
          }
        },
        "type": "cond-expr",
        "locations": [
          {
            "start": {
              "line": 13,
              "column": 16
            },
            "end": {
              "line": 13,
              "column": 20
            }
          },
          {
            "start": {
              "line": 13,
              "column": 20
            },
            "end": {
              "line": 13,
              "column": null
            }
          }
        ]
      }
    },
    "s": {
      "0": 1,
      "1": 0,
      "2": 1,
      "3": 1,
      "4": 1,
      "5": 1,
      "6": 3,
      "7": 0
    },
    "f": {
      "0": 1,
      "1": 1,
      "2": 3,
      "3": 0
    },
    "b": {
      "0": [
        0,
        1
      ],
      "1": [
        0,
        1
      ],
      "2": [
        0,
        0
      ]
    }
  }
}
