{"/private/tmp/oracle-src/class-validator/src/container.ts": {"path":"/private/tmp/oracle-src/class-validator/src/container.ts","statementMap":{"0":{"start":{"line":20,"column":91},"end":{"line":31,"column":4}},"1":{"start":{"line":21,"column":10},"end":{"line":21,"column":60}},"2":{"start":{"line":23,"column":19},"end":{"line":23,"column":79}},"3":{"start":{"line":23,"column":51},"end":{"line":23,"column":78}},"4":{"start":{"line":24,"column":4},"end":{"line":27,"column":5}},"5":{"start":{"line":25,"column":6},"end":{"line":25,"column":62}},"6":{"start":{"line":26,"column":6},"end":{"line":26,"column":36}},"7":{"start":{"line":29,"column":4},"end":{"line":29,"column":27}},"8":{"start":{"line":40,"column":2},"end":{"line":40,"column":31}},"9":{"start":{"line":41,"column":2},"end":{"line":41,"column":33}},"10":{"start":{"line":39,"column":0},"end":{"line":39,"column":16}},"11":{"start":{"line":48,"column":2},"end":{"line":57,"column":3}},"12":{"start":{"line":49,"column":4},"end":{"line":56,"column":5}},"13":{"start":{"line":50,"column":23},"end":{"line":50,"column":51}},"14":{"start":{"line":51,"column":6},"end":{"line":51,"column":36}},"15":{"start":{"line":51,"column":20},"end":{"line":51,"column":36}},"16":{"start":{"line":53,"column":6},"end":{"line":53,"column":83}},"17":{"start":{"line":53,"column":67},"end":{"line":53,"column":83}},"18":{"start":{"line":55,"column":6},"end":{"line":55,"column":87}},"19":{"start":{"line":55,"column":75},"end":{"line":55,"column":87}},"20":{"start":{"line":58,"column":2},"end":{"line":58,"column":44}},"21":{"start":{"line":47,"column":0},"end":{"line":47,"column":16}}},"fnMap":{"0":{"name":"(anonymous_0)","decl":{"start":{"line":20,"column":96},"end":{"line":20,"column":null}},"loc":{"start":{"line":20,"column":96},"end":{"line":31,"column":1}}},"1":{"name":"(anonymous_1)","decl":{"start":{"line":22,"column":2},"end":{"line":22,"column":5}},"loc":{"start":{"line":22,"column":47},"end":{"line":30,"column":3}}},"2":{"name":"(anonymous_2)","decl":{"start":{"line":23,"column":39},"end":{"line":23,"column":47}},"loc":{"start":{"line":23,"column":51},"end":{"line":23,"column":78}}},"3":{"name":"useContainer","decl":{"start":{"line":39,"column":16},"end":{"line":39,"column":28}},"loc":{"start":{"line":39,"column":102},"end":{"line":42,"column":1}}},"4":{"name":"getFromContainer","decl":{"start":{"line":47,"column":16},"end":{"line":47,"column":32}},"loc":{"start":{"line":47,"column":85},"end":{"line":59,"column":1}}}},"branchMap":{"0":{"loc":{"start":{"line":24,"column":4},"end":{"line":27,"column":5}},"type":"if","locations":[{"start":{"line":24,"column":4},"end":{"line":27,"column":5}}]},"1":{"loc":{"start":{"line":48,"column":2},"end":{"line":57,"column":3}},"type":"if","locations":[{"start":{"line":48,"column":2},"end":{"line":57,"column":3}}]},"2":{"loc":{"start":{"line":51,"column":6},"end":{"line":51,"column":36}},"type":"if","locations":[{"start":{"line":51,"column":6},"end":{"line":51,"column":36}}]},"3":{"loc":{"start":{"line":53,"column":6},"end":{"line":53,"column":83}},"type":"if","locations":[{"start":{"line":53,"column":6},"end":{"line":53,"column":83}}]},"4":{"loc":{"start":{"line":53,"column":10},"end":{"line":53,"column":65}},"type":"binary-expr","locations":[{"start":{"line":53,"column":10},"end":{"line":53,"column":31}},{"start":{"line":53,"column":35},"end":{"line":53,"column":65}}]},"5":{"loc":{"start":{"line":55,"column":6},"end":{"line":55,"column":87}},"type":"if","locations":[{"start":{"line":55,"column":6},"end":{"line":55,"column":87}}]},"6":{"loc":{"start":{"line":55,"column":10},"end":{"line":55,"column":73}},"type":"binary-expr","locations":[{"start":{"line":55,"column":10},"end":{"line":55,"column":31}},{"start":{"line":55,"column":35},"end":{"line":55,"column":73}}]}},"s":{"0":14,"1":14,"2":6103,"3":442969,"4":6103,"5":229,"6":229,"7":6103,"8":0,"9":0,"10":14,"11":6103,"12":0,"13":0,"14":0,"15":0,"16":0,"17":0,"18":0,"19":0,"20":6103,"21":14},"f":{"0":14,"1":6103,"2":442969,"3":0,"4":6103},"b":{"0":[229],"1":[0],"2":[0],"3":[0],"4":[0,0],"5":[0],"6":[0,0]}}
,"/private/tmp/oracle-src/class-validator/src/register-decorator.ts": {"path":"/private/tmp/oracle-src/class-validator/src/register-decorator.ts","statementMap":{"0":{"start":{"line":1,"column":0},"end":{"line":1,"column":67}},"1":{"start":{"line":3,"column":0},"end":{"line":3,"column":67}},"2":{"start":{"line":5,"column":0},"end":{"line":5,"column":63}},"3":{"start":{"line":7,"column":0},"end":{"line":7,"column":47}},"4":{"start":{"line":8,"column":0},"end":{"line":8,"column":81}},"5":{"start":{"line":53,"column":2},"end":{"line":75,"column":3}},"6":{"start":{"line":54,"column":4},"end":{"line":54,"column":38}},"7":{"start":{"line":55,"column":30},"end":{"line":55,"column":112}},"8":{"start":{"line":56,"column":4},"end":{"line":58,"column":5}},"9":{"start":{"line":57,"column":6},"end":{"line":57,"column":146}},"10":{"start":{"line":60,"column":22},"end":{"line":60,"column":39}},"11":{"start":{"line":61,"column":4},"end":{"line":73,"column":6}},"12":{"start":{"line":63,"column":8},"end":{"line":63,"column":62}},"13":{"start":{"line":67,"column":8},"end":{"line":69,"column":9}},"14":{"start":{"line":68,"column":10},"end":{"line":68,"column":63}},"15":{"start":{"line":71,"column":8},"end":{"line":71,"column":18}},"16":{"start":{"line":74,"column":4},"end":{"line":74,"column":115}},"17":{"start":{"line":77,"column":57},"end":{"line":85,"column":4}},"18":{"start":{"line":86,"column":2},"end":{"line":86,"column":93}},"19":{"start":{"line":51,"column":0},"end":{"line":51,"column":16}}},"fnMap":{"0":{"name":"registerDecorator","decl":{"start":{"line":51,"column":16},"end":{"line":51,"column":33}},"loc":{"start":{"line":51,"column":69},"end":{"line":87,"column":1}}},"1":{"name":"(anonymous_1)","decl":{"start":{"line":62,"column":6},"end":{"line":62,"column":14}},"loc":{"start":{"line":62,"column":68},"end":{"line":64,"column":7}}},"2":{"name":"(anonymous_2)","decl":{"start":{"line":66,"column":6},"end":{"line":66,"column":20}},"loc":{"start":{"line":66,"column":62},"end":{"line":72,"column":7}}}},"branchMap":{"0":{"loc":{"start":{"line":53,"column":2},"end":{"line":75,"column":3}},"type":"if","locations":[{"start":{"line":53,"column":2},"end":{"line":75,"column":3}},{"start":{"line":59,"column":9},"end":{"line":75,"column":3}}]},"1":{"loc":{"start":{"line":56,"column":4},"end":{"line":58,"column":5}},"type":"if","locations":[{"start":{"line":56,"column":4},"end":{"line":58,"column":5}}]},"2":{"loc":{"start":{"line":67,"column":8},"end":{"line":69,"column":9}},"type":"if","locations":[{"start":{"line":67,"column":8},"end":{"line":69,"column":9}}]},"3":{"loc":{"start":{"line":78,"column":10},"end":{"line":78,"column":114}},"type":"cond-expr","locations":[{"start":{"line":78,"column":66},"end":{"line":78,"column":78}},{"start":{"line":78,"column":81},"end":{"line":78,"column":114}}]},"4":{"loc":{"start":{"line":78,"column":10},"end":{"line":78,"column":63}},"type":"binary-expr","locations":[{"start":{"line":78,"column":10},"end":{"line":78,"column":22}},{"start":{"line":78,"column":26},"end":{"line":78,"column":63}}]}},"s":{"0":14,"1":14,"2":14,"3":14,"4":14,"5":224,"6":1,"7":1,"8":1,"9":0,"10":223,"11":223,"12":2468,"13":1784,"14":1784,"15":0,"16":223,"17":224,"18":224,"19":14},"f":{"0":224,"1":2468,"2":1784},"b":{"0":[1,223],"1":[0],"2":[1784],"3":[7,217],"4":[224,222]}}
,"/private/tmp/oracle-src/class-validator/src/decorator/ValidationOptions.ts": {"path":"/private/tmp/oracle-src/class-validator/src/decorator/ValidationOptions.ts","statementMap":{"0":{"start":{"line":40,"column":2},"end":{"line":42,"column":3}},"1":{"start":{"line":41,"column":4},"end":{"line":41,"column":17}},"2":{"start":{"line":43,"column":2},"end":{"line":45,"column":4}},"3":{"start":{"line":39,"column":0},"end":{"line":39,"column":16}}},"fnMap":{"0":{"name":"isValidationOptions","decl":{"start":{"line":39,"column":16},"end":{"line":39,"column":35}},"loc":{"start":{"line":39,"column":44},"end":{"line":46,"column":1}}}},"branchMap":{"0":{"loc":{"start":{"line":40,"column":2},"end":{"line":42,"column":3}},"type":"if","locations":[{"start":{"line":40,"column":2},"end":{"line":42,"column":3}}]},"1":{"loc":{"start":{"line":44,"column":4},"end":{"line":44,"column":118}},"type":"binary-expr","locations":[{"start":{"line":44,"column":4},"end":{"line":44,"column":17}},{"start":{"line":44,"column":21},"end":{"line":44,"column":37}},{"start":{"line":44,"column":41},"end":{"line":44,"column":56}},{"start":{"line":44,"column":60},"end":{"line":44,"column":75}},{"start":{"line":44,"column":79},"end":{"line":44,"column":95}},{"start":{"line":44,"column":99},"end":{"line":44,"column":118}}]}},"s":{"0":3,"1":2,"2":1,"3":12},"f":{"0":3},"b":{"0":[2],"1":[1,1,1,1,1,1]}}
,"/private/tmp/oracle-src/class-validator/src/decorator/decorators.ts": {"path":"/private/tmp/oracle-src/class-validator/src/decorator/decorators.ts","statementMap":{"0":{"start":{"line":9,"column":0},"end":{"line":9,"column":31}},"1":{"start":{"line":10,"column":0},"end":{"line":10,"column":35}},"2":{"start":{"line":11,"column":0},"end":{"line":11,"column":36}},"3":{"start":{"line":12,"column":0},"end":{"line":12,"column":34}},"4":{"start":{"line":13,"column":0},"end":{"line":13,"column":36}},"5":{"start":{"line":14,"column":0},"end":{"line":14,"column":36}},"6":{"start":{"line":15,"column":0},"end":{"line":15,"column":40}},"7":{"start":{"line":16,"column":0},"end":{"line":16,"column":41}},"8":{"start":{"line":17,"column":0},"end":{"line":17,"column":35}},"9":{"start":{"line":18,"column":0},"end":{"line":18,"column":36}},"10":{"start":{"line":19,"column":0},"end":{"line":19,"column":37}},"11":{"start":{"line":20,"column":0},"end":{"line":20,"column":32}},"12":{"start":{"line":21,"column":0},"end":{"line":21,"column":35}},"13":{"start":{"line":22,"column":0},"end":{"line":22,"column":33}},"14":{"start":{"line":23,"column":0},"end":{"line":23,"column":36}},"15":{"start":{"line":24,"column":0},"end":{"line":24,"column":30}},"16":{"start":{"line":25,"column":0},"end":{"line":25,"column":33}},"17":{"start":{"line":31,"column":0},"end":{"line":31,"column":39}},"18":{"start":{"line":32,"column":0},"end":{"line":32,"column":36}},"19":{"start":{"line":33,"column":0},"end":{"line":33,"column":36}},"20":{"start":{"line":34,"column":0},"end":{"line":34,"column":29}},"21":{"start":{"line":35,"column":0},"end":{"line":35,"column":29}},"22":{"start":{"line":41,"column":0},"end":{"line":41,"column":31}},"23":{"start":{"line":42,"column":0},"end":{"line":42,"column":31}},"24":{"start":{"line":48,"column":0},"end":{"line":48,"column":34}},"25":{"start":{"line":49,"column":0},"end":{"line":49,"column":37}},"26":{"start":{"line":50,"column":0},"end":{"line":50,"column":33}},"27":{"start":{"line":51,"column":0},"end":{"line":51,"column":40}},"28":{"start":{"line":52,"column":0},"end":{"line":52,"column":35}},"29":{"start":{"line":53,"column":0},"end":{"line":53,"column":33}},"30":{"start":{"line":54,"column":0},"end":{"line":54,"column":34}},"31":{"start":{"line":55,"column":0},"end":{"line":55,"column":38}},"32":{"start":{"line":56,"column":0},"end":{"line":56,"column":38}},"33":{"start":{"line":57,"column":0},"end":{"line":57,"column":36}},"34":{"start":{"line":58,"column":0},"end":{"line":58,"column":33}},"35":{"start":{"line":59,"column":0},"end":{"line":59,"column":32}},"36":{"start":{"line":60,"column":0},"end":{"line":60,"column":37}},"37":{"start":{"line":61,"column":0},"end":{"line":61,"column":37}},"38":{"start":{"line":62,"column":0},"end":{"line":62,"column":41}},"39":{"start":{"line":63,"column":0},"end":{"line":63,"column":36}},"40":{"start":{"line":64,"column":0},"end":{"line":64,"column":39}},"41":{"start":{"line":65,"column":0},"end":{"line":65,"column":38}},"42":{"start":{"line":66,"column":0},"end":{"line":66,"column":30}},"43":{"start":{"line":67,"column":0},"end":{"line":67,"column":32}},"44":{"start":{"line":68,"column":0},"end":{"line":68,"column":32}},"45":{"start":{"line":69,"column":0},"end":{"line":69,"column":32}},"46":{"start":{"line":70,"column":0},"end":{"line":70,"column":35}},"47":{"start":{"line":71,"column":0},"end":{"line":71,"column":32}},"48":{"start":{"line":72,"column":0},"end":{"line":72,"column":31}},"49":{"start":{"line":73,"column":0},"end":{"line":73,"column":37}},"50":{"start":{"line":74,"column":0},"end":{"line":74,"column":39}},"51":{"start":{"line":75,"column":0},"end":{"line":75,"column":42}},"52":{"start":{"line":76,"column":0},"end":{"line":76,"column":42}},"53":{"start":{"line":77,"column":0},"end":{"line":77,"column":43}},"54":{"start":{"line":78,"column":0},"end":{"line":78,"column":35}},"55":{"start":{"line":79,"column":0},"end":{"line":79,"column":37}},"56":{"start":{"line":80,"column":0},"end":{"line":80,"column":41}},"57":{"start":{"line":81,"column":0},"end":{"line":81,"column":31}},"58":{"start":{"line":82,"column":0},"end":{"line":82,"column":32}},"59":{"start":{"line":83,"column":0},"end":{"line":83,"column":42}},"60":{"start":{"line":84,"column":0},"end":{"line":84,"column":37}},"61":{"start":{"line":85,"column":0},"end":{"line":85,"column":32}},"62":{"start":{"line":86,"column":0},"end":{"line":86,"column":35}},"63":{"start":{"line":87,"column":0},"end":{"line":87,"column":35}},"64":{"start":{"line":88,"column":0},"end":{"line":88,"column":33}},"65":{"start":{"line":89,"column":0},"end":{"line":89,"column":39}},"66":{"start":{"line":90,"column":0},"end":{"line":90,"column":40}},"67":{"start":{"line":91,"column":0},"end":{"line":91,"column":32}},"68":{"start":{"line":92,"column":0},"end":{"line":92,"column":32}},"69":{"start":{"line":93,"column":0},"end":{"line":93,"column":38}},"70":{"start":{"line":94,"column":0},"end":{"line":94,"column":41}},"71":{"start":{"line":95,"column":0},"end":{"line":95,"column":40}},"72":{"start":{"line":96,"column":0},"end":{"line":96,"column":34}},"73":{"start":{"line":97,"column":0},"end":{"line":97,"column":31}},"74":{"start":{"line":98,"column":0},"end":{"line":98,"column":38}},"75":{"start":{"line":99,"column":0},"end":{"line":99,"column":35}},"76":{"start":{"line":100,"column":0},"end":{"line":100,"column":31}},"77":{"start":{"line":101,"column":0},"end":{"line":101,"column":43}},"78":{"start":{"line":102,"column":0},"end":{"line":102,"column":31}},"79":{"start":{"line":103,"column":0},"end":{"line":103,"column":32}},"80":{"start":{"line":104,"column":0},"end":{"line":104,"column":40}},"81":{"start":{"line":105,"column":0},"end":{"line":105,"column":32}},"82":{"start":{"line":106,"column":0},"end":{"line":106,"column":34}},"83":{"start":{"line":107,"column":0},"end":{"line":107,"column":37}},"84":{"start":{"line":108,"column":0},"end":{"line":108,"column":36}},"85":{"start":{"line":109,"column":0},"end":{"line":109,"column":33}},"86":{"start":{"line":110,"column":0},"end":{"line":110,"column":42}},"87":{"start":{"line":111,"column":0},"end":{"line":111,"column":38}},"88":{"start":{"line":112,"column":0},"end":{"line":112,"column":35}},"89":{"start":{"line":113,"column":0},"end":{"line":113,"column":36}},"90":{"start":{"line":114,"column":0},"end":{"line":114,"column":34}},"91":{"start":{"line":115,"column":0},"end":{"line":115,"column":42}},"92":{"start":{"line":116,"column":0},"end":{"line":116,"column":36}},"93":{"start":{"line":117,"column":0},"end":{"line":117,"column":34}},"94":{"start":{"line":118,"column":0},"end":{"line":118,"column":35}},"95":{"start":{"line":119,"column":0},"end":{"line":119,"column":50}},"96":{"start":{"line":120,"column":0},"end":{"line":120,"column":35}},"97":{"start":{"line":126,"column":0},"end":{"line":126,"column":40}},"98":{"start":{"line":127,"column":0},"end":{"line":127,"column":37}},"99":{"start":{"line":128,"column":0},"end":{"line":128,"column":39}},"100":{"start":{"line":129,"column":0},"end":{"line":129,"column":37}},"101":{"start":{"line":130,"column":0},"end":{"line":130,"column":36}},"102":{"start":{"line":131,"column":0},"end":{"line":131,"column":39}},"103":{"start":{"line":132,"column":0},"end":{"line":132,"column":38}},"104":{"start":{"line":133,"column":0},"end":{"line":133,"column":39}},"105":{"start":{"line":139,"column":0},"end":{"line":139,"column":38}},"106":{"start":{"line":140,"column":0},"end":{"line":140,"column":41}},"107":{"start":{"line":141,"column":0},"end":{"line":141,"column":38}},"108":{"start":{"line":142,"column":0},"end":{"line":142,"column":37}},"109":{"start":{"line":143,"column":0},"end":{"line":143,"column":37}},"110":{"start":{"line":144,"column":0},"end":{"line":144,"column":36}},"111":{"start":{"line":150,"column":0},"end":{"line":150,"column":42}},"112":{"start":{"line":151,"column":0},"end":{"line":151,"column":36}}},"fnMap":{},"branchMap":{},"s":{"0":12,"1":12,"2":12,"3":12,"4":12,"5":12,"6":12,"7":12,"8":12,"9":12,"10":12,"11":12,"12":12,"13":12,"14":12,"15":12,"16":12,"17":12,"18":12,"19":12,"20":12,"21":12,"22":12,"23":12,"24":12,"25":12,"26":12,"27":12,"28":12,"29":12,"30":12,"31":12,"32":12,"33":12,"34":12,"35":12,"36":12,"37":12,"38":12,"39":12,"40":12,"41":12,"42":12,"43":12,"44":12,"45":12,"46":12,"47":12,"48":12,"49":12,"50":12,"51":12,"52":12,"53":12,"54":12,"55":12,"56":12,"57":12,"58":12,"59":12,"60":12,"61":12,"62":12,"63":12,"64":12,"65":12,"66":12,"67":12,"68":12,"69":12,"70":12,"71":12,"72":12,"73":12,"74":12,"75":12,"76":12,"77":12,"78":12,"79":12,"80":12,"81":12,"82":12,"83":12,"84":12,"85":12,"86":12,"87":12,"88":12,"89":12,"90":12,"91":12,"92":12,"93":12,"94":12,"95":12,"96":12,"97":12,"98":12,"99":12,"100":12,"101":12,"102":12,"103":12,"104":12,"105":12,"106":12,"107":12,"108":12,"109":12,"110":12,"111":12,"112":12},"f":{},"b":{}}
,"/private/tmp/oracle-src/class-validator/src/decorator/array/ArrayContains.ts": {"path":"/private/tmp/oracle-src/class-validator/src/decorator/array/ArrayContains.ts","statementMap":{"0":{"start":{"line":2,"column":0},"end":{"line":2,"column":64}},"1":{"start":{"line":4,"column":13},"end":{"line":4,"column":46}},"2":{"start":{"line":11,"column":2},"end":{"line":11,"column":42}},"3":{"start":{"line":11,"column":29},"end":{"line":11,"column":42}},"4":{"start":{"line":13,"column":2},"end":{"line":13,"column":60}},"5":{"start":{"line":13,"column":31},"end":{"line":13,"column":58}},"6":{"start":{"line":10,"column":0},"end":{"line":10,"column":16}},"7":{"start":{"line":21,"column":2},"end":{"line":34,"column":4}},"8":{"start":{"line":26,"column":44},"end":{"line":26,"column":86}},"9":{"start":{"line":28,"column":24},"end":{"line":28,"column":81}},"10":{"start":{"line":20,"column":0},"end":{"line":20,"column":16}}},"fnMap":{"0":{"name":"arrayContains","decl":{"start":{"line":10,"column":16},"end":{"line":10,"column":29}},"loc":{"start":{"line":10,"column":59},"end":{"line":14,"column":1}}},"1":{"name":"(anonymous_1)","decl":{"start":{"line":13,"column":22},"end":{"line":13,"column":27}},"loc":{"start":{"line":13,"column":31},"end":{"line":13,"column":58}}},"2":{"name":"ArrayContains","decl":{"start":{"line":20,"column":16},"end":{"line":20,"column":29}},"loc":{"start":{"line":20,"column":82},"end":{"line":35,"column":1}}},"3":{"name":"(anonymous_3)","decl":{"start":{"line":26,"column":18},"end":{"line":26,"column":19}},"loc":{"start":{"line":26,"column":44},"end":{"line":26,"column":86}}},"4":{"name":"(anonymous_4)","decl":{"start":{"line":28,"column":10},"end":{"line":28,"column":20}},"loc":{"start":{"line":28,"column":24},"end":{"line":28,"column":81}}}},"branchMap":{"0":{"loc":{"start":{"line":11,"column":2},"end":{"line":11,"column":42}},"type":"if","locations":[{"start":{"line":11,"column":2},"end":{"line":11,"column":42}}]},"1":{"loc":{"start":{"line":26,"column":65},"end":{"line":26,"column":85}},"type":"cond-expr","locations":[{"start":{"line":26,"column":69},"end":{"line":26,"column":71}},{"start":{"line":26,"column":65},"end":{"line":26,"column":85}}]},"2":{"loc":{"start":{"line":26,"column":65},"end":{"line":26,"column":71}},"type":"binary-expr","locations":[{"start":{"line":26,"column":65},"end":{"line":26,"column":71}},{"start":{"line":26,"column":65},"end":{"line":26,"column":71}}]}},"s":{"0":12,"1":12,"2":15,"3":6,"4":9,"5":9,"6":12,"7":1,"8":9,"9":6,"10":12},"f":{"0":15,"1":9,"2":1,"3":9,"4":6},"b":{"0":[6],"1":[0,9],"2":[9,9]}}
,"/private/tmp/oracle-src/class-validator/src/decorator/array/ArrayMaxSize.ts": {"path":"/private/tmp/oracle-src/class-validator/src/decorator/array/ArrayMaxSize.ts","statementMap":{"0":{"start":{"line":2,"column":0},"end":{"line":2,"column":64}},"1":{"start":{"line":4,"column":13},"end":{"line":4,"column":45}},"2":{"start":{"line":11,"column":2},"end":{"line":11,"column":53}},"3":{"start":{"line":10,"column":0},"end":{"line":10,"column":16}},"4":{"start":{"line":19,"column":2},"end":{"line":32,"column":4}},"5":{"start":{"line":24,"column":44},"end":{"line":24,"column":85}},"6":{"start":{"line":26,"column":24},"end":{"line":26,"column":96}},"7":{"start":{"line":18,"column":0},"end":{"line":18,"column":16}}},"fnMap":{"0":{"name":"arrayMaxSize","decl":{"start":{"line":10,"column":16},"end":{"line":10,"column":28}},"loc":{"start":{"line":10,"column":56},"end":{"line":12,"column":1}}},"1":{"name":"ArrayMaxSize","decl":{"start":{"line":18,"column":16},"end":{"line":18,"column":28}},"loc":{"start":{"line":18,"column":79},"end":{"line":33,"column":1}}},"2":{"name":"(anonymous_2)","decl":{"start":{"line":24,"column":18},"end":{"line":24,"column":19}},"loc":{"start":{"line":24,"column":44},"end":{"line":24,"column":85}}},"3":{"name":"(anonymous_3)","decl":{"start":{"line":26,"column":10},"end":{"line":26,"column":20}},"loc":{"start":{"line":26,"column":24},"end":{"line":26,"column":96}}}},"branchMap":{"0":{"loc":{"start":{"line":11,"column":9},"end":{"line":11,"column":52}},"type":"binary-expr","locations":[{"start":{"line":11,"column":9},"end":{"line":11,"column":29}},{"start":{"line":11,"column":33},"end":{"line":11,"column":52}}]},"1":{"loc":{"start":{"line":24,"column":64},"end":{"line":24,"column":84}},"type":"cond-expr","locations":[{"start":{"line":24,"column":68},"end":{"line":24,"column":70}},{"start":{"line":24,"column":64},"end":{"line":24,"column":84}}]},"2":{"loc":{"start":{"line":24,"column":64},"end":{"line":24,"column":70}},"type":"binary-expr","locations":[{"start":{"line":24,"column":64},"end":{"line":24,"column":70}},{"start":{"line":24,"column":64},"end":{"line":24,"column":70}}]}},"s":{"0":12,"1":12,"2":11,"3":12,"4":1,"5":7,"6":6,"7":12},"f":{"0":11,"1":1,"2":7,"3":6},"b":{"0":[11,5],"1":[0,7],"2":[7,7]}}
,"/private/tmp/oracle-src/class-validator/src/decorator/array/ArrayMinSize.ts": {"path":"/private/tmp/oracle-src/class-validator/src/decorator/array/ArrayMinSize.ts","statementMap":{"0":{"start":{"line":2,"column":0},"end":{"line":2,"column":64}},"1":{"start":{"line":4,"column":13},"end":{"line":4,"column":45}},"2":{"start":{"line":11,"column":2},"end":{"line":11,"column":53}},"3":{"start":{"line":10,"column":0},"end":{"line":10,"column":16}},"4":{"start":{"line":19,"column":2},"end":{"line":32,"column":4}},"5":{"start":{"line":24,"column":44},"end":{"line":24,"column":85}},"6":{"start":{"line":26,"column":24},"end":{"line":26,"column":92}},"7":{"start":{"line":18,"column":0},"end":{"line":18,"column":16}}},"fnMap":{"0":{"name":"arrayMinSize","decl":{"start":{"line":10,"column":16},"end":{"line":10,"column":28}},"loc":{"start":{"line":10,"column":56},"end":{"line":12,"column":1}}},"1":{"name":"ArrayMinSize","decl":{"start":{"line":18,"column":16},"end":{"line":18,"column":28}},"loc":{"start":{"line":18,"column":79},"end":{"line":33,"column":1}}},"2":{"name":"(anonymous_2)","decl":{"start":{"line":24,"column":18},"end":{"line":24,"column":19}},"loc":{"start":{"line":24,"column":44},"end":{"line":24,"column":85}}},"3":{"name":"(anonymous_3)","decl":{"start":{"line":26,"column":10},"end":{"line":26,"column":20}},"loc":{"start":{"line":26,"column":24},"end":{"line":26,"column":92}}}},"branchMap":{"0":{"loc":{"start":{"line":11,"column":9},"end":{"line":11,"column":52}},"type":"binary-expr","locations":[{"start":{"line":11,"column":9},"end":{"line":11,"column":29}},{"start":{"line":11,"column":33},"end":{"line":11,"column":52}}]},"1":{"loc":{"start":{"line":24,"column":64},"end":{"line":24,"column":84}},"type":"cond-expr","locations":[{"start":{"line":24,"column":68},"end":{"line":24,"column":70}},{"start":{"line":24,"column":64},"end":{"line":24,"column":84}}]},"2":{"loc":{"start":{"line":24,"column":64},"end":{"line":24,"column":70}},"type":"binary-expr","locations":[{"start":{"line":24,"column":64},"end":{"line":24,"column":70}},{"start":{"line":24,"column":64},"end":{"line":24,"column":70}}]}},"s":{"0":12,"1":12,"2":11,"3":12,"4":1,"5":7,"6":6,"7":12},"f":{"0":11,"1":1,"2":7,"3":6},"b":{"0":[11,5],"1":[0,7],"2":[7,7]}}
,"/private/tmp/oracle-src/class-validator/src/decorator/array/ArrayNotContains.ts": {"path":"/private/tmp/oracle-src/class-validator/src/decorator/array/ArrayNotContains.ts","statementMap":{"0":{"start":{"line":2,"column":0},"end":{"line":2,"column":64}},"1":{"start":{"line":4,"column":13},"end":{"line":4,"column":53}},"2":{"start":{"line":11,"column":2},"end":{"line":11,"column":42}},"3":{"start":{"line":11,"column":29},"end":{"line":11,"column":42}},"4":{"start":{"line":13,"column":2},"end":{"line":13,"column":60}},"5":{"start":{"line":13,"column":31},"end":{"line":13,"column":58}},"6":{"start":{"line":10,"column":0},"end":{"line":10,"column":16}},"7":{"start":{"line":21,"column":2},"end":{"line":34,"column":4}},"8":{"start":{"line":26,"column":44},"end":{"line":26,"column":89}},"9":{"start":{"line":28,"column":24},"end":{"line":28,"column":87}},"10":{"start":{"line":20,"column":0},"end":{"line":20,"column":16}}},"fnMap":{"0":{"name":"arrayNotContains","decl":{"start":{"line":10,"column":16},"end":{"line":10,"column":32}},"loc":{"start":{"line":10,"column":62},"end":{"line":14,"column":1}}},"1":{"name":"(anonymous_1)","decl":{"start":{"line":13,"column":22},"end":{"line":13,"column":27}},"loc":{"start":{"line":13,"column":31},"end":{"line":13,"column":58}}},"2":{"name":"ArrayNotContains","decl":{"start":{"line":20,"column":16},"end":{"line":20,"column":32}},"loc":{"start":{"line":20,"column":85},"end":{"line":35,"column":1}}},"3":{"name":"(anonymous_3)","decl":{"start":{"line":26,"column":18},"end":{"line":26,"column":19}},"loc":{"start":{"line":26,"column":44},"end":{"line":26,"column":89}}},"4":{"name":"(anonymous_4)","decl":{"start":{"line":28,"column":10},"end":{"line":28,"column":20}},"loc":{"start":{"line":28,"column":24},"end":{"line":28,"column":87}}}},"branchMap":{"0":{"loc":{"start":{"line":11,"column":2},"end":{"line":11,"column":42}},"type":"if","locations":[{"start":{"line":11,"column":2},"end":{"line":11,"column":42}}]},"1":{"loc":{"start":{"line":26,"column":68},"end":{"line":26,"column":88}},"type":"cond-expr","locations":[{"start":{"line":26,"column":72},"end":{"line":26,"column":74}},{"start":{"line":26,"column":68},"end":{"line":26,"column":88}}]},"2":{"loc":{"start":{"line":26,"column":68},"end":{"line":26,"column":74}},"type":"binary-expr","locations":[{"start":{"line":26,"column":68},"end":{"line":26,"column":74}},{"start":{"line":26,"column":68},"end":{"line":26,"column":74}}]}},"s":{"0":12,"1":12,"2":17,"3":6,"4":11,"5":11,"6":12,"7":1,"8":11,"9":10,"10":12},"f":{"0":17,"1":11,"2":1,"3":11,"4":10},"b":{"0":[6],"1":[0,11],"2":[11,11]}}
,"/private/tmp/oracle-src/class-validator/src/decorator/array/ArrayNotEmpty.ts": {"path":"/private/tmp/oracle-src/class-validator/src/decorator/array/ArrayNotEmpty.ts","statementMap":{"0":{"start":{"line":2,"column":0},"end":{"line":2,"column":64}},"1":{"start":{"line":4,"column":13},"end":{"line":4,"column":47}},"2":{"start":{"line":11,"column":2},"end":{"line":11,"column":50}},"3":{"start":{"line":10,"column":0},"end":{"line":10,"column":16}},"4":{"start":{"line":19,"column":2},"end":{"line":28,"column":4}},"5":{"start":{"line":23,"column":44},"end":{"line":23,"column":64}},"6":{"start":{"line":24,"column":51},"end":{"line":24,"column":95}},"7":{"start":{"line":18,"column":0},"end":{"line":18,"column":16}}},"fnMap":{"0":{"name":"arrayNotEmpty","decl":{"start":{"line":10,"column":16},"end":{"line":10,"column":29}},"loc":{"start":{"line":10,"column":44},"end":{"line":12,"column":1}}},"1":{"name":"ArrayNotEmpty","decl":{"start":{"line":18,"column":16},"end":{"line":18,"column":29}},"loc":{"start":{"line":18,"column":67},"end":{"line":29,"column":1}}},"2":{"name":"(anonymous_2)","decl":{"start":{"line":23,"column":18},"end":{"line":23,"column":19}},"loc":{"start":{"line":23,"column":44},"end":{"line":23,"column":64}}},"3":{"name":"(anonymous_3)","decl":{"start":{"line":24,"column":37},"end":{"line":24,"column":47}},"loc":{"start":{"line":24,"column":51},"end":{"line":24,"column":95}}}},"branchMap":{"0":{"loc":{"start":{"line":11,"column":9},"end":{"line":11,"column":49}},"type":"binary-expr","locations":[{"start":{"line":11,"column":9},"end":{"line":11,"column":29}},{"start":{"line":11,"column":33},"end":{"line":11,"column":49}}]}},"s":{"0":12,"1":12,"2":25,"3":12,"4":1,"5":14,"6":6,"7":12},"f":{"0":25,"1":1,"2":14,"3":6},"b":{"0":[25,19]}}
,"/private/tmp/oracle-src/class-validator/src/decorator/array/ArrayUnique.ts": {"path":"/private/tmp/oracle-src/class-validator/src/decorator/array/ArrayUnique.ts","statementMap":{"0":{"start":{"line":2,"column":0},"end":{"line":2,"column":64}},"1":{"start":{"line":4,"column":13},"end":{"line":4,"column":42}},"2":{"start":{"line":12,"column":2},"end":{"line":12,"column":42}},"3":{"start":{"line":12,"column":29},"end":{"line":12,"column":42}},"4":{"start":{"line":14,"column":2},"end":{"line":16,"column":3}},"5":{"start":{"line":15,"column":4},"end":{"line":15,"column":60}},"6":{"start":{"line":15,"column":28},"end":{"line":15,"column":57}},"7":{"start":{"line":18,"column":22},"end":{"line":18,"column":67}},"8":{"start":{"line":18,"column":48},"end":{"line":18,"column":66}},"9":{"start":{"line":19,"column":2},"end":{"line":19,"column":45}},"10":{"start":{"line":11,"column":0},"end":{"line":11,"column":16}},"11":{"start":{"line":30,"column":21},"end":{"line":30,"column":96}},"12":{"start":{"line":31,"column":18},"end":{"line":31,"column":101}},"13":{"start":{"line":33,"column":2},"end":{"line":42,"column":4}},"14":{"start":{"line":37,"column":44},"end":{"line":37,"column":74}},"15":{"start":{"line":38,"column":51},"end":{"line":38,"column":105}},"16":{"start":{"line":26,"column":0},"end":{"line":26,"column":16}}},"fnMap":{"0":{"name":"arrayUnique","decl":{"start":{"line":11,"column":16},"end":{"line":11,"column":27}},"loc":{"start":{"line":11,"column":80},"end":{"line":20,"column":1}}},"1":{"name":"(anonymous_1)","decl":{"start":{"line":15,"column":22},"end":{"line":15,"column":23}},"loc":{"start":{"line":15,"column":28},"end":{"line":15,"column":57}}},"2":{"name":"(anonymous_2)","decl":{"start":{"line":18,"column":35},"end":{"line":18,"column":36}},"loc":{"start":{"line":18,"column":48},"end":{"line":18,"column":66}}},"3":{"name":"ArrayUnique","decl":{"start":{"line":26,"column":16},"end":{"line":26,"column":27}},"loc":{"start":{"line":28,"column":39},"end":{"line":43,"column":1}}},"4":{"name":"(anonymous_4)","decl":{"start":{"line":37,"column":18},"end":{"line":37,"column":19}},"loc":{"start":{"line":37,"column":44},"end":{"line":37,"column":74}}},"5":{"name":"(anonymous_5)","decl":{"start":{"line":38,"column":37},"end":{"line":38,"column":47}},"loc":{"start":{"line":38,"column":51},"end":{"line":38,"column":105}}}},"branchMap":{"0":{"loc":{"start":{"line":12,"column":2},"end":{"line":12,"column":42}},"type":"if","locations":[{"start":{"line":12,"column":2},"end":{"line":12,"column":42}}]},"1":{"loc":{"start":{"line":14,"column":2},"end":{"line":16,"column":3}},"type":"if","locations":[{"start":{"line":14,"column":2},"end":{"line":16,"column":3}}]},"2":{"loc":{"start":{"line":15,"column":28},"end":{"line":15,"column":57}},"type":"cond-expr","locations":[{"start":{"line":15,"column":40},"end":{"line":15,"column":53}},{"start":{"line":15,"column":56},"end":{"line":15,"column":57}}]},"3":{"loc":{"start":{"line":30,"column":21},"end":{"line":30,"column":96}},"type":"cond-expr","locations":[{"start":{"line":30,"column":65},"end":{"line":30,"column":84}},{"start":{"line":30,"column":87},"end":{"line":30,"column":96}}]},"4":{"loc":{"start":{"line":31,"column":18},"end":{"line":31,"column":101}},"type":"cond-expr","locations":[{"start":{"line":31,"column":62},"end":{"line":31,"column":81}},{"start":{"line":31,"column":84},"end":{"line":31,"column":101}}]}},"s":{"0":12,"1":12,"2":46,"3":12,"4":34,"5":17,"6":53,"7":34,"8":106,"9":34,"10":12,"11":2,"12":2,"13":2,"14":28,"15":20,"16":12},"f":{"0":46,"1":53,"2":106,"3":2,"4":28,"5":20},"b":{"0":[12],"1":[17],"2":[53,0],"3":[1,1],"4":[1,1]}}
,"/private/tmp/oracle-src/class-validator/src/decorator/common/Allow.ts": {"path":"/private/tmp/oracle-src/class-validator/src/decorator/common/Allow.ts","statementMap":{"0":{"start":{"line":3,"column":0},"end":{"line":3,"column":67}},"1":{"start":{"line":4,"column":0},"end":{"line":4,"column":71}},"2":{"start":{"line":5,"column":0},"end":{"line":5,"column":68}},"3":{"start":{"line":11,"column":2},"end":{"line":19,"column":4}},"4":{"start":{"line":12,"column":41},"end":{"line":17,"column":6}},"5":{"start":{"line":18,"column":4},"end":{"line":18,"column":77}},"6":{"start":{"line":10,"column":0},"end":{"line":10,"column":16}}},"fnMap":{"0":{"name":"Allow","decl":{"start":{"line":10,"column":16},"end":{"line":10,"column":21}},"loc":{"start":{"line":10,"column":59},"end":{"line":20,"column":1}}},"1":{"name":"(anonymous_1)","decl":{"start":{"line":11,"column":9},"end":{"line":11,"column":19}},"loc":{"start":{"line":11,"column":55},"end":{"line":19,"column":3}}}},"branchMap":{},"s":{"0":12,"1":12,"2":12,"3":1,"4":1,"5":1,"6":12},"f":{"0":1,"1":1},"b":{}}
,"/private/tmp/oracle-src/class-validator/src/decorator/common/Equals.ts": {"path":"/private/tmp/oracle-src/class-validator/src/decorator/common/Equals.ts","statementMap":{"0":{"start":{"line":2,"column":0},"end":{"line":2,"column":64}},"1":{"start":{"line":4,"column":13},"end":{"line":4,"column":31}},"2":{"start":{"line":10,"column":2},"end":{"line":10,"column":30}},"3":{"start":{"line":9,"column":0},"end":{"line":9,"column":16}},"4":{"start":{"line":17,"column":2},"end":{"line":30,"column":4}},"5":{"start":{"line":22,"column":44},"end":{"line":22,"column":79}},"6":{"start":{"line":24,"column":24},"end":{"line":24,"column":78}},"7":{"start":{"line":16,"column":0},"end":{"line":16,"column":16}}},"fnMap":{"0":{"name":"equals","decl":{"start":{"line":9,"column":16},"end":{"line":9,"column":22}},"loc":{"start":{"line":9,"column":58},"end":{"line":11,"column":1}}},"1":{"name":"Equals","decl":{"start":{"line":16,"column":16},"end":{"line":16,"column":22}},"loc":{"start":{"line":16,"column":77},"end":{"line":31,"column":1}}},"2":{"name":"(anonymous_2)","decl":{"start":{"line":22,"column":18},"end":{"line":22,"column":19}},"loc":{"start":{"line":22,"column":44},"end":{"line":22,"column":79}}},"3":{"name":"(anonymous_3)","decl":{"start":{"line":24,"column":10},"end":{"line":24,"column":20}},"loc":{"start":{"line":24,"column":24},"end":{"line":24,"column":78}}}},"branchMap":{"0":{"loc":{"start":{"line":22,"column":58},"end":{"line":22,"column":78}},"type":"cond-expr","locations":[{"start":{"line":22,"column":62},"end":{"line":22,"column":64}},{"start":{"line":22,"column":58},"end":{"line":22,"column":78}}]},"1":{"loc":{"start":{"line":22,"column":58},"end":{"line":22,"column":64}},"type":"binary-expr","locations":[{"start":{"line":22,"column":58},"end":{"line":22,"column":64}},{"start":{"line":22,"column":58},"end":{"line":22,"column":64}}]}},"s":{"0":12,"1":12,"2":8,"3":12,"4":4,"5":6,"6":4,"7":12},"f":{"0":8,"1":4,"2":6,"3":4},"b":{"0":[0,6],"1":[6,6]}}
,"/private/tmp/oracle-src/class-validator/src/decorator/common/IsDefined.ts": {"path":"/private/tmp/oracle-src/class-validator/src/decorator/common/IsDefined.ts","statementMap":{"0":{"start":{"line":2,"column":0},"end":{"line":2,"column":56}},"1":{"start":{"line":3,"column":0},"end":{"line":3,"column":67}},"2":{"start":{"line":6,"column":13},"end":{"line":6,"column":53}},"3":{"start":{"line":12,"column":2},"end":{"line":12,"column":47}},"4":{"start":{"line":11,"column":0},"end":{"line":11,"column":16}},"5":{"start":{"line":19,"column":2},"end":{"line":31,"column":4}},"6":{"start":{"line":23,"column":38},"end":{"line":23,"column":54}},"7":{"start":{"line":25,"column":24},"end":{"line":25,"column":80}},"8":{"start":{"line":18,"column":0},"end":{"line":18,"column":16}}},"fnMap":{"0":{"name":"isDefined","decl":{"start":{"line":11,"column":16},"end":{"line":11,"column":25}},"loc":{"start":{"line":11,"column":56},"end":{"line":13,"column":1}}},"1":{"name":"IsDefined","decl":{"start":{"line":18,"column":16},"end":{"line":18,"column":25}},"loc":{"start":{"line":18,"column":63},"end":{"line":32,"column":1}}},"2":{"name":"(anonymous_2)","decl":{"start":{"line":23,"column":18},"end":{"line":23,"column":19}},"loc":{"start":{"line":23,"column":38},"end":{"line":23,"column":54}}},"3":{"name":"(anonymous_3)","decl":{"start":{"line":25,"column":10},"end":{"line":25,"column":20}},"loc":{"start":{"line":25,"column":24},"end":{"line":25,"column":80}}}},"branchMap":{"0":{"loc":{"start":{"line":12,"column":9},"end":{"line":12,"column":46}},"type":"binary-expr","locations":[{"start":{"line":12,"column":9},"end":{"line":12,"column":28}},{"start":{"line":12,"column":32},"end":{"line":12,"column":46}}]}},"s":{"0":12,"1":12,"2":12,"3":58,"4":12,"5":7,"6":48,"7":13,"8":12},"f":{"0":58,"1":7,"2":48,"3":13},"b":{"0":[58,47]}}
,"/private/tmp/oracle-src/class-validator/src/decorator/common/IsEmpty.ts": {"path":"/private/tmp/oracle-src/class-validator/src/decorator/common/IsEmpty.ts","statementMap":{"0":{"start":{"line":2,"column":0},"end":{"line":2,"column":64}},"1":{"start":{"line":4,"column":13},"end":{"line":4,"column":34}},"2":{"start":{"line":10,"column":2},"end":{"line":10,"column":63}},"3":{"start":{"line":9,"column":0},"end":{"line":9,"column":16}},"4":{"start":{"line":17,"column":2},"end":{"line":26,"column":4}},"5":{"start":{"line":21,"column":44},"end":{"line":21,"column":58}},"6":{"start":{"line":22,"column":51},"end":{"line":22,"column":89}},"7":{"start":{"line":16,"column":0},"end":{"line":16,"column":16}}},"fnMap":{"0":{"name":"isEmpty","decl":{"start":{"line":9,"column":16},"end":{"line":9,"column":23}},"loc":{"start":{"line":9,"column":38},"end":{"line":11,"column":1}}},"1":{"name":"IsEmpty","decl":{"start":{"line":16,"column":16},"end":{"line":16,"column":23}},"loc":{"start":{"line":16,"column":61},"end":{"line":27,"column":1}}},"2":{"name":"(anonymous_2)","decl":{"start":{"line":21,"column":18},"end":{"line":21,"column":19}},"loc":{"start":{"line":21,"column":44},"end":{"line":21,"column":58}}},"3":{"name":"(anonymous_3)","decl":{"start":{"line":22,"column":37},"end":{"line":22,"column":47}},"loc":{"start":{"line":22,"column":51},"end":{"line":22,"column":89}}}},"branchMap":{"0":{"loc":{"start":{"line":10,"column":9},"end":{"line":10,"column":62}},"type":"binary-expr","locations":[{"start":{"line":10,"column":9},"end":{"line":10,"column":21}},{"start":{"line":10,"column":25},"end":{"line":10,"column":39}},{"start":{"line":10,"column":43},"end":{"line":10,"column":62}}]}},"s":{"0":12,"1":12,"2":21,"3":12,"4":1,"5":13,"6":10,"7":12},"f":{"0":21,"1":1,"2":13,"3":10},"b":{"0":[21,19,17]}}
,"/private/tmp/oracle-src/class-validator/src/decorator/common/IsIn.ts": {"path":"/private/tmp/oracle-src/class-validator/src/decorator/common/IsIn.ts","statementMap":{"0":{"start":{"line":2,"column":0},"end":{"line":2,"column":64}},"1":{"start":{"line":4,"column":13},"end":{"line":4,"column":28}},"2":{"start":{"line":10,"column":2},"end":{"line":10,"column":104}},"3":{"start":{"line":10,"column":79},"end":{"line":10,"column":102}},"4":{"start":{"line":9,"column":0},"end":{"line":9,"column":16}},"5":{"start":{"line":17,"column":2},"end":{"line":30,"column":4}},"6":{"start":{"line":22,"column":44},"end":{"line":22,"column":77}},"7":{"start":{"line":24,"column":24},"end":{"line":24,"column":98}},"8":{"start":{"line":16,"column":0},"end":{"line":16,"column":16}}},"fnMap":{"0":{"name":"isIn","decl":{"start":{"line":9,"column":16},"end":{"line":9,"column":20}},"loc":{"start":{"line":9,"column":71},"end":{"line":11,"column":1}}},"1":{"name":"(anonymous_1)","decl":{"start":{"line":10,"column":62},"end":{"line":10,"column":75}},"loc":{"start":{"line":10,"column":79},"end":{"line":10,"column":102}}},"2":{"name":"IsIn","decl":{"start":{"line":16,"column":16},"end":{"line":16,"column":20}},"loc":{"start":{"line":16,"column":82},"end":{"line":31,"column":1}}},"3":{"name":"(anonymous_3)","decl":{"start":{"line":22,"column":18},"end":{"line":22,"column":19}},"loc":{"start":{"line":22,"column":44},"end":{"line":22,"column":77}}},"4":{"name":"(anonymous_4)","decl":{"start":{"line":24,"column":10},"end":{"line":24,"column":20}},"loc":{"start":{"line":24,"column":24},"end":{"line":24,"column":98}}}},"branchMap":{"0":{"loc":{"start":{"line":10,"column":9},"end":{"line":10,"column":103}},"type":"binary-expr","locations":[{"start":{"line":10,"column":9},"end":{"line":10,"column":38}},{"start":{"line":10,"column":42},"end":{"line":10,"column":103}}]},"1":{"loc":{"start":{"line":22,"column":56},"end":{"line":22,"column":76}},"type":"cond-expr","locations":[{"start":{"line":22,"column":60},"end":{"line":22,"column":62}},{"start":{"line":22,"column":56},"end":{"line":22,"column":76}}]},"2":{"loc":{"start":{"line":22,"column":56},"end":{"line":22,"column":62}},"type":"binary-expr","locations":[{"start":{"line":22,"column":56},"end":{"line":22,"column":62}},{"start":{"line":22,"column":56},"end":{"line":22,"column":62}}]}},"s":{"0":13,"1":13,"2":19,"3":29,"4":13,"5":1,"6":8,"7":6,"8":13},"f":{"0":19,"1":29,"2":1,"3":8,"4":6},"b":{"0":[19,16],"1":[0,8],"2":[8,8]}}
,"/private/tmp/oracle-src/class-validator/src/decorator/common/IsLatLong.ts": {"path":"/private/tmp/oracle-src/class-validator/src/decorator/common/IsLatLong.ts","statementMap":{"0":{"start":{"line":2,"column":0},"end":{"line":2,"column":56}},"1":{"start":{"line":3,"column":0},"end":{"line":3,"column":57}},"2":{"start":{"line":5,"column":13},"end":{"line":5,"column":38}},"3":{"start":{"line":11,"column":2},"end":{"line":11,"column":64}},"4":{"start":{"line":10,"column":0},"end":{"line":10,"column":16}},"5":{"start":{"line":18,"column":2},"end":{"line":30,"column":4}},"6":{"start":{"line":22,"column":44},"end":{"line":22,"column":60}},"7":{"start":{"line":24,"column":24},"end":{"line":24,"column":84}},"8":{"start":{"line":17,"column":0},"end":{"line":17,"column":16}}},"fnMap":{"0":{"name":"isLatLong","decl":{"start":{"line":10,"column":16},"end":{"line":10,"column":25}},"loc":{"start":{"line":10,"column":39},"end":{"line":12,"column":1}}},"1":{"name":"IsLatLong","decl":{"start":{"line":17,"column":16},"end":{"line":17,"column":25}},"loc":{"start":{"line":17,"column":63},"end":{"line":31,"column":1}}},"2":{"name":"(anonymous_3)","decl":{"start":{"line":22,"column":18},"end":{"line":22,"column":19}},"loc":{"start":{"line":22,"column":44},"end":{"line":22,"column":60}}},"3":{"name":"(anonymous_4)","decl":{"start":{"line":24,"column":10},"end":{"line":24,"column":20}},"loc":{"start":{"line":24,"column":24},"end":{"line":24,"column":84}}}},"branchMap":{"0":{"loc":{"start":{"line":11,"column":9},"end":{"line":11,"column":63}},"type":"binary-expr","locations":[{"start":{"line":11,"column":9},"end":{"line":11,"column":34}},{"start":{"line":11,"column":38},"end":{"line":11,"column":63}}]}},"s":{"0":12,"1":12,"2":12,"3":18,"4":12,"5":1,"6":4,"7":2,"8":12},"f":{"0":18,"1":1,"2":4,"3":2},"b":{"0":[18,18]}}
,"/private/tmp/oracle-src/class-validator/src/decorator/common/IsLatitude.ts": {"path":"/private/tmp/oracle-src/class-validator/src/decorator/common/IsLatitude.ts","statementMap":{"0":{"start":{"line":2,"column":0},"end":{"line":2,"column":56}},"1":{"start":{"line":3,"column":0},"end":{"line":3,"column":40}},"2":{"start":{"line":5,"column":13},"end":{"line":5,"column":40}},"3":{"start":{"line":11,"column":2},"end":{"line":11,"column":93}},"4":{"start":{"line":10,"column":0},"end":{"line":10,"column":16}},"5":{"start":{"line":18,"column":2},"end":{"line":30,"column":4}},"6":{"start":{"line":22,"column":44},"end":{"line":22,"column":61}},"7":{"start":{"line":24,"column":24},"end":{"line":24,"column":84}},"8":{"start":{"line":17,"column":0},"end":{"line":17,"column":16}}},"fnMap":{"0":{"name":"isLatitude","decl":{"start":{"line":10,"column":16},"end":{"line":10,"column":26}},"loc":{"start":{"line":10,"column":40},"end":{"line":12,"column":1}}},"1":{"name":"IsLatitude","decl":{"start":{"line":17,"column":16},"end":{"line":17,"column":26}},"loc":{"start":{"line":17,"column":64},"end":{"line":31,"column":1}}},"2":{"name":"(anonymous_2)","decl":{"start":{"line":22,"column":18},"end":{"line":22,"column":19}},"loc":{"start":{"line":22,"column":44},"end":{"line":22,"column":61}}},"3":{"name":"(anonymous_3)","decl":{"start":{"line":24,"column":10},"end":{"line":24,"column":20}},"loc":{"start":{"line":24,"column":24},"end":{"line":24,"column":84}}}},"branchMap":{"0":{"loc":{"start":{"line":11,"column":9},"end":{"line":11,"column":92}},"type":"binary-expr","locations":[{"start":{"line":11,"column":10},"end":{"line":11,"column":35}},{"start":{"line":11,"column":39},"end":{"line":11,"column":64}},{"start":{"line":11,"column":69},"end":{"line":11,"column":92}}]}},"s":{"0":12,"1":12,"2":12,"3":7,"4":12,"5":1,"6":7,"7":4,"8":12},"f":{"0":7,"1":1,"2":7,"3":4},"b":{"0":[7,4,7]}}
,"/private/tmp/oracle-src/class-validator/src/decorator/common/IsLongitude.ts": {"path":"/private/tmp/oracle-src/class-validator/src/decorator/common/IsLongitude.ts","statementMap":{"0":{"start":{"line":2,"column":0},"end":{"line":2,"column":56}},"1":{"start":{"line":3,"column":0},"end":{"line":3,"column":40}},"2":{"start":{"line":5,"column":13},"end":{"line":5,"column":42}},"3":{"start":{"line":11,"column":2},"end":{"line":11,"column":93}},"4":{"start":{"line":10,"column":0},"end":{"line":10,"column":16}},"5":{"start":{"line":18,"column":2},"end":{"line":30,"column":4}},"6":{"start":{"line":22,"column":44},"end":{"line":22,"column":62}},"7":{"start":{"line":24,"column":24},"end":{"line":24,"column":85}},"8":{"start":{"line":17,"column":0},"end":{"line":17,"column":16}}},"fnMap":{"0":{"name":"isLongitude","decl":{"start":{"line":10,"column":16},"end":{"line":10,"column":27}},"loc":{"start":{"line":10,"column":41},"end":{"line":12,"column":1}}},"1":{"name":"IsLongitude","decl":{"start":{"line":17,"column":16},"end":{"line":17,"column":27}},"loc":{"start":{"line":17,"column":65},"end":{"line":31,"column":1}}},"2":{"name":"(anonymous_2)","decl":{"start":{"line":22,"column":18},"end":{"line":22,"column":19}},"loc":{"start":{"line":22,"column":44},"end":{"line":22,"column":62}}},"3":{"name":"(anonymous_3)","decl":{"start":{"line":24,"column":10},"end":{"line":24,"column":20}},"loc":{"start":{"line":24,"column":24},"end":{"line":24,"column":85}}}},"branchMap":{"0":{"loc":{"start":{"line":11,"column":9},"end":{"line":11,"column":92}},"type":"binary-expr","locations":[{"start":{"line":11,"column":10},"end":{"line":11,"column":35}},{"start":{"line":11,"column":39},"end":{"line":11,"column":64}},{"start":{"line":11,"column":69},"end":{"line":11,"column":92}}]}},"s":{"0":12,"1":12,"2":12,"3":7,"4":12,"5":1,"6":7,"7":4,"8":12},"f":{"0":7,"1":1,"2":7,"3":4},"b":{"0":[7,4,7]}}
,"/private/tmp/oracle-src/class-validator/src/decorator/common/IsNotEmpty.ts": {"path":"/private/tmp/oracle-src/class-validator/src/decorator/common/IsNotEmpty.ts","statementMap":{"0":{"start":{"line":2,"column":0},"end":{"line":2,"column":64}},"1":{"start":{"line":4,"column":13},"end":{"line":4,"column":41}},"2":{"start":{"line":10,"column":2},"end":{"line":10,"column":63}},"3":{"start":{"line":9,"column":0},"end":{"line":9,"column":16}},"4":{"start":{"line":17,"column":2},"end":{"line":26,"column":4}},"5":{"start":{"line":21,"column":44},"end":{"line":21,"column":61}},"6":{"start":{"line":22,"column":51},"end":{"line":22,"column":95}},"7":{"start":{"line":16,"column":0},"end":{"line":16,"column":16}}},"fnMap":{"0":{"name":"isNotEmpty","decl":{"start":{"line":9,"column":16},"end":{"line":9,"column":26}},"loc":{"start":{"line":9,"column":41},"end":{"line":11,"column":1}}},"1":{"name":"IsNotEmpty","decl":{"start":{"line":16,"column":16},"end":{"line":16,"column":26}},"loc":{"start":{"line":16,"column":64},"end":{"line":27,"column":1}}},"2":{"name":"(anonymous_2)","decl":{"start":{"line":21,"column":18},"end":{"line":21,"column":19}},"loc":{"start":{"line":21,"column":44},"end":{"line":21,"column":61}}},"3":{"name":"(anonymous_3)","decl":{"start":{"line":22,"column":37},"end":{"line":22,"column":47}},"loc":{"start":{"line":22,"column":51},"end":{"line":22,"column":95}}}},"branchMap":{"0":{"loc":{"start":{"line":10,"column":9},"end":{"line":10,"column":62}},"type":"binary-expr","locations":[{"start":{"line":10,"column":9},"end":{"line":10,"column":21}},{"start":{"line":10,"column":25},"end":{"line":10,"column":39}},{"start":{"line":10,"column":43},"end":{"line":10,"column":62}}]}},"s":{"0":12,"1":12,"2":20,"3":12,"4":7,"5":15,"6":8,"7":12},"f":{"0":20,"1":7,"2":15,"3":8},"b":{"0":[20,14,11]}}
,"/private/tmp/oracle-src/class-validator/src/decorator/common/IsNotIn.ts": {"path":"/private/tmp/oracle-src/class-validator/src/decorator/common/IsNotIn.ts","statementMap":{"0":{"start":{"line":2,"column":0},"end":{"line":2,"column":64}},"1":{"start":{"line":4,"column":13},"end":{"line":4,"column":35}},"2":{"start":{"line":10,"column":2},"end":{"line":10,"column":106}},"3":{"start":{"line":10,"column":81},"end":{"line":10,"column":104}},"4":{"start":{"line":9,"column":0},"end":{"line":9,"column":16}},"5":{"start":{"line":17,"column":2},"end":{"line":30,"column":4}},"6":{"start":{"line":22,"column":44},"end":{"line":22,"column":80}},"7":{"start":{"line":24,"column":24},"end":{"line":24,"column":104}},"8":{"start":{"line":16,"column":0},"end":{"line":16,"column":16}}},"fnMap":{"0":{"name":"isNotIn","decl":{"start":{"line":9,"column":16},"end":{"line":9,"column":23}},"loc":{"start":{"line":9,"column":74},"end":{"line":11,"column":1}}},"1":{"name":"(anonymous_1)","decl":{"start":{"line":10,"column":64},"end":{"line":10,"column":77}},"loc":{"start":{"line":10,"column":81},"end":{"line":10,"column":104}}},"2":{"name":"IsNotIn","decl":{"start":{"line":16,"column":16},"end":{"line":16,"column":23}},"loc":{"start":{"line":16,"column":85},"end":{"line":31,"column":1}}},"3":{"name":"(anonymous_3)","decl":{"start":{"line":22,"column":18},"end":{"line":22,"column":19}},"loc":{"start":{"line":22,"column":44},"end":{"line":22,"column":80}}},"4":{"name":"(anonymous_4)","decl":{"start":{"line":24,"column":10},"end":{"line":24,"column":20}},"loc":{"start":{"line":24,"column":24},"end":{"line":24,"column":104}}}},"branchMap":{"0":{"loc":{"start":{"line":10,"column":9},"end":{"line":10,"column":105}},"type":"binary-expr","locations":[{"start":{"line":10,"column":9},"end":{"line":10,"column":39}},{"start":{"line":10,"column":43},"end":{"line":10,"column":105}}]},"1":{"loc":{"start":{"line":22,"column":59},"end":{"line":22,"column":79}},"type":"cond-expr","locations":[{"start":{"line":22,"column":63},"end":{"line":22,"column":65}},{"start":{"line":22,"column":59},"end":{"line":22,"column":79}}]},"2":{"loc":{"start":{"line":22,"column":59},"end":{"line":22,"column":65}},"type":"binary-expr","locations":[{"start":{"line":22,"column":59},"end":{"line":22,"column":65}},{"start":{"line":22,"column":59},"end":{"line":22,"column":65}}]}},"s":{"0":12,"1":12,"2":12,"3":21,"4":12,"5":1,"6":7,"7":4,"8":12},"f":{"0":12,"1":21,"2":1,"3":7,"4":4},"b":{"0":[12,12],"1":[0,7],"2":[7,7]}}
,"/private/tmp/oracle-src/class-validator/src/decorator/common/IsOptional.ts": {"path":"/private/tmp/oracle-src/class-validator/src/decorator/common/IsOptional.ts","statementMap":{"0":{"start":{"line":3,"column":0},"end":{"line":3,"column":67}},"1":{"start":{"line":4,"column":0},"end":{"line":4,"column":71}},"2":{"start":{"line":5,"column":0},"end":{"line":5,"column":68}},"3":{"start":{"line":7,"column":13},"end":{"line":7,"column":40}},"4":{"start":{"line":13,"column":2},"end":{"line":27,"column":4}},"5":{"start":{"line":14,"column":41},"end":{"line":25,"column":6}},"6":{"start":{"line":21,"column":10},"end":{"line":21,"column":85}},"7":{"start":{"line":26,"column":4},"end":{"line":26,"column":77}},"8":{"start":{"line":12,"column":0},"end":{"line":12,"column":16}}},"fnMap":{"0":{"name":"IsOptional","decl":{"start":{"line":12,"column":16},"end":{"line":12,"column":26}},"loc":{"start":{"line":12,"column":64},"end":{"line":28,"column":1}}},"1":{"name":"(anonymous_1)","decl":{"start":{"line":13,"column":9},"end":{"line":13,"column":19}},"loc":{"start":{"line":13,"column":55},"end":{"line":27,"column":3}}},"2":{"name":"(anonymous_2)","decl":{"start":{"line":20,"column":8},"end":{"line":20,"column":9}},"loc":{"start":{"line":20,"column":45},"end":{"line":22,"column":9}}}},"branchMap":{"0":{"loc":{"start":{"line":21,"column":17},"end":{"line":21,"column":84}},"type":"binary-expr","locations":[{"start":{"line":21,"column":17},"end":{"line":21,"column":46}},{"start":{"line":21,"column":50},"end":{"line":21,"column":84}}]}},"s":{"0":12,"1":12,"2":12,"3":12,"4":5,"5":5,"6":11,"7":5,"8":12},"f":{"0":5,"1":5,"2":11},"b":{"0":[11,11]}}
,"/private/tmp/oracle-src/class-validator/src/decorator/common/NotEquals.ts": {"path":"/private/tmp/oracle-src/class-validator/src/decorator/common/NotEquals.ts","statementMap":{"0":{"start":{"line":2,"column":0},"end":{"line":2,"column":64}},"1":{"start":{"line":4,"column":13},"end":{"line":4,"column":38}},"2":{"start":{"line":10,"column":2},"end":{"line":10,"column":30}},"3":{"start":{"line":9,"column":0},"end":{"line":9,"column":16}},"4":{"start":{"line":17,"column":2},"end":{"line":30,"column":4}},"5":{"start":{"line":22,"column":44},"end":{"line":22,"column":82}},"6":{"start":{"line":24,"column":24},"end":{"line":24,"column":84}},"7":{"start":{"line":16,"column":0},"end":{"line":16,"column":16}}},"fnMap":{"0":{"name":"notEquals","decl":{"start":{"line":9,"column":16},"end":{"line":9,"column":25}},"loc":{"start":{"line":9,"column":61},"end":{"line":11,"column":1}}},"1":{"name":"NotEquals","decl":{"start":{"line":16,"column":16},"end":{"line":16,"column":25}},"loc":{"start":{"line":16,"column":80},"end":{"line":31,"column":1}}},"2":{"name":"(anonymous_2)","decl":{"start":{"line":22,"column":18},"end":{"line":22,"column":19}},"loc":{"start":{"line":22,"column":44},"end":{"line":22,"column":82}}},"3":{"name":"(anonymous_3)","decl":{"start":{"line":24,"column":10},"end":{"line":24,"column":20}},"loc":{"start":{"line":24,"column":24},"end":{"line":24,"column":84}}}},"branchMap":{"0":{"loc":{"start":{"line":22,"column":61},"end":{"line":22,"column":81}},"type":"cond-expr","locations":[{"start":{"line":22,"column":65},"end":{"line":22,"column":67}},{"start":{"line":22,"column":61},"end":{"line":22,"column":81}}]},"1":{"loc":{"start":{"line":22,"column":61},"end":{"line":22,"column":67}},"type":"binary-expr","locations":[{"start":{"line":22,"column":61},"end":{"line":22,"column":67}},{"start":{"line":22,"column":61},"end":{"line":22,"column":67}}]}},"s":{"0":12,"1":12,"2":5,"3":12,"4":1,"5":3,"6":2,"7":12},"f":{"0":5,"1":1,"2":3,"3":2},"b":{"0":[0,3],"1":[3,3]}}
,"/private/tmp/oracle-src/class-validator/src/decorator/common/Validate.ts": {"path":"/private/tmp/oracle-src/class-validator/src/decorator/common/Validate.ts","statementMap":{"0":{"start":{"line":3,"column":0},"end":{"line":3,"column":71}},"1":{"start":{"line":4,"column":0},"end":{"line":4,"column":68}},"2":{"start":{"line":5,"column":0},"end":{"line":5,"column":67}},"3":{"start":{"line":6,"column":0},"end":{"line":6,"column":71}},"4":{"start":{"line":12,"column":2},"end":{"line":23,"column":4}},"5":{"start":{"line":13,"column":20},"end":{"line":13,"column":44}},"6":{"start":{"line":14,"column":15},"end":{"line":14,"column":58}},"7":{"start":{"line":15,"column":4},"end":{"line":20,"column":5}},"8":{"start":{"line":16,"column":6},"end":{"line":16,"column":34}},"9":{"start":{"line":17,"column":6},"end":{"line":19,"column":107}},"10":{"start":{"line":19,"column":8},"end":{"line":19,"column":107}},"11":{"start":{"line":19,"column":54},"end":{"line":19,"column":87}},"12":{"start":{"line":21,"column":21},"end":{"line":21,"column":66}},"13":{"start":{"line":22,"column":4},"end":{"line":22,"column":57}},"14":{"start":{"line":11,"column":0},"end":{"line":11,"column":16}},"15":{"start":{"line":41,"column":2},"end":{"line":53,"column":4}},"16":{"start":{"line":42,"column":41},"end":{"line":51,"column":6}},"17":{"start":{"line":52,"column":4},"end":{"line":52,"column":77}},"18":{"start":{"line":36,"column":0},"end":{"line":36,"column":16}}},"fnMap":{"0":{"name":"ValidatorConstraint","decl":{"start":{"line":11,"column":16},"end":{"line":11,"column":35}},"loc":{"start":{"line":11,"column":80},"end":{"line":24,"column":1}}},"1":{"name":"(anonymous_1)","decl":{"start":{"line":12,"column":9},"end":{"line":12,"column":19}},"loc":{"start":{"line":12,"column":35},"end":{"line":23,"column":3}}},"2":{"name":"(anonymous_2)","decl":{"start":{"line":19,"column":44},"end":{"line":19,"column":45}},"loc":{"start":{"line":19,"column":54},"end":{"line":19,"column":87}}},"3":{"name":"Validate","decl":{"start":{"line":36,"column":16},"end":{"line":36,"column":24}},"loc":{"start":{"line":39,"column":44},"end":{"line":54,"column":1}}},"4":{"name":"(anonymous_4)","decl":{"start":{"line":41,"column":9},"end":{"line":41,"column":19}},"loc":{"start":{"line":41,"column":55},"end":{"line":53,"column":3}}}},"branchMap":{"0":{"loc":{"start":{"line":13,"column":20},"end":{"line":13,"column":44}},"type":"binary-expr","locations":[{"start":{"line":13,"column":20},"end":{"line":13,"column":27}},{"start":{"line":13,"column":31},"end":{"line":13,"column":44}}]},"1":{"loc":{"start":{"line":14,"column":15},"end":{"line":14,"column":58}},"type":"cond-expr","locations":[{"start":{"line":14,"column":41},"end":{"line":14,"column":53}},{"start":{"line":14,"column":56},"end":{"line":14,"column":58}}]},"2":{"loc":{"start":{"line":14,"column":15},"end":{"line":14,"column":38}},"type":"binary-expr","locations":[{"start":{"line":14,"column":15},"end":{"line":14,"column":22}},{"start":{"line":14,"column":26},"end":{"line":14,"column":38}}]},"3":{"loc":{"start":{"line":15,"column":4},"end":{"line":20,"column":5}},"type":"if","locations":[{"start":{"line":15,"column":4},"end":{"line":20,"column":5}}]},"4":{"loc":{"start":{"line":17,"column":6},"end":{"line":19,"column":107}},"type":"if","locations":[{"start":{"line":17,"column":6},"end":{"line":19,"column":107}}]},"5":{"loc":{"start":{"line":47,"column":19},"end":{"line":47,"column":109}},"type":"cond-expr","locations":[{"start":{"line":47,"column":67},"end":{"line":47,"column":97}},{"start":{"line":47,"column":100},"end":{"line":47,"column":109}}]},"6":{"loc":{"start":{"line":48,"column":25},"end":{"line":50,"column":32}},"type":"cond-expr","locations":[{"start":{"line":49,"column":10},"end":{"line":49,"column":40}},{"start":{"line":50,"column":10},"end":{"line":50,"column":32}}]}},"s":{"0":12,"1":12,"2":12,"3":12,"4":14,"5":14,"6":14,"7":14,"8":0,"9":0,"10":0,"11":0,"12":14,"13":14,"14":12,"15":13,"16":13,"17":13,"18":12},"f":{"0":14,"1":14,"2":0,"3":13,"4":13},"b":{"0":[14,14],"1":[14,0],"2":[14,14],"3":[0],"4":[0],"5":[0,13],"6":[13,0]}}
,"/private/tmp/oracle-src/class-validator/src/decorator/common/ValidateBy.ts": {"path":"/private/tmp/oracle-src/class-validator/src/decorator/common/ValidateBy.ts","statementMap":{"0":{"start":{"line":2,"column":0},"end":{"line":2,"column":61}},"1":{"start":{"line":17,"column":2},"end":{"line":20,"column":4}},"2":{"start":{"line":18,"column":23},"end":{"line":18,"column":90}},"3":{"start":{"line":19,"column":4},"end":{"line":19,"column":49}},"4":{"start":{"line":13,"column":0},"end":{"line":13,"column":16}},"5":{"start":{"line":24,"column":2},"end":{"line":33,"column":4}},"6":{"start":{"line":25,"column":4},"end":{"line":32,"column":7}},"7":{"start":{"line":23,"column":0},"end":{"line":23,"column":16}}},"fnMap":{"0":{"name":"buildMessage","decl":{"start":{"line":13,"column":16},"end":{"line":13,"column":28}},"loc":{"start":{"line":15,"column":39},"end":{"line":21,"column":1}}},"1":{"name":"(anonymous_1)","decl":{"start":{"line":17,"column":9},"end":{"line":17,"column":10}},"loc":{"start":{"line":17,"column":63},"end":{"line":20,"column":3}}},"2":{"name":"ValidateBy","decl":{"start":{"line":23,"column":16},"end":{"line":23,"column":26}},"loc":{"start":{"line":23,"column":92},"end":{"line":34,"column":1}}},"3":{"name":"(anonymous_3)","decl":{"start":{"line":24,"column":9},"end":{"line":24,"column":19}},"loc":{"start":{"line":24,"column":55},"end":{"line":33,"column":3}}}},"branchMap":{"0":{"loc":{"start":{"line":18,"column":23},"end":{"line":18,"column":90}},"type":"cond-expr","locations":[{"start":{"line":18,"column":69},"end":{"line":18,"column":85}},{"start":{"line":18,"column":88},"end":{"line":18,"column":90}}]},"1":{"loc":{"start":{"line":18,"column":23},"end":{"line":18,"column":66}},"type":"binary-expr","locations":[{"start":{"line":18,"column":23},"end":{"line":18,"column":40}},{"start":{"line":18,"column":44},"end":{"line":18,"column":66}}]}},"s":{"0":14,"1":218,"2":1782,"3":1782,"4":14,"5":217,"6":217,"7":14},"f":{"0":218,"1":1782,"2":217,"3":217},"b":{"0":[3,1779],"1":[1782,44]}}
,"/private/tmp/oracle-src/class-validator/src/decorator/common/ValidateIf.ts": {"path":"/private/tmp/oracle-src/class-validator/src/decorator/common/ValidateIf.ts","statementMap":{"0":{"start":{"line":3,"column":0},"end":{"line":3,"column":67}},"1":{"start":{"line":4,"column":0},"end":{"line":4,"column":71}},"2":{"start":{"line":5,"column":0},"end":{"line":5,"column":68}},"3":{"start":{"line":14,"column":2},"end":{"line":23,"column":4}},"4":{"start":{"line":15,"column":41},"end":{"line":21,"column":6}},"5":{"start":{"line":22,"column":4},"end":{"line":22,"column":77}},"6":{"start":{"line":10,"column":0},"end":{"line":10,"column":16}}},"fnMap":{"0":{"name":"ValidateIf","decl":{"start":{"line":10,"column":16},"end":{"line":10,"column":26}},"loc":{"start":{"line":12,"column":39},"end":{"line":24,"column":1}}},"1":{"name":"(anonymous_1)","decl":{"start":{"line":14,"column":9},"end":{"line":14,"column":19}},"loc":{"start":{"line":14,"column":55},"end":{"line":23,"column":3}}}},"branchMap":{},"s":{"0":12,"1":12,"2":12,"3":3,"4":3,"5":3,"6":12},"f":{"0":3,"1":3},"b":{}}
,"/private/tmp/oracle-src/class-validator/src/decorator/common/ValidateNested.ts": {"path":"/private/tmp/oracle-src/class-validator/src/decorator/common/ValidateNested.ts","statementMap":{"0":{"start":{"line":3,"column":0},"end":{"line":3,"column":67}},"1":{"start":{"line":4,"column":0},"end":{"line":4,"column":71}},"2":{"start":{"line":5,"column":0},"end":{"line":5,"column":68}},"3":{"start":{"line":11,"column":34},"end":{"line":11,"column":58}},"4":{"start":{"line":12,"column":21},"end":{"line":12,"column":54}},"5":{"start":{"line":13,"column":2},"end":{"line":13,"column":105}},"6":{"start":{"line":15,"column":2},"end":{"line":23,"column":4}},"7":{"start":{"line":16,"column":41},"end":{"line":21,"column":6}},"8":{"start":{"line":22,"column":4},"end":{"line":22,"column":77}},"9":{"start":{"line":10,"column":0},"end":{"line":10,"column":16}}},"fnMap":{"0":{"name":"ValidateNested","decl":{"start":{"line":10,"column":16},"end":{"line":10,"column":30}},"loc":{"start":{"line":10,"column":68},"end":{"line":24,"column":1}}},"1":{"name":"(anonymous_1)","decl":{"start":{"line":15,"column":9},"end":{"line":15,"column":19}},"loc":{"start":{"line":15,"column":55},"end":{"line":23,"column":3}}}},"branchMap":{"0":{"loc":{"start":{"line":12,"column":21},"end":{"line":12,"column":54}},"type":"cond-expr","locations":[{"start":{"line":12,"column":33},"end":{"line":12,"column":49}},{"start":{"line":12,"column":52},"end":{"line":12,"column":54}}]},"1":{"loc":{"start":{"line":13,"column":17},"end":{"line":13,"column":104}},"type":"binary-expr","locations":[{"start":{"line":13,"column":17},"end":{"line":13,"column":29}},{"start":{"line":13,"column":33},"end":{"line":13,"column":104}}]}},"s":{"0":12,"1":12,"2":12,"3":23,"4":23,"5":23,"6":23,"7":23,"8":23,"9":12},"f":{"0":23,"1":23},"b":{"0":[1,22],"1":[23,23]}}
,"/private/tmp/oracle-src/class-validator/src/decorator/common/ValidatePromise.ts": {"path":"/private/tmp/oracle-src/class-validator/src/decorator/common/ValidatePromise.ts","statementMap":{"0":{"start":{"line":3,"column":0},"end":{"line":3,"column":67}},"1":{"start":{"line":4,"column":0},"end":{"line":4,"column":71}},"2":{"start":{"line":5,"column":0},"end":{"line":5,"column":68}},"3":{"start":{"line":11,"column":2},"end":{"line":19,"column":4}},"4":{"start":{"line":12,"column":41},"end":{"line":17,"column":6}},"5":{"start":{"line":18,"column":4},"end":{"line":18,"column":77}},"6":{"start":{"line":10,"column":0},"end":{"line":10,"column":16}}},"fnMap":{"0":{"name":"ValidatePromise","decl":{"start":{"line":10,"column":16},"end":{"line":10,"column":31}},"loc":{"start":{"line":10,"column":69},"end":{"line":20,"column":1}}},"1":{"name":"(anonymous_1)","decl":{"start":{"line":11,"column":9},"end":{"line":11,"column":19}},"loc":{"start":{"line":11,"column":55},"end":{"line":19,"column":3}}}},"branchMap":{},"s":{"0":12,"1":12,"2":12,"3":5,"4":5,"5":5,"6":12},"f":{"0":5,"1":5},"b":{}}
,"/private/tmp/oracle-src/class-validator/src/decorator/date/MaxDate.ts": {"path":"/private/tmp/oracle-src/class-validator/src/decorator/date/MaxDate.ts","statementMap":{"0":{"start":{"line":2,"column":0},"end":{"line":2,"column":64}},"1":{"start":{"line":4,"column":13},"end":{"line":4,"column":34}},"2":{"start":{"line":10,"column":2},"end":{"line":10,"column":109}},"3":{"start":{"line":9,"column":0},"end":{"line":9,"column":16}},"4":{"start":{"line":17,"column":2},"end":{"line":30,"column":4}},"5":{"start":{"line":22,"column":44},"end":{"line":22,"column":80}},"6":{"start":{"line":24,"column":24},"end":{"line":24,"column":94}},"7":{"start":{"line":16,"column":0},"end":{"line":16,"column":16}}},"fnMap":{"0":{"name":"maxDate","decl":{"start":{"line":9,"column":16},"end":{"line":9,"column":23}},"loc":{"start":{"line":9,"column":67},"end":{"line":11,"column":1}}},"1":{"name":"MaxDate","decl":{"start":{"line":16,"column":16},"end":{"line":16,"column":23}},"loc":{"start":{"line":16,"column":88},"end":{"line":31,"column":1}}},"2":{"name":"(anonymous_2)","decl":{"start":{"line":22,"column":18},"end":{"line":22,"column":19}},"loc":{"start":{"line":22,"column":44},"end":{"line":22,"column":80}}},"3":{"name":"(anonymous_3)","decl":{"start":{"line":24,"column":10},"end":{"line":24,"column":20}},"loc":{"start":{"line":24,"column":24},"end":{"line":24,"column":94}}}},"branchMap":{"0":{"loc":{"start":{"line":10,"column":9},"end":{"line":10,"column":108}},"type":"binary-expr","locations":[{"start":{"line":10,"column":9},"end":{"line":10,"column":29}},{"start":{"line":10,"column":33},"end":{"line":10,"column":108}}]},"1":{"loc":{"start":{"line":10,"column":52},"end":{"line":10,"column":97}},"type":"cond-expr","locations":[{"start":{"line":10,"column":78},"end":{"line":10,"column":85}},{"start":{"line":10,"column":88},"end":{"line":10,"column":97}}]},"2":{"loc":{"start":{"line":22,"column":59},"end":{"line":22,"column":79}},"type":"cond-expr","locations":[{"start":{"line":22,"column":63},"end":{"line":22,"column":65}},{"start":{"line":22,"column":59},"end":{"line":22,"column":79}}]},"3":{"loc":{"start":{"line":22,"column":59},"end":{"line":22,"column":65}},"type":"binary-expr","locations":[{"start":{"line":22,"column":59},"end":{"line":22,"column":65}},{"start":{"line":22,"column":59},"end":{"line":22,"column":65}}]}},"s":{"0":12,"1":12,"2":10,"3":12,"4":2,"5":6,"6":4,"7":12},"f":{"0":10,"1":2,"2":6,"3":4},"b":{"0":[10,10],"1":[5,5],"2":[0,6],"3":[6,6]}}
,"/private/tmp/oracle-src/class-validator/src/decorator/date/MinDate.ts": {"path":"/private/tmp/oracle-src/class-validator/src/decorator/date/MinDate.ts","statementMap":{"0":{"start":{"line":2,"column":0},"end":{"line":2,"column":64}},"1":{"start":{"line":4,"column":13},"end":{"line":4,"column":34}},"2":{"start":{"line":10,"column":2},"end":{"line":10,"column":109}},"3":{"start":{"line":9,"column":0},"end":{"line":9,"column":16}},"4":{"start":{"line":17,"column":2},"end":{"line":30,"column":4}},"5":{"start":{"line":22,"column":44},"end":{"line":22,"column":80}},"6":{"start":{"line":24,"column":24},"end":{"line":24,"column":94}},"7":{"start":{"line":16,"column":0},"end":{"line":16,"column":16}}},"fnMap":{"0":{"name":"minDate","decl":{"start":{"line":9,"column":16},"end":{"line":9,"column":23}},"loc":{"start":{"line":9,"column":67},"end":{"line":11,"column":1}}},"1":{"name":"MinDate","decl":{"start":{"line":16,"column":16},"end":{"line":16,"column":23}},"loc":{"start":{"line":16,"column":88},"end":{"line":31,"column":1}}},"2":{"name":"(anonymous_2)","decl":{"start":{"line":22,"column":18},"end":{"line":22,"column":19}},"loc":{"start":{"line":22,"column":44},"end":{"line":22,"column":80}}},"3":{"name":"(anonymous_3)","decl":{"start":{"line":24,"column":10},"end":{"line":24,"column":20}},"loc":{"start":{"line":24,"column":24},"end":{"line":24,"column":94}}}},"branchMap":{"0":{"loc":{"start":{"line":10,"column":9},"end":{"line":10,"column":108}},"type":"binary-expr","locations":[{"start":{"line":10,"column":9},"end":{"line":10,"column":29}},{"start":{"line":10,"column":33},"end":{"line":10,"column":108}}]},"1":{"loc":{"start":{"line":10,"column":52},"end":{"line":10,"column":97}},"type":"cond-expr","locations":[{"start":{"line":10,"column":78},"end":{"line":10,"column":85}},{"start":{"line":10,"column":88},"end":{"line":10,"column":97}}]},"2":{"loc":{"start":{"line":22,"column":59},"end":{"line":22,"column":79}},"type":"cond-expr","locations":[{"start":{"line":22,"column":63},"end":{"line":22,"column":65}},{"start":{"line":22,"column":59},"end":{"line":22,"column":79}}]},"3":{"loc":{"start":{"line":22,"column":59},"end":{"line":22,"column":65}},"type":"binary-expr","locations":[{"start":{"line":22,"column":59},"end":{"line":22,"column":65}},{"start":{"line":22,"column":59},"end":{"line":22,"column":65}}]}},"s":{"0":12,"1":12,"2":10,"3":12,"4":2,"5":6,"6":4,"7":12},"f":{"0":10,"1":2,"2":6,"3":4},"b":{"0":[10,10],"1":[5,5],"2":[0,6],"3":[6,6]}}
,"/private/tmp/oracle-src/class-validator/src/decorator/number/IsDivisibleBy.ts": {"path":"/private/tmp/oracle-src/class-validator/src/decorator/number/IsDivisibleBy.ts","statementMap":{"0":{"start":{"line":2,"column":0},"end":{"line":2,"column":64}},"1":{"start":{"line":3,"column":0},"end":{"line":3,"column":65}},"2":{"start":{"line":5,"column":13},"end":{"line":5,"column":47}},"3":{"start":{"line":11,"column":2},"end":{"line":11,"column":108}},"4":{"start":{"line":10,"column":0},"end":{"line":10,"column":16}},"5":{"start":{"line":18,"column":2},"end":{"line":31,"column":4}},"6":{"start":{"line":23,"column":44},"end":{"line":23,"column":86}},"7":{"start":{"line":25,"column":24},"end":{"line":25,"column":82}},"8":{"start":{"line":17,"column":0},"end":{"line":17,"column":16}}},"fnMap":{"0":{"name":"isDivisibleBy","decl":{"start":{"line":10,"column":16},"end":{"line":10,"column":29}},"loc":{"start":{"line":10,"column":57},"end":{"line":12,"column":1}}},"1":{"name":"IsDivisibleBy","decl":{"start":{"line":17,"column":16},"end":{"line":17,"column":29}},"loc":{"start":{"line":17,"column":80},"end":{"line":32,"column":1}}},"2":{"name":"(anonymous_3)","decl":{"start":{"line":23,"column":18},"end":{"line":23,"column":19}},"loc":{"start":{"line":23,"column":44},"end":{"line":23,"column":86}}},"3":{"name":"(anonymous_4)","decl":{"start":{"line":25,"column":10},"end":{"line":25,"column":20}},"loc":{"start":{"line":25,"column":24},"end":{"line":25,"column":82}}}},"branchMap":{"0":{"loc":{"start":{"line":11,"column":9},"end":{"line":11,"column":107}},"type":"binary-expr","locations":[{"start":{"line":11,"column":9},"end":{"line":11,"column":34}},{"start":{"line":11,"column":38},"end":{"line":11,"column":61}},{"start":{"line":11,"column":65},"end":{"line":11,"column":107}}]},"1":{"loc":{"start":{"line":23,"column":65},"end":{"line":23,"column":85}},"type":"cond-expr","locations":[{"start":{"line":23,"column":69},"end":{"line":23,"column":71}},{"start":{"line":23,"column":65},"end":{"line":23,"column":85}}]},"2":{"loc":{"start":{"line":23,"column":65},"end":{"line":23,"column":71}},"type":"binary-expr","locations":[{"start":{"line":23,"column":65},"end":{"line":23,"column":71}},{"start":{"line":23,"column":65},"end":{"line":23,"column":71}}]}},"s":{"0":12,"1":12,"2":12,"3":17,"4":12,"5":1,"6":10,"7":6,"8":12},"f":{"0":17,"1":1,"2":10,"3":6},"b":{"0":[17,8,8],"1":[0,10],"2":[10,10]}}
,"/private/tmp/oracle-src/class-validator/src/decorator/number/IsNegative.ts": {"path":"/private/tmp/oracle-src/class-validator/src/decorator/number/IsNegative.ts","statementMap":{"0":{"start":{"line":2,"column":0},"end":{"line":2,"column":64}},"1":{"start":{"line":4,"column":13},"end":{"line":4,"column":40}},"2":{"start":{"line":10,"column":2},"end":{"line":10,"column":48}},"3":{"start":{"line":9,"column":0},"end":{"line":9,"column":16}},"4":{"start":{"line":17,"column":2},"end":{"line":29,"column":4}},"5":{"start":{"line":21,"column":44},"end":{"line":21,"column":61}},"6":{"start":{"line":23,"column":24},"end":{"line":23,"column":74}},"7":{"start":{"line":16,"column":0},"end":{"line":16,"column":16}}},"fnMap":{"0":{"name":"isNegative","decl":{"start":{"line":9,"column":16},"end":{"line":9,"column":26}},"loc":{"start":{"line":9,"column":41},"end":{"line":11,"column":1}}},"1":{"name":"IsNegative","decl":{"start":{"line":16,"column":16},"end":{"line":16,"column":26}},"loc":{"start":{"line":16,"column":64},"end":{"line":30,"column":1}}},"2":{"name":"(anonymous_2)","decl":{"start":{"line":21,"column":18},"end":{"line":21,"column":19}},"loc":{"start":{"line":21,"column":44},"end":{"line":21,"column":61}}},"3":{"name":"(anonymous_3)","decl":{"start":{"line":23,"column":10},"end":{"line":23,"column":20}},"loc":{"start":{"line":23,"column":24},"end":{"line":23,"column":74}}}},"branchMap":{"0":{"loc":{"start":{"line":10,"column":9},"end":{"line":10,"column":47}},"type":"binary-expr","locations":[{"start":{"line":10,"column":9},"end":{"line":10,"column":34}},{"start":{"line":10,"column":38},"end":{"line":10,"column":47}}]}},"s":{"0":12,"1":12,"2":60,"3":12,"4":1,"5":39,"6":36,"7":12},"f":{"0":60,"1":1,"2":39,"3":36},"b":{"0":[60,15]}}
,"/private/tmp/oracle-src/class-validator/src/decorator/number/IsPositive.ts": {"path":"/private/tmp/oracle-src/class-validator/src/decorator/number/IsPositive.ts","statementMap":{"0":{"start":{"line":2,"column":0},"end":{"line":2,"column":64}},"1":{"start":{"line":4,"column":13},"end":{"line":4,"column":40}},"2":{"start":{"line":10,"column":2},"end":{"line":10,"column":48}},"3":{"start":{"line":9,"column":0},"end":{"line":9,"column":16}},"4":{"start":{"line":17,"column":2},"end":{"line":29,"column":4}},"5":{"start":{"line":21,"column":44},"end":{"line":21,"column":61}},"6":{"start":{"line":23,"column":24},"end":{"line":23,"column":74}},"7":{"start":{"line":16,"column":0},"end":{"line":16,"column":16}}},"fnMap":{"0":{"name":"isPositive","decl":{"start":{"line":9,"column":16},"end":{"line":9,"column":26}},"loc":{"start":{"line":9,"column":41},"end":{"line":11,"column":1}}},"1":{"name":"IsPositive","decl":{"start":{"line":16,"column":16},"end":{"line":16,"column":26}},"loc":{"start":{"line":16,"column":64},"end":{"line":30,"column":1}}},"2":{"name":"(anonymous_2)","decl":{"start":{"line":21,"column":18},"end":{"line":21,"column":19}},"loc":{"start":{"line":21,"column":44},"end":{"line":21,"column":61}}},"3":{"name":"(anonymous_3)","decl":{"start":{"line":23,"column":10},"end":{"line":23,"column":20}},"loc":{"start":{"line":23,"column":24},"end":{"line":23,"column":74}}}},"branchMap":{"0":{"loc":{"start":{"line":10,"column":9},"end":{"line":10,"column":47}},"type":"binary-expr","locations":[{"start":{"line":10,"column":9},"end":{"line":10,"column":34}},{"start":{"line":10,"column":38},"end":{"line":10,"column":47}}]}},"s":{"0":12,"1":12,"2":58,"3":12,"4":1,"5":38,"6":36,"7":12},"f":{"0":58,"1":1,"2":38,"3":36},"b":{"0":[58,13]}}
,"/private/tmp/oracle-src/class-validator/src/decorator/number/Max.ts": {"path":"/private/tmp/oracle-src/class-validator/src/decorator/number/Max.ts","statementMap":{"0":{"start":{"line":2,"column":0},"end":{"line":2,"column":64}},"1":{"start":{"line":4,"column":13},"end":{"line":4,"column":25}},"2":{"start":{"line":10,"column":2},"end":{"line":10,"column":74}},"3":{"start":{"line":9,"column":0},"end":{"line":9,"column":16}},"4":{"start":{"line":17,"column":2},"end":{"line":30,"column":4}},"5":{"start":{"line":22,"column":44},"end":{"line":22,"column":76}},"6":{"start":{"line":24,"column":24},"end":{"line":24,"column":86}},"7":{"start":{"line":16,"column":0},"end":{"line":16,"column":16}}},"fnMap":{"0":{"name":"max","decl":{"start":{"line":9,"column":16},"end":{"line":9,"column":19}},"loc":{"start":{"line":9,"column":45},"end":{"line":11,"column":1}}},"1":{"name":"Max","decl":{"start":{"line":16,"column":16},"end":{"line":16,"column":19}},"loc":{"start":{"line":16,"column":75},"end":{"line":31,"column":1}}},"2":{"name":"(anonymous_2)","decl":{"start":{"line":22,"column":18},"end":{"line":22,"column":19}},"loc":{"start":{"line":22,"column":44},"end":{"line":22,"column":76}}},"3":{"name":"(anonymous_3)","decl":{"start":{"line":24,"column":10},"end":{"line":24,"column":20}},"loc":{"start":{"line":24,"column":24},"end":{"line":24,"column":86}}}},"branchMap":{"0":{"loc":{"start":{"line":10,"column":9},"end":{"line":10,"column":73}},"type":"binary-expr","locations":[{"start":{"line":10,"column":9},"end":{"line":10,"column":32}},{"start":{"line":10,"column":36},"end":{"line":10,"column":59}},{"start":{"line":10,"column":63},"end":{"line":10,"column":73}}]},"1":{"loc":{"start":{"line":22,"column":55},"end":{"line":22,"column":75}},"type":"cond-expr","locations":[{"start":{"line":22,"column":59},"end":{"line":22,"column":61}},{"start":{"line":22,"column":55},"end":{"line":22,"column":75}}]},"2":{"loc":{"start":{"line":22,"column":55},"end":{"line":22,"column":61}},"type":"binary-expr","locations":[{"start":{"line":22,"column":55},"end":{"line":22,"column":61}},{"start":{"line":22,"column":55},"end":{"line":22,"column":61}}]}},"s":{"0":12,"1":12,"2":37,"3":12,"4":3,"5":22,"6":8,"7":12},"f":{"0":37,"1":3,"2":22,"3":8},"b":{"0":[37,37,37],"1":[0,22],"2":[22,22]}}
[...]
,"column":65},"end":{"line":355,"column":117}}]},"66":{"loc":{"start":{"line":357,"column":13},"end":{"line":363,"column":7}},"type":"if","locations":[{"start":{"line":357,"column":13},"end":{"line":363,"column":7}}]},"67":{"loc":{"start":{"line":358,"column":8},"end":{"line":360,"column":55}},"type":"binary-expr","locations":[{"start":{"line":358,"column":8},"end":{"line":358,"column":29}},{"start":{"line":359,"column":8},"end":{"line":359,"column":46}},{"start":{"line":360,"column":8},"end":{"line":360,"column":55}}]},"68":{"loc":{"start":{"line":360,"column":20},"end":{"line":360,"column":43}},"type":"binary-expr","locations":[{"start":{"line":360,"column":20},"end":{"line":360,"column":37}},{"start":{"line":360,"column":41},"end":{"line":360,"column":43}}]},"69":{"loc":{"start":{"line":365,"column":6},"end":{"line":377,"column":7}},"type":"if","locations":[{"start":{"line":365,"column":6},"end":{"line":377,"column":7}},{"start":{"line":371,"column":13},"end":{"line":377,"column":7}}]},"70":{"loc":{"start":{"line":365,"column":10},"end":{"line":365,"column":78}},"type":"binary-expr","locations":[{"start":{"line":365,"column":10},"end":{"line":365,"column":30}},{"start":{"line":365,"column":34},"end":{"line":365,"column":54}},{"start":{"line":365,"column":58},"end":{"line":365,"column":78}}]},"71":{"loc":{"start":{"line":367,"column":31},"end":{"line":367,"column":79}},"type":"cond-expr","locations":[{"start":{"line":367,"column":54},"end":{"line":367,"column":71}},{"start":{"line":367,"column":74},"end":{"line":367,"column":79}}]},"72":{"loc":{"start":{"line":371,"column":13},"end":{"line":377,"column":7}},"type":"if","locations":[{"start":{"line":371,"column":13},"end":{"line":377,"column":7}},{"start":{"line":374,"column":13},"end":{"line":377,"column":7}}]},"73":{"loc":{"start":{"line":372,"column":29},"end":{"line":372,"column":105}},"type":"cond-expr","locations":[{"start":{"line":372,"column":67},"end":{"line":372,"column":82}},{"start":{"line":372,"column":85},"end":{"line":372,"column":105}}]},"74":{"loc":{"start":{"line":383,"column":6},"end":{"line":399,"column":7}},"type":"if","locations":[{"start":{"line":383,"column":6},"end":{"line":399,"column":7}}]},"75":{"loc":{"start":{"line":385,"column":8},"end":{"line":388,"column":9}},"type":"if","locations":[{"start":{"line":385,"column":8},"end":{"line":388,"column":9}}]},"76":{"loc":{"start":{"line":392,"column":8},"end":{"line":398,"column":9}},"type":"if","locations":[{"start":{"line":392,"column":8},"end":{"line":398,"column":9}}]},"77":{"loc":{"start":{"line":393,"column":10},"end":{"line":395,"column":11}},"type":"if","locations":[{"start":{"line":393,"column":10},"end":{"line":395,"column":11}}]},"78":{"loc":{"start":{"line":397,"column":47},"end":{"line":397,"column":73}},"type":"binary-expr","locations":[{"start":{"line":397,"column":47},"end":{"line":397,"column":67}},{"start":{"line":397,"column":71},"end":{"line":397,"column":73}}]},"79":{"loc":{"start":{"line":409,"column":23},"end":{"line":409,"column":88}},"type":"cond-expr","locations":[{"start":{"line":409,"column":45},"end":{"line":409,"column":76}},{"start":{"line":409,"column":79},"end":{"line":409,"column":88}}]},"80":{"loc":{"start":{"line":419,"column":18},"end":{"line":419,"column":40}},"type":"binary-expr","locations":[{"start":{"line":419,"column":18},"end":{"line":419,"column":34}},{"start":{"line":419,"column":38},"end":{"line":419,"column":40}}]},"81":{"loc":{"start":{"line":420,"column":4},"end":{"line":427,"column":5}},"type":"if","locations":[{"start":{"line":420,"column":4},"end":{"line":427,"column":5}}]},"82":{"loc":{"start":{"line":421,"column":6},"end":{"line":422,"column":106}},"type":"binary-expr","locations":[{"start":{"line":421,"column":6},"end":{"line":421,"column":23}},{"start":{"line":422,"column":7},"end":{"line":422,"column":29}},{"start":{"line":422,"column":34},"end":{"line":422,"column":55}},{"start":{"line":422,"column":59},"end":{"line":422,"column":104}}]},"83":{"loc":{"start":{"line":424,"column":6},"end":{"line":426,"column":7}},"type":"if","locations":[{"start":{"line":424,"column":6},"end":{"line":426,"column":7}}]},"84":{"loc":{"start":{"line":424,"column":10},"end":{"line":424,"column":104}},"type":"binary-expr","locations":[{"start":{"line":424,"column":10},"end":{"line":424,"column":33}},{"start":{"line":424,"column":37},"end":{"line":424,"column":104}}]},"85":{"loc":{"start":{"line":434,"column":17},"end":{"line":434,"column":119}},"type":"cond-expr","locations":[{"start":{"line":434,"column":75},"end":{"line":434,"column":103}},{"start":{"line":434,"column":106},"end":{"line":434,"column":119}}]},"86":{"loc":{"start":{"line":434,"column":17},"end":{"line":434,"column":72}},"type":"binary-expr","locations":[{"start":{"line":434,"column":17},"end":{"line":434,"column":40}},{"start":{"line":434,"column":44},"end":{"line":434,"column":72}}]}},"s":{"0":12,"1":12,"2":12,"3":12,"4":12,"5":2418,"6":2418,"7":2418,"8":2418,"9":2418,"10":2443,"11":0,"12":2443,"13":2443,"14":2443,"15":2443,"16":2443,"17":2443,"18":2443,"19":4,"20":4,"21":4,"22":4,"23":4,"24":4,"25":4,"26":4,"27":4,"28":2439,"29":3,"30":2439,"31":2501,"32":2501,"33":2531,"34":2501,"35":2531,"36":2501,"37":6,"38":3,"39":3,"40":2498,"41":3,"42":3,"43":6,"44":3,"45":3,"46":3,"47":1,"48":1,"49":1,"50":1,"51":1,"52":2,"53":2,"54":4938,"55":2521,"56":2520,"57":2521,"58":695,"59":664,"60":31,"61":1857,"62":2516,"63":2497,"64":2516,"65":2497,"66":2516,"67":2497,"68":2516,"69":2516,"70":2516,"71":2516,"72":9,"73":2507,"74":2507,"75":2507,"76":1,"77":2506,"78":1,"79":2505,"80":2,"81":2503,"82":2503,"83":2503,"84":2503,"85":2517,"86":2517,"87":2516,"88":2517,"89":2517,"90":2517,"91":2517,"92":2517,"93":2517,"94":2516,"95":14,"96":14,"97":5010,"98":2480,"99":2471,"100":2471,"101":2480,"102":8,"103":8,"104":4,"105":2476,"106":2476,"107":4,"108":2472,"109":1,"110":2471,"111":2471,"112":2456,"113":2456,"114":1,"115":1,"116":1,"117":1,"118":1,"119":1,"120":1,"121":1,"122":1,"123":2455,"124":1810,"125":1810,"126":2456,"127":15,"128":15,"129":69,"130":15,"131":45,"132":15,"133":6,"134":30,"135":6,"136":6,"137":6,"138":6,"139":6,"140":6,"141":6,"142":0,"143":0,"144":0,"145":6,"146":6,"147":9,"148":15,"149":9,"150":6,"151":6,"152":2503,"153":259,"154":2244,"155":40,"156":0,"157":40,"158":1,"159":39,"160":10,"161":10,"162":15,"163":29,"164":25,"165":25,"166":4,"167":4,"168":7513,"169":4964,"170":23,"171":22,"172":22,"173":23,"174":23,"175":19,"176":9,"177":19,"178":1827,"179":1827,"180":1827,"181":1827,"182":1827,"183":1793,"184":1784,"185":1827,"186":1827,"187":1850,"188":1850,"189":12},"f":{"0":2418,"1":2443,"2":2501,"3":2531,"4":2531,"5":6,"6":3,"7":3,"8":6,"9":1,"10":2,"11":4938,"12":2521,"13":2516,"14":2497,"15":2497,"16":2497,"17":2517,"18":2516,"19":14,"20":14,"21":5010,"22":2480,"23":2471,"24":2476,"25":1,"26":69,"27":45,"28":30,"29":6,"30":6,"31":15,"32":2503,"33":40,"34":15,"35":7513,"36":4964,"37":1827,"38":1850},"b":{"0":[0],"1":[2443,0],"2":[0,0],"3":[0,0],"4":[91,2352],"5":[2443,91,2439],"6":[2443,91,2439],"7":[2443,2],"8":[2352,91],"9":[2443,2443],"10":[4],"11":[2443,2442],"12":[4],"13":[4,3,0,0],"14":[3],"15":[2439,88],"16":[2531,2483],"17":[3,2498],"18":[2501,3],"19":[3],"20":[6,3],"21":[3],"22":[1,2],"23":[3,3],"24":[2520],"25":[695],"26":[664,31],"27":[9],"28":[1],"29":[2507,261,20],"30":[1],"31":[2506,228,3],"32":[2],"33":[2505,2278,487,21],"34":[2516],"35":[2517,114,1,1],"36":[2517],"37":[2517,114,1,0],"38":[14,14],"39":[2471,0],"40":[8],"41":[4],"42":[4],"43":[2476,10],"44":[1],"45":[2472,105,4],"46":[4,0],"47":[2456],"48":[2471,15],"49":[15,10,5],"50":[1,2455],"51":[1],"52":[1],"53":[1],"54":[1,1],"55":[1810],"56":[6],"57":[21,9],"58":[6],"59":[0],"60":[0],"61":[0,0],"62":[6],"63":[259],"64":[0,40],"65":[40,0],"66":[1],"67":[40,10,3],"68":[3,0],"69":[10,29],"70":[39,31,30],"71":[1,9],"72":[25,4],"73":[0,25],"74":[23],"75":[22],"76":[19],"77":[9],"78":[19,10],"79":[1827,0],"80":[1827,1793],"81":[1793],"82":[1827,1793,46,46],"83":[1784],"84":[1793,1793],"85":[1844,6],"86":[1850,1845]}}
,"/private/tmp/oracle-src/class-validator/src/validation/ValidationTypes.ts": {"path":"/private/tmp/oracle-src/class-validator/src/validation/ValidationTypes.ts","statementMap":{"0":{"start":{"line":17,"column":4},"end":{"line":23,"column":6}},"1":{"start":{"line":21,"column":21},"end":{"line":21,"column":38}},"2":{"start":{"line":4,"column":0},"end":{"line":4,"column":13}},"3":{"start":{"line":6,"column":9},"end":{"line":6,"column":48}},"4":{"start":{"line":7,"column":9},"end":{"line":7,"column":48}},"5":{"start":{"line":8,"column":9},"end":{"line":8,"column":50}},"6":{"start":{"line":9,"column":9},"end":{"line":9,"column":58}},"7":{"start":{"line":10,"column":9},"end":{"line":10,"column":43}},"8":{"start":{"line":11,"column":9},"end":{"line":11,"column":34}}},"fnMap":{"0":{"name":"(anonymous_0)","decl":{"start":{"line":16,"column":2},"end":{"line":16,"column":8}},"loc":{"start":{"line":16,"column":29},"end":{"line":24,"column":3}}},"1":{"name":"(anonymous_1)","decl":{"start":{"line":21,"column":13},"end":{"line":21,"column":16}},"loc":{"start":{"line":21,"column":21},"end":{"line":21,"column":38}}}},"branchMap":{"0":{"loc":{"start":{"line":18,"column":6},"end":{"line":22,"column":29}},"type":"binary-expr","locations":[{"start":{"line":18,"column":6},"end":{"line":18,"column":24}},{"start":{"line":19,"column":6},"end":{"line":19,"column":27}},{"start":{"line":20,"column":6},"end":{"line":22,"column":29}}]}},"s":{"0":222,"1":1332,"2":14,"3":14,"4":14,"5":14,"6":14,"7":14,"8":14},"f":{"0":222,"1":1332},"b":{"0":[222,222,222]}}
,"/private/tmp/oracle-src/class-validator/src/validation/ValidationUtils.ts": {"path":"/private/tmp/oracle-src/class-validator/src/validation/ValidationUtils.ts","statementMap":{"0":{"start":{"line":7,"column":2},"end":{"line":9,"column":3}},"1":{"start":{"line":8,"column":4},"end":{"line":8,"column":33}},"2":{"start":{"line":11,"column":2},"end":{"line":13,"column":3}},"3":{"start":{"line":12,"column":4},"end":{"line":12,"column":40}},"4":{"start":{"line":15,"column":2},"end":{"line":15,"column":25}},"5":{"start":{"line":6,"column":0},"end":{"line":6,"column":16}},"6":{"start":{"line":24,"column":4},"end":{"line":28,"column":5}},"7":{"start":{"line":25,"column":6},"end":{"line":25,"column":94}},"8":{"start":{"line":26,"column":11},"end":{"line":28,"column":5}},"9":{"start":{"line":27,"column":6},"end":{"line":27,"column":30}},"10":{"start":{"line":30,"column":4},"end":{"line":37,"column":5}},"11":{"start":{"line":31,"column":6},"end":{"line":36,"column":9}},"12":{"start":{"line":32,"column":8},"end":{"line":35,"column":10}},"13":{"start":{"line":39,"column":4},"end":{"line":45,"column":83}},"14":{"start":{"line":45,"column":6},"end":{"line":45,"column":83}},"15":{"start":{"line":46,"column":4},"end":{"line":46,"column":106}},"16":{"start":{"line":46,"column":23},"end":{"line":46,"column":106}},"17":{"start":{"line":47,"column":4},"end":{"line":47,"column":106}},"18":{"start":{"line":47,"column":23},"end":{"line":47,"column":106}},"19":{"start":{"line":49,"column":4},"end":{"line":49,"column":25}},"20":{"start":{"line":18,"column":0},"end":{"line":18,"column":13}}},"fnMap":{"0":{"name":"constraintToString","decl":{"start":{"line":6,"column":16},"end":{"line":6,"column":34}},"loc":{"start":{"line":6,"column":54},"end":{"line":16,"column":1}}},"1":{"name":"(anonymous_1)","decl":{"start":{"line":19,"column":2},"end":{"line":19,"column":8}},"loc":{"start":{"line":21,"column":44},"end":{"line":50,"column":3}}},"2":{"name":"(anonymous_2)","decl":{"start":{"line":31,"column":46},"end":{"line":31,"column":47}},"loc":{"start":{"line":31,"column":68},"end":{"line":36,"column":7}}}},"branchMap":{"0":{"loc":{"start":{"line":7,"column":2},"end":{"line":9,"column":3}},"type":"if","locations":[{"start":{"line":7,"column":2},"end":{"line":9,"column":3}}]},"1":{"loc":{"start":{"line":11,"column":2},"end":{"line":13,"column":3}},"type":"if","locations":[{"start":{"line":11,"column":2},"end":{"line":13,"column":3}}]},"2":{"loc":{"start":{"line":24,"column":4},"end":{"line":28,"column":5}},"type":"if","locations":[{"start":{"line":24,"column":4},"end":{"line":28,"column":5}},{"start":{"line":26,"column":11},"end":{"line":28,"column":5}}]},"3":{"loc":{"start":{"line":26,"column":11},"end":{"line":28,"column":5}},"type":"if","locations":[{"start":{"line":26,"column":11},"end":{"line":28,"column":5}}]},"4":{"loc":{"start":{"line":30,"column":4},"end":{"line":37,"column":5}},"type":"if","locations":[{"start":{"line":30,"column":4},"end":{"line":37,"column":5}}]},"5":{"loc":{"start":{"line":30,"column":8},"end":{"line":30,"column":71}},"type":"binary-expr","locations":[{"start":{"line":30,"column":8},"end":{"line":30,"column":21}},{"start":{"line":30,"column":25},"end":{"line":30,"column":71}}]},"6":{"loc":{"start":{"line":39,"column":4},"end":{"line":45,"column":83}},"type":"if","locations":[{"start":{"line":39,"column":4},"end":{"line":45,"column":83}}]},"7":{"loc":{"start":{"line":40,"column":6},"end":{"line":43,"column":80}},"type":"binary-expr","locations":[{"start":{"line":40,"column":6},"end":{"line":40,"column":19}},{"start":{"line":41,"column":6},"end":{"line":41,"column":45}},{"start":{"line":42,"column":6},"end":{"line":42,"column":40}},{"start":{"line":43,"column":6},"end":{"line":43,"column":80}}]},"8":{"loc":{"start":{"line":46,"column":4},"end":{"line":46,"column":106}},"type":"if","locations":[{"start":{"line":46,"column":4},"end":{"line":46,"column":106}}]},"9":{"loc":{"start":{"line":47,"column":4},"end":{"line":47,"column":106}},"type":"if","locations":[{"start":{"line":47,"column":4},"end":{"line":47,"column":106}}]}},"s":{"0":1357,"1":75,"2":1282,"3":1,"4":1282,"5":12,"6":1827,"7":1,"8":1826,"9":1826,"10":1827,"11":1264,"12":1332,"13":1827,"14":1266,"15":1827,"16":1818,"17":1827,"18":1818,"19":1827,"20":12},"f":{"0":1357,"1":1827,"2":1332},"b":{"0":[75],"1":[1],"2":[1,1826],"3":[1826],"4":[1264],"5":[1827,1818],"6":[1266],"7":[1827,1818,1560,1333],"8":[1818],"9":[1818]}}
,"/private/tmp/oracle-src/class-validator/src/validation/Validator.ts": {"path":"/private/tmp/oracle-src/class-validator/src/validation/Validator.ts","statementMap":{"0":{"start":{"line":3,"column":0},"end":{"line":3,"column":58}},"1":{"start":{"line":32,"column":4},"end":{"line":32,"column":99}},"2":{"start":{"line":53,"column":19},"end":{"line":53,"column":112}},"3":{"start":{"line":54,"column":4},"end":{"line":54,"column":53}},"4":{"start":{"line":54,"column":23},"end":{"line":54,"column":53}},"5":{"start":{"line":76,"column":19},"end":{"line":76,"column":118}},"6":{"start":{"line":78,"column":6},"end":{"line":78,"column":119}},"7":{"start":{"line":79,"column":19},"end":{"line":79,"column":90}},"8":{"start":{"line":81,"column":21},"end":{"line":81,"column":58}},"9":{"start":{"line":82,"column":4},"end":{"line":82,"column":43}},"10":{"start":{"line":83,"column":48},"end":{"line":83,"column":50}},"11":{"start":{"line":84,"column":4},"end":{"line":84,"column":55}},"12":{"start":{"line":85,"column":4},"end":{"line":85,"column":55}},"13":{"start":{"line":100,"column":19},"end":{"line":100,"column":118}},"14":{"start":{"line":102,"column":6},"end":{"line":102,"column":119}},"15":{"start":{"line":103,"column":19},"end":{"line":103,"column":90}},"16":{"start":{"line":105,"column":21},"end":{"line":105,"column":58}},"17":{"start":{"line":106,"column":48},"end":{"line":106,"column":50}},"18":{"start":{"line":107,"column":4},"end":{"line":107,"column":55}},"19":{"start":{"line":109,"column":4},"end":{"line":111,"column":7}},"20":{"start":{"line":110,"column":6},"end":{"line":110,"column":57}},"21":{"start":{"line":9,"column":0},"end":{"line":9,"column":13}}},"fnMap":{"0":{"name":"(anonymous_0)","decl":{"start":{"line":27,"column":2},"end":{"line":27,"column":10}},"loc":{"start":{"line":30,"column":44},"end":{"line":33,"column":3}}},"1":{"name":"(anonymous_1)","decl":{"start":{"line":48,"column":2},"end":{"line":48,"column":7}},"loc":{"start":{"line":51,"column":44},"end":{"line":55,"column":3}}},"2":{"name":"(anonymous_2)","decl":{"start":{"line":71,"column":2},"end":{"line":71,"column":14}},"loc":{"start":{"line":74,"column":44},"end":{"line":86,"column":3}}},"3":{"name":"(anonymous_3)","decl":{"start":{"line":95,"column":10},"end":{"line":95,"column":22}},"loc":{"start":{"line":98,"column":44},"end":{"line":112,"column":3}}},"4":{"name":"(anonymous_4)","decl":{"start":{"line":109,"column":55},"end":{"line":109,"column":58}},"loc":{"start":{"line":109,"column":60},"end":{"line":111,"column":5}}}},"branchMap":{"0":{"loc":{"start":{"line":54,"column":4},"end":{"line":54,"column":53}},"type":"if","locations":[{"start":{"line":54,"column":4},"end":{"line":54,"column":53}}]},"1":{"loc":{"start":{"line":76,"column":19},"end":{"line":76,"column":118}},"type":"cond-expr","locations":[{"start":{"line":76,"column":61},"end":{"line":76,"column":97}},{"start":{"line":76,"column":100},"end":{"line":76,"column":118}}]},"2":{"loc":{"start":{"line":78,"column":6},"end":{"line":78,"column":119}},"type":"cond-expr","locations":[{"start":{"line":78,"column":47},"end":{"line":78,"column":68}},{"start":{"line":78,"column":72},"end":{"line":78,"column":119}}]},"3":{"loc":{"start":{"line":79,"column":19},"end":{"line":79,"column":90}},"type":"cond-expr","locations":[{"start":{"line":79,"column":60},"end":{"line":79,"column":78}},{"start":{"line":79,"column":81},"end":{"line":79,"column":90}}]},"4":{"loc":{"start":{"line":100,"column":19},"end":{"line":100,"column":118}},"type":"cond-expr","locations":[{"start":{"line":100,"column":61},"end":{"line":100,"column":97}},{"start":{"line":100,"column":100},"end":{"line":100,"column":118}}]},"5":{"loc":{"start":{"line":102,"column":6},"end":{"line":102,"column":119}},"type":"cond-expr","locations":[{"start":{"line":102,"column":47},"end":{"line":102,"column":68}},{"start":{"line":102,"column":72},"end":{"line":102,"column":119}}]},"6":{"loc":{"start":{"line":103,"column":19},"end":{"line":103,"column":90}},"type":"cond-expr","locations":[{"start":{"line":103,"column":60},"end":{"line":103,"column":78}},{"start":{"line":103,"column":81},"end":{"line":103,"column":90}}]}},"s":{"0":12,"1":2414,"2":2,"3":2,"4":1,"5":2,"6":2,"7":2,"8":2,"9":2,"10":2,"11":2,"12":2,"13":2416,"14":2416,"15":2416,"16":2416,"17":2416,"18":2416,"19":2416,"20":2416,"21":12},"f":{"0":2414,"1":2,"2":2,"3":2416,"4":2416},"b":{"0":[1],"1":[0,2],"2":[0,2],"3":[0,2],"4":[0,2416],"5":[0,2416],"6":[0,2416]}}
,"/private/tmp/oracle-src/class-validator/src/validation-schema/ValidationSchemaToMetadataTransformer.ts": {"path":"/private/tmp/oracle-src/class-validator/src/validation-schema/ValidationSchemaToMetadataTransformer.ts","statementMap":{"0":{"start":{"line":2,"column":0},"end":{"line":2,"column":68}},"1":{"start":{"line":11,"column":44},"end":{"line":11,"column":46}},"2":{"start":{"line":12,"column":4},"end":{"line":31,"column":7}},"3":{"start":{"line":13,"column":6},"end":{"line":30,"column":9}},"4":{"start":{"line":14,"column":53},"end":{"line":19,"column":10}},"5":{"start":{"line":20,"column":45},"end":{"line":28,"column":10}},"6":{"start":{"line":29,"column":8},"end":{"line":29,"column":53}},"7":{"start":{"line":32,"column":4},"end":{"line":32,"column":21}},"8":{"start":{"line":9,"column":0},"end":{"line":9,"column":13}}},"fnMap":{"0":{"name":"(anonymous_0)","decl":{"start":{"line":10,"column":2},"end":{"line":10,"column":11}},"loc":{"start":{"line":10,"column":36},"end":{"line":33,"column":3}}},"1":{"name":"(anonymous_1)","decl":{"start":{"line":12,"column":43},"end":{"line":12,"column":51}},"loc":{"start":{"line":12,"column":54},"end":{"line":31,"column":5}}},"2":{"name":"(anonymous_2)","decl":{"start":{"line":13,"column":42},"end":{"line":13,"column":52}},"loc":{"start":{"line":13,"column":55},"end":{"line":30,"column":7}}}},"branchMap":{},"s":{"0":14,"1":0,"2":0,"3":0,"4":0,"5":0,"6":0,"7":0,"8":14},"f":{"0":0,"1":0,"2":0},"b":{}}
}
